{"D:\\mystudy-material\\eIRed-todo-Ass\\node-assingment-todo-final-2 (1)\\node-assingment-todo\\build\\src\\src\\app.js": {"path":"D:\\mystudy-material\\eIRed-todo-Ass\\node-assingment-todo-final-2 (1)\\node-assingment-todo\\build\\src\\src\\app.js","statementMap":{"0":{"start":{"line":2,"column":16},"end":{"line":10,"column":1}},"1":{"start":{"line":3,"column":28},"end":{"line":3,"column":110}},"2":{"start":{"line":3,"column":91},"end":{"line":3,"column":106}},"3":{"start":{"line":4,"column":4},"end":{"line":9,"column":7}},"4":{"start":{"line":5,"column":36},"end":{"line":5,"column":97}},"5":{"start":{"line":5,"column":42},"end":{"line":5,"column":70}},"6":{"start":{"line":5,"column":85},"end":{"line":5,"column":95}},"7":{"start":{"line":6,"column":35},"end":{"line":6,"column":100}},"8":{"start":{"line":6,"column":41},"end":{"line":6,"column":73}},"9":{"start":{"line":6,"column":88},"end":{"line":6,"column":98}},"10":{"start":{"line":7,"column":32},"end":{"line":7,"column":116}},"11":{"start":{"line":8,"column":8},"end":{"line":8,"column":78}},"12":{"start":{"line":11,"column":0},"end":{"line":11,"column":62}},"13":{"start":{"line":12,"column":29},"end":{"line":12,"column":58}},"14":{"start":{"line":13,"column":0},"end":{"line":13,"column":36}},"15":{"start":{"line":14,"column":15},"end":{"line":14,"column":32}},"16":{"start":{"line":15,"column":0},"end":{"line":15,"column":16}},"17":{"start":{"line":16,"column":0},"end":{"line":16,"column":28}},"18":{"start":{"line":17,"column":16},"end":{"line":17,"column":34}},"19":{"start":{"line":18,"column":17},"end":{"line":18,"column":39}},"20":{"start":{"line":19,"column":17},"end":{"line":19,"column":36}},"21":{"start":{"line":20,"column":13},"end":{"line":20,"column":28}},"22":{"start":{"line":21,"column":17},"end":{"line":21,"column":36}},"23":{"start":{"line":22,"column":24},"end":{"line":22,"column":57}},"24":{"start":{"line":23,"column":17},"end":{"line":23,"column":36}},"25":{"start":{"line":24,"column":19},"end":{"line":24,"column":40}},"26":{"start":{"line":29,"column":4},"end":{"line":67,"column":7}},"27":{"start":{"line":31,"column":8},"end":{"line":36,"column":9}},"28":{"start":{"line":32,"column":12},"end":{"line":35,"column":15}},"29":{"start":{"line":33,"column":16},"end":{"line":33,"column":84}},"30":{"start":{"line":34,"column":16},"end":{"line":34,"column":23}},"31":{"start":{"line":37,"column":8},"end":{"line":37,"column":49}},"32":{"start":{"line":38,"column":8},"end":{"line":38,"column":41}},"33":{"start":{"line":40,"column":8},"end":{"line":43,"column":9}},"34":{"start":{"line":47,"column":8},"end":{"line":47,"column":37}},"35":{"start":{"line":51,"column":8},"end":{"line":53,"column":9}},"36":{"start":{"line":52,"column":12},"end":{"line":52,"column":47}},"37":{"start":{"line":57,"column":8},"end":{"line":57,"column":45}},"38":{"start":{"line":58,"column":8},"end":{"line":58,"column":69}},"39":{"start":{"line":62,"column":8},"end":{"line":62,"column":48}},"40":{"start":{"line":66,"column":8},"end":{"line":66,"column":55}},"41":{"start":{"line":70,"column":0},"end":{"line":70,"column":35}},"42":{"start":{"line":72,"column":0},"end":{"line":79,"column":3}},"43":{"start":{"line":74,"column":4},"end":{"line":74,"column":42}},"44":{"start":{"line":77,"column":4},"end":{"line":77,"column":62}},"45":{"start":{"line":78,"column":4},"end":{"line":78,"column":55}}},"fnMap":{"0":{"name":"(anonymous_0)","decl":{"start":{"line":2,"column":44},"end":{"line":2,"column":45}},"loc":{"start":{"line":2,"column":89},"end":{"line":10,"column":1}},"line":2},"1":{"name":"adopt","decl":{"start":{"line":3,"column":13},"end":{"line":3,"column":18}},"loc":{"start":{"line":3,"column":26},"end":{"line":3,"column":112}},"line":3},"2":{"name":"(anonymous_2)","decl":{"start":{"line":3,"column":70},"end":{"line":3,"column":71}},"loc":{"start":{"line":3,"column":89},"end":{"line":3,"column":108}},"line":3},"3":{"name":"(anonymous_3)","decl":{"start":{"line":4,"column":36},"end":{"line":4,"column":37}},"loc":{"start":{"line":4,"column":63},"end":{"line":9,"column":5}},"line":4},"4":{"name":"fulfilled","decl":{"start":{"line":5,"column":17},"end":{"line":5,"column":26}},"loc":{"start":{"line":5,"column":34},"end":{"line":5,"column":99}},"line":5},"5":{"name":"rejected","decl":{"start":{"line":6,"column":17},"end":{"line":6,"column":25}},"loc":{"start":{"line":6,"column":33},"end":{"line":6,"column":102}},"line":6},"6":{"name":"step","decl":{"start":{"line":7,"column":17},"end":{"line":7,"column":21}},"loc":{"start":{"line":7,"column":30},"end":{"line":7,"column":118}},"line":7},"7":{"name":"bootstrap","decl":{"start":{"line":28,"column":9},"end":{"line":28,"column":18}},"loc":{"start":{"line":28,"column":21},"end":{"line":68,"column":1}},"line":28},"8":{"name":"(anonymous_8)","decl":{"start":{"line":29,"column":43},"end":{"line":29,"column":44}},"loc":{"start":{"line":29,"column":56},"end":{"line":67,"column":5}},"line":29},"9":{"name":"(anonymous_9)","decl":{"start":{"line":32,"column":33},"end":{"line":32,"column":34}},"loc":{"start":{"line":32,"column":54},"end":{"line":35,"column":13}},"line":32},"10":{"name":"(anonymous_10)","decl":{"start":{"line":73,"column":10},"end":{"line":73,"column":11}},"loc":{"start":{"line":73,"column":16},"end":{"line":75,"column":1}},"line":73},"11":{"name":"(anonymous_11)","decl":{"start":{"line":76,"column":11},"end":{"line":76,"column":12}},"loc":{"start":{"line":76,"column":22},"end":{"line":79,"column":1}},"line":76}},"branchMap":{"0":{"loc":{"start":{"line":2,"column":16},"end":{"line":10,"column":1}},"type":"binary-expr","locations":[{"start":{"line":2,"column":17},"end":{"line":2,"column":21}},{"start":{"line":2,"column":25},"end":{"line":2,"column":39}},{"start":{"line":2,"column":44},"end":{"line":10,"column":1}}],"line":2},"1":{"loc":{"start":{"line":3,"column":35},"end":{"line":3,"column":109}},"type":"cond-expr","locations":[{"start":{"line":3,"column":56},"end":{"line":3,"column":61}},{"start":{"line":3,"column":64},"end":{"line":3,"column":109}}],"line":3},"2":{"loc":{"start":{"line":4,"column":16},"end":{"line":4,"column":34}},"type":"binary-expr","locations":[{"start":{"line":4,"column":16},"end":{"line":4,"column":17}},{"start":{"line":4,"column":22},"end":{"line":4,"column":33}}],"line":4},"3":{"loc":{"start":{"line":7,"column":32},"end":{"line":7,"column":115}},"type":"cond-expr","locations":[{"start":{"line":7,"column":46},"end":{"line":7,"column":67}},{"start":{"line":7,"column":70},"end":{"line":7,"column":115}}],"line":7},"4":{"loc":{"start":{"line":8,"column":51},"end":{"line":8,"column":67}},"type":"binary-expr","locations":[{"start":{"line":8,"column":51},"end":{"line":8,"column":61}},{"start":{"line":8,"column":65},"end":{"line":8,"column":67}}],"line":8},"5":{"loc":{"start":{"line":31,"column":8},"end":{"line":36,"column":9}},"type":"if","locations":[{"start":{"line":31,"column":8},"end":{"line":36,"column":9}},{"start":{},"end":{}}],"line":31},"6":{"loc":{"start":{"line":40,"column":8},"end":{"line":43,"column":9}},"type":"if","locations":[{"start":{"line":40,"column":8},"end":{"line":43,"column":9}},{"start":{},"end":{}}],"line":40},"7":{"loc":{"start":{"line":51,"column":8},"end":{"line":53,"column":9}},"type":"if","locations":[{"start":{"line":51,"column":8},"end":{"line":53,"column":9}},{"start":{},"end":{}}],"line":51}},"s":{"0":1,"1":1,"2":0,"3":1,"4":1,"5":1,"6":0,"7":0,"8":0,"9":0,"10":2,"11":1,"12":1,"13":1,"14":1,"15":1,"16":1,"17":1,"18":1,"19":1,"20":1,"21":1,"22":1,"23":1,"24":1,"25":1,"26":1,"27":1,"28":1,"29":8,"30":8,"31":1,"32":1,"33":1,"34":1,"35":1,"36":1,"37":1,"38":1,"39":1,"40":1,"41":1,"42":1,"43":1,"44":0,"45":0},"f":{"0":1,"1":1,"2":0,"3":1,"4":1,"5":0,"6":2,"7":1,"8":1,"9":8,"10":1,"11":0},"b":{"0":[1,1,1],"1":[1,0],"2":[1,1],"3":[1,1],"4":[1,1],"5":[1,0],"6":[0,1],"7":[1,0]},"inputSourceMap":null,"_coverageSchema":"1a1c01bbd47fc00a2c39e90264f33305004495a9","hash":"843868d409961820aec731da4c8057a63811b3bc"}
,"D:\\mystudy-material\\eIRed-todo-Ass\\node-assingment-todo-final-2 (1)\\node-assingment-todo\\build\\src\\src\\constants.js": {"path":"D:\\mystudy-material\\eIRed-todo-Ass\\node-assingment-todo-final-2 (1)\\node-assingment-todo\\build\\src\\src\\constants.js","statementMap":{"0":{"start":{"line":2,"column":0},"end":{"line":2,"column":62}},"1":{"start":{"line":4,"column":0},"end":{"line":25,"column":48}},"2":{"start":{"line":5,"column":4},"end":{"line":5,"column":60}},"3":{"start":{"line":6,"column":4},"end":{"line":6,"column":66}},"4":{"start":{"line":7,"column":4},"end":{"line":7,"column":70}},"5":{"start":{"line":8,"column":4},"end":{"line":8,"column":72}},"6":{"start":{"line":9,"column":4},"end":{"line":9,"column":56}},"7":{"start":{"line":10,"column":4},"end":{"line":10,"column":62}},"8":{"start":{"line":11,"column":4},"end":{"line":11,"column":62}},"9":{"start":{"line":12,"column":4},"end":{"line":12,"column":58}},"10":{"start":{"line":13,"column":4},"end":{"line":13,"column":72}},"11":{"start":{"line":14,"column":4},"end":{"line":14,"column":66}},"12":{"start":{"line":15,"column":4},"end":{"line":15,"column":58}},"13":{"start":{"line":16,"column":4},"end":{"line":16,"column":93}},"14":{"start":{"line":17,"column":4},"end":{"line":17,"column":57}},"15":{"start":{"line":18,"column":4},"end":{"line":18,"column":67}},"16":{"start":{"line":19,"column":4},"end":{"line":19,"column":60}},"17":{"start":{"line":20,"column":4},"end":{"line":20,"column":80}},"18":{"start":{"line":21,"column":4},"end":{"line":21,"column":82}},"19":{"start":{"line":22,"column":4},"end":{"line":22,"column":66}},"20":{"start":{"line":23,"column":4},"end":{"line":23,"column":72}},"21":{"start":{"line":24,"column":4},"end":{"line":24,"column":72}},"22":{"start":{"line":26,"column":0},"end":{"line":26,"column":35}}},"fnMap":{"0":{"name":"(anonymous_0)","decl":{"start":{"line":4,"column":1},"end":{"line":4,"column":2}},"loc":{"start":{"line":4,"column":29},"end":{"line":25,"column":1}},"line":4}},"branchMap":{"0":{"loc":{"start":{"line":25,"column":3},"end":{"line":25,"column":46}},"type":"binary-expr","locations":[{"start":{"line":25,"column":3},"end":{"line":25,"column":19}},{"start":{"line":25,"column":24},"end":{"line":25,"column":45}}],"line":25}},"s":{"0":1,"1":1,"2":1,"3":1,"4":1,"5":1,"6":1,"7":1,"8":1,"9":1,"10":1,"11":1,"12":1,"13":1,"14":1,"15":1,"16":1,"17":1,"18":1,"19":1,"20":1,"21":1,"22":1},"f":{"0":1},"b":{"0":[1,1]},"inputSourceMap":null,"_coverageSchema":"1a1c01bbd47fc00a2c39e90264f33305004495a9","hash":"a91641ebd6e4ed315d30470523ab783fd7cfb8e4"}
,"D:\\mystudy-material\\eIRed-todo-Ass\\node-assingment-todo-final-2 (1)\\node-assingment-todo\\build\\src\\src\\database.js": {"path":"D:\\mystudy-material\\eIRed-todo-Ass\\node-assingment-todo-final-2 (1)\\node-assingment-todo\\build\\src\\src\\database.js","statementMap":{"0":{"start":{"line":2,"column":16},"end":{"line":10,"column":1}},"1":{"start":{"line":3,"column":28},"end":{"line":3,"column":110}},"2":{"start":{"line":3,"column":91},"end":{"line":3,"column":106}},"3":{"start":{"line":4,"column":4},"end":{"line":9,"column":7}},"4":{"start":{"line":5,"column":36},"end":{"line":5,"column":97}},"5":{"start":{"line":5,"column":42},"end":{"line":5,"column":70}},"6":{"start":{"line":5,"column":85},"end":{"line":5,"column":95}},"7":{"start":{"line":6,"column":35},"end":{"line":6,"column":100}},"8":{"start":{"line":6,"column":41},"end":{"line":6,"column":73}},"9":{"start":{"line":6,"column":88},"end":{"line":6,"column":98}},"10":{"start":{"line":7,"column":32},"end":{"line":7,"column":116}},"11":{"start":{"line":8,"column":8},"end":{"line":8,"column":78}},"12":{"start":{"line":11,"column":0},"end":{"line":11,"column":62}},"13":{"start":{"line":12,"column":0},"end":{"line":12,"column":20}},"14":{"start":{"line":13,"column":18},"end":{"line":13,"column":36}},"15":{"start":{"line":14,"column":17},"end":{"line":14,"column":36}},"16":{"start":{"line":15,"column":13},"end":{"line":15,"column":28}},"17":{"start":{"line":24,"column":8},"end":{"line":24,"column":32}},"18":{"start":{"line":25,"column":8},"end":{"line":25,"column":49}},"19":{"start":{"line":26,"column":8},"end":{"line":26,"column":46}},"20":{"start":{"line":27,"column":8},"end":{"line":27,"column":46}},"21":{"start":{"line":28,"column":8},"end":{"line":28,"column":48}},"22":{"start":{"line":31,"column":8},"end":{"line":50,"column":11}},"23":{"start":{"line":32,"column":12},"end":{"line":35,"column":13}},"24":{"start":{"line":33,"column":16},"end":{"line":33,"column":68}},"25":{"start":{"line":34,"column":16},"end":{"line":34,"column":23}},"26":{"start":{"line":36,"column":38},"end":{"line":36,"column":51}},"27":{"start":{"line":37,"column":34},"end":{"line":37,"column":53}},"28":{"start":{"line":38,"column":37},"end":{"line":38,"column":63}},"29":{"start":{"line":39,"column":12},"end":{"line":39,"column":86}},"30":{"start":{"line":40,"column":27},"end":{"line":46,"column":14}},"31":{"start":{"line":47,"column":12},"end":{"line":47,"column":51}},"32":{"start":{"line":48,"column":12},"end":{"line":48,"column":66}},"33":{"start":{"line":49,"column":12},"end":{"line":49,"column":66}},"34":{"start":{"line":53,"column":8},"end":{"line":58,"column":11}},"35":{"start":{"line":54,"column":12},"end":{"line":57,"column":13}},"36":{"start":{"line":55,"column":16},"end":{"line":55,"column":87}},"37":{"start":{"line":56,"column":16},"end":{"line":56,"column":44}},"38":{"start":{"line":67,"column":8},"end":{"line":69,"column":9}},"39":{"start":{"line":68,"column":12},"end":{"line":68,"column":56}},"40":{"start":{"line":70,"column":8},"end":{"line":70,"column":54}},"41":{"start":{"line":77,"column":20},"end":{"line":77,"column":40}},"42":{"start":{"line":78,"column":8},"end":{"line":80,"column":9}},"43":{"start":{"line":79,"column":12},"end":{"line":79,"column":35}},"44":{"start":{"line":81,"column":8},"end":{"line":83,"column":9}},"45":{"start":{"line":82,"column":12},"end":{"line":82,"column":121}},"46":{"start":{"line":84,"column":8},"end":{"line":92,"column":9}},"47":{"start":{"line":85,"column":28},"end":{"line":85,"column":96}},"48":{"start":{"line":86,"column":12},"end":{"line":86,"column":84}},"49":{"start":{"line":87,"column":12},"end":{"line":87,"column":53}},"50":{"start":{"line":88,"column":12},"end":{"line":88,"column":50}},"51":{"start":{"line":89,"column":12},"end":{"line":89,"column":50}},"52":{"start":{"line":90,"column":12},"end":{"line":90,"column":52}},"53":{"start":{"line":91,"column":12},"end":{"line":91,"column":121}},"54":{"start":{"line":93,"column":8},"end":{"line":93,"column":59}},"55":{"start":{"line":96,"column":8},"end":{"line":96,"column":25}},"56":{"start":{"line":99,"column":8},"end":{"line":99,"column":29}},"57":{"start":{"line":102,"column":8},"end":{"line":102,"column":25}},"58":{"start":{"line":105,"column":8},"end":{"line":105,"column":27}},"59":{"start":{"line":108,"column":8},"end":{"line":108,"column":60}},"60":{"start":{"line":111,"column":0},"end":{"line":111,"column":28}},"61":{"start":{"line":112,"column":0},"end":{"line":112,"column":29}}},"fnMap":{"0":{"name":"(anonymous_0)","decl":{"start":{"line":2,"column":44},"end":{"line":2,"column":45}},"loc":{"start":{"line":2,"column":89},"end":{"line":10,"column":1}},"line":2},"1":{"name":"adopt","decl":{"start":{"line":3,"column":13},"end":{"line":3,"column":18}},"loc":{"start":{"line":3,"column":26},"end":{"line":3,"column":112}},"line":3},"2":{"name":"(anonymous_2)","decl":{"start":{"line":3,"column":70},"end":{"line":3,"column":71}},"loc":{"start":{"line":3,"column":89},"end":{"line":3,"column":108}},"line":3},"3":{"name":"(anonymous_3)","decl":{"start":{"line":4,"column":36},"end":{"line":4,"column":37}},"loc":{"start":{"line":4,"column":63},"end":{"line":9,"column":5}},"line":4},"4":{"name":"fulfilled","decl":{"start":{"line":5,"column":17},"end":{"line":5,"column":26}},"loc":{"start":{"line":5,"column":34},"end":{"line":5,"column":99}},"line":5},"5":{"name":"rejected","decl":{"start":{"line":6,"column":17},"end":{"line":6,"column":25}},"loc":{"start":{"line":6,"column":33},"end":{"line":6,"column":102}},"line":6},"6":{"name":"step","decl":{"start":{"line":7,"column":17},"end":{"line":7,"column":21}},"loc":{"start":{"line":7,"column":30},"end":{"line":7,"column":118}},"line":7},"7":{"name":"(anonymous_7)","decl":{"start":{"line":23,"column":4},"end":{"line":23,"column":5}},"loc":{"start":{"line":23,"column":18},"end":{"line":29,"column":5}},"line":23},"8":{"name":"(anonymous_8)","decl":{"start":{"line":30,"column":4},"end":{"line":30,"column":5}},"loc":{"start":{"line":30,"column":14},"end":{"line":51,"column":5}},"line":30},"9":{"name":"(anonymous_9)","decl":{"start":{"line":31,"column":47},"end":{"line":31,"column":48}},"loc":{"start":{"line":31,"column":60},"end":{"line":50,"column":9}},"line":31},"10":{"name":"(anonymous_10)","decl":{"start":{"line":52,"column":4},"end":{"line":52,"column":5}},"loc":{"start":{"line":52,"column":17},"end":{"line":59,"column":5}},"line":52},"11":{"name":"(anonymous_11)","decl":{"start":{"line":53,"column":47},"end":{"line":53,"column":48}},"loc":{"start":{"line":53,"column":60},"end":{"line":58,"column":9}},"line":53},"12":{"name":"(anonymous_12)","decl":{"start":{"line":66,"column":4},"end":{"line":66,"column":5}},"loc":{"start":{"line":66,"column":24},"end":{"line":71,"column":5}},"line":66},"13":{"name":"(anonymous_13)","decl":{"start":{"line":76,"column":4},"end":{"line":76,"column":5}},"loc":{"start":{"line":76,"column":26},"end":{"line":94,"column":5}},"line":76},"14":{"name":"(anonymous_14)","decl":{"start":{"line":95,"column":4},"end":{"line":95,"column":5}},"loc":{"start":{"line":95,"column":16},"end":{"line":97,"column":5}},"line":95},"15":{"name":"(anonymous_15)","decl":{"start":{"line":98,"column":4},"end":{"line":98,"column":5}},"loc":{"start":{"line":98,"column":20},"end":{"line":100,"column":5}},"line":98},"16":{"name":"(anonymous_16)","decl":{"start":{"line":101,"column":4},"end":{"line":101,"column":5}},"loc":{"start":{"line":101,"column":16},"end":{"line":103,"column":5}},"line":101},"17":{"name":"(anonymous_17)","decl":{"start":{"line":104,"column":4},"end":{"line":104,"column":5}},"loc":{"start":{"line":104,"column":16},"end":{"line":106,"column":5}},"line":104},"18":{"name":"(anonymous_18)","decl":{"start":{"line":107,"column":4},"end":{"line":107,"column":5}},"loc":{"start":{"line":107,"column":20},"end":{"line":109,"column":5}},"line":107}},"branchMap":{"0":{"loc":{"start":{"line":2,"column":16},"end":{"line":10,"column":1}},"type":"binary-expr","locations":[{"start":{"line":2,"column":17},"end":{"line":2,"column":21}},{"start":{"line":2,"column":25},"end":{"line":2,"column":39}},{"start":{"line":2,"column":44},"end":{"line":10,"column":1}}],"line":2},"1":{"loc":{"start":{"line":3,"column":35},"end":{"line":3,"column":109}},"type":"cond-expr","locations":[{"start":{"line":3,"column":56},"end":{"line":3,"column":61}},{"start":{"line":3,"column":64},"end":{"line":3,"column":109}}],"line":3},"2":{"loc":{"start":{"line":4,"column":16},"end":{"line":4,"column":34}},"type":"binary-expr","locations":[{"start":{"line":4,"column":16},"end":{"line":4,"column":17}},{"start":{"line":4,"column":22},"end":{"line":4,"column":33}}],"line":4},"3":{"loc":{"start":{"line":7,"column":32},"end":{"line":7,"column":115}},"type":"cond-expr","locations":[{"start":{"line":7,"column":46},"end":{"line":7,"column":67}},{"start":{"line":7,"column":70},"end":{"line":7,"column":115}}],"line":7},"4":{"loc":{"start":{"line":8,"column":51},"end":{"line":8,"column":67}},"type":"binary-expr","locations":[{"start":{"line":8,"column":51},"end":{"line":8,"column":61}},{"start":{"line":8,"column":65},"end":{"line":8,"column":67}}],"line":8},"5":{"loc":{"start":{"line":25,"column":24},"end":{"line":25,"column":48}},"type":"binary-expr","locations":[{"start":{"line":25,"column":24},"end":{"line":25,"column":42}},{"start":{"line":25,"column":46},"end":{"line":25,"column":48}}],"line":25},"6":{"loc":{"start":{"line":26,"column":20},"end":{"line":26,"column":45}},"type":"binary-expr","locations":[{"start":{"line":26,"column":20},"end":{"line":26,"column":39}},{"start":{"line":26,"column":43},"end":{"line":26,"column":45}}],"line":26},"7":{"loc":{"start":{"line":27,"column":20},"end":{"line":27,"column":45}},"type":"binary-expr","locations":[{"start":{"line":27,"column":20},"end":{"line":27,"column":39}},{"start":{"line":27,"column":43},"end":{"line":27,"column":45}}],"line":27},"8":{"loc":{"start":{"line":28,"column":22},"end":{"line":28,"column":47}},"type":"binary-expr","locations":[{"start":{"line":28,"column":22},"end":{"line":28,"column":41}},{"start":{"line":28,"column":45},"end":{"line":28,"column":47}}],"line":28},"9":{"loc":{"start":{"line":32,"column":12},"end":{"line":35,"column":13}},"type":"if","locations":[{"start":{"line":32,"column":12},"end":{"line":35,"column":13}},{"start":{},"end":{}}],"line":32},"10":{"loc":{"start":{"line":54,"column":12},"end":{"line":57,"column":13}},"type":"if","locations":[{"start":{"line":54,"column":12},"end":{"line":57,"column":13}},{"start":{},"end":{}}],"line":54},"11":{"loc":{"start":{"line":67,"column":8},"end":{"line":69,"column":9}},"type":"if","locations":[{"start":{"line":67,"column":8},"end":{"line":69,"column":9}},{"start":{},"end":{}}],"line":67},"12":{"loc":{"start":{"line":78,"column":8},"end":{"line":80,"column":9}},"type":"if","locations":[{"start":{"line":78,"column":8},"end":{"line":80,"column":9}},{"start":{},"end":{}}],"line":78},"13":{"loc":{"start":{"line":78,"column":12},"end":{"line":78,"column":50}},"type":"binary-expr","locations":[{"start":{"line":78,"column":12},"end":{"line":78,"column":26}},{"start":{"line":78,"column":30},"end":{"line":78,"column":50}}],"line":78},"14":{"loc":{"start":{"line":81,"column":8},"end":{"line":83,"column":9}},"type":"if","locations":[{"start":{"line":81,"column":8},"end":{"line":83,"column":9}},{"start":{},"end":{}}],"line":81},"15":{"loc":{"start":{"line":81,"column":12},"end":{"line":81,"column":45}},"type":"binary-expr","locations":[{"start":{"line":81,"column":12},"end":{"line":81,"column":15}},{"start":{"line":81,"column":19},"end":{"line":81,"column":28}},{"start":{"line":81,"column":32},"end":{"line":81,"column":45}}],"line":81},"16":{"loc":{"start":{"line":84,"column":8},"end":{"line":92,"column":9}},"type":"if","locations":[{"start":{"line":84,"column":8},"end":{"line":92,"column":9}},{"start":{},"end":{}}],"line":84},"17":{"loc":{"start":{"line":87,"column":28},"end":{"line":87,"column":52}},"type":"binary-expr","locations":[{"start":{"line":87,"column":28},"end":{"line":87,"column":46}},{"start":{"line":87,"column":50},"end":{"line":87,"column":52}}],"line":87},"18":{"loc":{"start":{"line":88,"column":24},"end":{"line":88,"column":49}},"type":"binary-expr","locations":[{"start":{"line":88,"column":24},"end":{"line":88,"column":43}},{"start":{"line":88,"column":47},"end":{"line":88,"column":49}}],"line":88},"19":{"loc":{"start":{"line":89,"column":24},"end":{"line":89,"column":49}},"type":"binary-expr","locations":[{"start":{"line":89,"column":24},"end":{"line":89,"column":43}},{"start":{"line":89,"column":47},"end":{"line":89,"column":49}}],"line":89},"20":{"loc":{"start":{"line":90,"column":26},"end":{"line":90,"column":51}},"type":"binary-expr","locations":[{"start":{"line":90,"column":26},"end":{"line":90,"column":45}},{"start":{"line":90,"column":49},"end":{"line":90,"column":51}}],"line":90},"21":{"loc":{"start":{"line":108,"column":15},"end":{"line":108,"column":59}},"type":"binary-expr","locations":[{"start":{"line":108,"column":15},"end":{"line":108,"column":28}},{"start":{"line":108,"column":32},"end":{"line":108,"column":59}}],"line":108}},"s":{"0":2,"1":2,"2":0,"3":2,"4":2,"5":2,"6":0,"7":0,"8":0,"9":0,"10":4,"11":2,"12":2,"13":2,"14":2,"15":2,"16":2,"17":2,"18":2,"19":2,"20":2,"21":2,"22":2,"23":2,"24":0,"25":0,"26":2,"27":2,"28":2,"29":2,"30":2,"31":2,"32":2,"33":2,"34":0,"35":0,"36":0,"37":0,"38":4,"39":0,"40":4,"41":2,"42":2,"43":1,"44":2,"45":1,"46":1,"47":1,"48":1,"49":1,"50":1,"51":1,"52":1,"53":1,"54":0,"55":0,"56":0,"57":0,"58":0,"59":1,"60":2,"61":2},"f":{"0":2,"1":2,"2":0,"3":2,"4":2,"5":0,"6":4,"7":2,"8":2,"9":2,"10":0,"11":0,"12":4,"13":2,"14":0,"15":0,"16":0,"17":0,"18":1},"b":{"0":[2,2,2],"1":[2,0],"2":[2,2],"3":[2,2],"4":[2,2],"5":[2,1],"6":[2,1],"7":[2,1],"8":[2,1],"9":[0,2],"10":[0,0],"11":[0,4],"12":[1,1],"13":[2,2],"14":[1,1],"15":[2,2,1],"16":[1,0],"17":[1,0],"18":[1,0],"19":[1,0],"20":[1,0],"21":[1,0]},"inputSourceMap":null,"_coverageSchema":"1a1c01bbd47fc00a2c39e90264f33305004495a9","hash":"345bc29ca2452473b3331ce711d5bd5afa105506"}
,"D:\\mystudy-material\\eIRed-todo-Ass\\node-assingment-todo-final-2 (1)\\node-assingment-todo\\build\\src\\src\\inversify.js": {"path":"D:\\mystudy-material\\eIRed-todo-Ass\\node-assingment-todo-final-2 (1)\\node-assingment-todo\\build\\src\\src\\inversify.js","statementMap":{"0":{"start":{"line":2,"column":0},"end":{"line":2,"column":62}},"1":{"start":{"line":3,"column":20},"end":{"line":3,"column":40}},"2":{"start":{"line":4,"column":16},"end":{"line":4,"column":34}},"3":{"start":{"line":5,"column":26},"end":{"line":5,"column":67}},"4":{"start":{"line":6,"column":23},"end":{"line":6,"column":57}},"5":{"start":{"line":7,"column":26},"end":{"line":7,"column":66}},"6":{"start":{"line":8,"column":26},"end":{"line":8,"column":67}},"7":{"start":{"line":9,"column":23},"end":{"line":9,"column":57}},"8":{"start":{"line":10,"column":26},"end":{"line":10,"column":66}},"9":{"start":{"line":11,"column":18},"end":{"line":11,"column":74}},"10":{"start":{"line":12,"column":0},"end":{"line":12,"column":72}},"11":{"start":{"line":13,"column":0},"end":{"line":13,"column":75}},"12":{"start":{"line":14,"column":0},"end":{"line":14,"column":69}},"13":{"start":{"line":15,"column":0},"end":{"line":15,"column":72}},"14":{"start":{"line":16,"column":0},"end":{"line":16,"column":75}},"15":{"start":{"line":17,"column":0},"end":{"line":17,"column":69}},"16":{"start":{"line":18,"column":0},"end":{"line":18,"column":28}}},"fnMap":{},"branchMap":{},"s":{"0":1,"1":1,"2":1,"3":1,"4":1,"5":1,"6":1,"7":1,"8":1,"9":1,"10":1,"11":1,"12":1,"13":1,"14":1,"15":1,"16":1},"f":{},"b":{},"inputSourceMap":null,"_coverageSchema":"1a1c01bbd47fc00a2c39e90264f33305004495a9","hash":"2be98395a863105cbaac8247c7ab7c0bfc2da22c"}
,"D:\\mystudy-material\\eIRed-todo-Ass\\node-assingment-todo-final-2 (1)\\node-assingment-todo\\build\\src\\src\\logger.js": {"path":"D:\\mystudy-material\\eIRed-todo-Ass\\node-assingment-todo-final-2 (1)\\node-assingment-todo\\build\\src\\src\\logger.js","statementMap":{"0":{"start":{"line":2,"column":0},"end":{"line":2,"column":62}},"1":{"start":{"line":3,"column":18},"end":{"line":3,"column":36}},"2":{"start":{"line":4,"column":46},"end":{"line":4,"column":62}},"3":{"start":{"line":6,"column":22},"end":{"line":6,"column":38}},"4":{"start":{"line":7,"column":13},"end":{"line":7,"column":87}},"5":{"start":{"line":8,"column":17},"end":{"line":8,"column":51}},"6":{"start":{"line":9,"column":18},"end":{"line":11,"column":2}},"7":{"start":{"line":10,"column":4},"end":{"line":10,"column":64}},"8":{"start":{"line":12,"column":15},"end":{"line":16,"column":2}},"9":{"start":{"line":17,"column":0},"end":{"line":20,"column":1}},"10":{"start":{"line":18,"column":4},"end":{"line":18,"column":24}},"11":{"start":{"line":19,"column":4},"end":{"line":19,"column":25}},"12":{"start":{"line":21,"column":0},"end":{"line":21,"column":25}}},"fnMap":{"0":{"name":"(anonymous_0)","decl":{"start":{"line":9,"column":25},"end":{"line":9,"column":26}},"loc":{"start":{"line":9,"column":91},"end":{"line":11,"column":1}},"line":9}},"branchMap":{"0":{"loc":{"start":{"line":13,"column":11},"end":{"line":13,"column":42}},"type":"binary-expr","locations":[{"start":{"line":13,"column":11},"end":{"line":13,"column":32}},{"start":{"line":13,"column":36},"end":{"line":13,"column":42}}],"line":13},"1":{"loc":{"start":{"line":17,"column":0},"end":{"line":20,"column":1}},"type":"if","locations":[{"start":{"line":17,"column":0},"end":{"line":20,"column":1}},{"start":{},"end":{}}],"line":17}},"s":{"0":2,"1":2,"2":2,"3":2,"4":2,"5":2,"6":2,"7":24,"8":2,"9":2,"10":2,"11":2,"12":2},"f":{"0":24},"b":{"0":[2,2],"1":[2,0]},"inputSourceMap":null,"_coverageSchema":"1a1c01bbd47fc00a2c39e90264f33305004495a9","hash":"8a89f4443e7a147f36318fa4096c0287a7bc579d"}
,"D:\\mystudy-material\\eIRed-todo-Ass\\node-assingment-todo-final-2 (1)\\node-assingment-todo\\build\\src\\src\\routes.js": {"path":"D:\\mystudy-material\\eIRed-todo-Ass\\node-assingment-todo-final-2 (1)\\node-assingment-todo\\build\\src\\src\\routes.js","statementMap":{"0":{"start":{"line":2,"column":0},"end":{"line":2,"column":62}},"1":{"start":{"line":3,"column":23},"end":{"line":3,"column":54}},"2":{"start":{"line":4,"column":26},"end":{"line":4,"column":66}},"3":{"start":{"line":5,"column":26},"end":{"line":5,"column":66}},"4":{"start":{"line":6,"column":13},"end":{"line":6,"column":28}},"5":{"start":{"line":7,"column":18},"end":{"line":7,"column":47}},"6":{"start":{"line":8,"column":13},"end":{"line":8,"column":30}},"7":{"start":{"line":9,"column":24},"end":{"line":9,"column":82}},"8":{"start":{"line":10,"column":20},"end":{"line":10,"column":42}},"9":{"start":{"line":16,"column":35},"end":{"line":16,"column":85}},"10":{"start":{"line":17,"column":35},"end":{"line":17,"column":85}},"11":{"start":{"line":21,"column":4},"end":{"line":21,"column":76}},"12":{"start":{"line":22,"column":4},"end":{"line":22,"column":109}},"13":{"start":{"line":23,"column":4},"end":{"line":23,"column":112}},"14":{"start":{"line":24,"column":4},"end":{"line":24,"column":111}},"15":{"start":{"line":25,"column":4},"end":{"line":25,"column":111}},"16":{"start":{"line":26,"column":4},"end":{"line":26,"column":115}},"17":{"start":{"line":27,"column":4},"end":{"line":27,"column":123}},"18":{"start":{"line":28,"column":4},"end":{"line":28,"column":112}},"19":{"start":{"line":29,"column":4},"end":{"line":29,"column":111}},"20":{"start":{"line":30,"column":4},"end":{"line":30,"column":118}},"21":{"start":{"line":31,"column":4},"end":{"line":31,"column":110}},"22":{"start":{"line":32,"column":4},"end":{"line":32,"column":111}},"23":{"start":{"line":33,"column":4},"end":{"line":33,"column":118}},"24":{"start":{"line":35,"column":0},"end":{"line":35,"column":28}}},"fnMap":{"0":{"name":"default_1","decl":{"start":{"line":14,"column":9},"end":{"line":14,"column":18}},"loc":{"start":{"line":14,"column":24},"end":{"line":34,"column":1}},"line":14}},"branchMap":{},"s":{"0":1,"1":1,"2":1,"3":1,"4":1,"5":1,"6":1,"7":1,"8":1,"9":1,"10":1,"11":1,"12":1,"13":1,"14":1,"15":1,"16":1,"17":1,"18":1,"19":1,"20":1,"21":1,"22":1,"23":1,"24":1},"f":{"0":1},"b":{},"inputSourceMap":null,"_coverageSchema":"1a1c01bbd47fc00a2c39e90264f33305004495a9","hash":"79e7bf24066e8fef0411cb5af4944f0504148f58"}
,"D:\\mystudy-material\\eIRed-todo-Ass\\node-assingment-todo-final-2 (1)\\node-assingment-todo\\build\\src\\src\\server.js": {"path":"D:\\mystudy-material\\eIRed-todo-Ass\\node-assingment-todo-final-2 (1)\\node-assingment-todo\\build\\src\\src\\server.js","statementMap":{"0":{"start":{"line":2,"column":0},"end":{"line":2,"column":62}},"1":{"start":{"line":3,"column":16},"end":{"line":3,"column":34}},"2":{"start":{"line":4,"column":15},"end":{"line":4,"column":32}},"3":{"start":{"line":5,"column":0},"end":{"line":5,"column":16}},"4":{"start":{"line":6,"column":17},"end":{"line":6,"column":36}},"5":{"start":{"line":7,"column":12},"end":{"line":7,"column":21}},"6":{"start":{"line":11,"column":13},"end":{"line":11,"column":37}},"7":{"start":{"line":12,"column":0},"end":{"line":16,"column":3}},"8":{"start":{"line":13,"column":4},"end":{"line":13,"column":72}},"9":{"start":{"line":14,"column":4},"end":{"line":14,"column":70}},"10":{"start":{"line":15,"column":4},"end":{"line":15,"column":60}},"11":{"start":{"line":17,"column":0},"end":{"line":17,"column":22}}},"fnMap":{"0":{"name":"(anonymous_0)","decl":{"start":{"line":12,"column":17},"end":{"line":12,"column":18}},"loc":{"start":{"line":12,"column":23},"end":{"line":16,"column":1}},"line":12}},"branchMap":{"0":{"loc":{"start":{"line":11,"column":13},"end":{"line":11,"column":37}},"type":"binary-expr","locations":[{"start":{"line":11,"column":13},"end":{"line":11,"column":29}},{"start":{"line":11,"column":33},"end":{"line":11,"column":37}}],"line":11}},"s":{"0":1,"1":1,"2":1,"3":1,"4":1,"5":1,"6":1,"7":1,"8":1,"9":1,"10":1,"11":1},"f":{"0":1},"b":{"0":[1,1]},"inputSourceMap":null,"_coverageSchema":"1a1c01bbd47fc00a2c39e90264f33305004495a9","hash":"f0aabd488cb0f51c6901930f55d3e60d46742787"}
,"D:\\mystudy-material\\eIRed-todo-Ass\\node-assingment-todo-final-2 (1)\\node-assingment-todo\\build\\src\\src\\types.js": {"path":"D:\\mystudy-material\\eIRed-todo-Ass\\node-assingment-todo-final-2 (1)\\node-assingment-todo\\build\\src\\src\\types.js","statementMap":{"0":{"start":{"line":2,"column":0},"end":{"line":2,"column":62}},"1":{"start":{"line":3,"column":0},"end":{"line":3,"column":23}},"2":{"start":{"line":8,"column":0},"end":{"line":15,"column":2}}},"fnMap":{},"branchMap":{},"s":{"0":1,"1":1,"2":1},"f":{},"b":{},"inputSourceMap":null,"_coverageSchema":"1a1c01bbd47fc00a2c39e90264f33305004495a9","hash":"40c97ed4fa7aacc4e77f9e14c0eda20f9b91792b"}
,"D:\\mystudy-material\\eIRed-todo-Ass\\node-assingment-todo-final-2 (1)\\node-assingment-todo\\build\\src\\src\\controllers\\task.controller.js": {"path":"D:\\mystudy-material\\eIRed-todo-Ass\\node-assingment-todo-final-2 (1)\\node-assingment-todo\\build\\src\\src\\controllers\\task.controller.js","statementMap":{"0":{"start":{"line":2,"column":17},"end":{"line":7,"column":1}},"1":{"start":{"line":3,"column":12},"end":{"line":3,"column":28}},"2":{"start":{"line":3,"column":34},"end":{"line":3,"column":125}},"3":{"start":{"line":4,"column":4},"end":{"line":5,"column":150}},"4":{"start":{"line":4,"column":79},"end":{"line":4,"column":131}},"5":{"start":{"line":5,"column":9},"end":{"line":5,"column":150}},"6":{"start":{"line":5,"column":22},"end":{"line":5,"column":43}},"7":{"start":{"line":5,"column":58},"end":{"line":5,"column":150}},"8":{"start":{"line":5,"column":81},"end":{"line":5,"column":150}},"9":{"start":{"line":6,"column":4},"end":{"line":6,"column":66}},"10":{"start":{"line":8,"column":17},"end":{"line":10,"column":1}},"11":{"start":{"line":9,"column":4},"end":{"line":9,"column":109}},"12":{"start":{"line":9,"column":79},"end":{"line":9,"column":109}},"13":{"start":{"line":11,"column":16},"end":{"line":19,"column":1}},"14":{"start":{"line":12,"column":28},"end":{"line":12,"column":110}},"15":{"start":{"line":12,"column":91},"end":{"line":12,"column":106}},"16":{"start":{"line":13,"column":4},"end":{"line":18,"column":7}},"17":{"start":{"line":14,"column":36},"end":{"line":14,"column":97}},"18":{"start":{"line":14,"column":42},"end":{"line":14,"column":70}},"19":{"start":{"line":14,"column":85},"end":{"line":14,"column":95}},"20":{"start":{"line":15,"column":35},"end":{"line":15,"column":100}},"21":{"start":{"line":15,"column":41},"end":{"line":15,"column":73}},"22":{"start":{"line":15,"column":88},"end":{"line":15,"column":98}},"23":{"start":{"line":16,"column":32},"end":{"line":16,"column":116}},"24":{"start":{"line":17,"column":8},"end":{"line":17,"column":78}},"25":{"start":{"line":20,"column":0},"end":{"line":20,"column":62}},"26":{"start":{"line":21,"column":20},"end":{"line":21,"column":40}},"27":{"start":{"line":22,"column":21},"end":{"line":22,"column":52}},"28":{"start":{"line":23,"column":16},"end":{"line":23,"column":41}},"29":{"start":{"line":24,"column":16},"end":{"line":24,"column":35}},"30":{"start":{"line":25,"column":21},"end":{"line":25,"column":51}},"31":{"start":{"line":26,"column":21},"end":{"line":26,"column":55}},"32":{"start":{"line":27,"column":21},"end":{"line":97,"column":1}},"33":{"start":{"line":29,"column":8},"end":{"line":29,"column":24}},"34":{"start":{"line":32,"column":8},"end":{"line":47,"column":11}},"35":{"start":{"line":33,"column":55},"end":{"line":33,"column":63}},"36":{"start":{"line":34,"column":26},"end":{"line":44,"column":13}},"37":{"start":{"line":45,"column":27},"end":{"line":45,"column":68}},"38":{"start":{"line":46,"column":12},"end":{"line":46,"column":97}},"39":{"start":{"line":50,"column":8},"end":{"line":56,"column":11}},"40":{"start":{"line":51,"column":12},"end":{"line":53,"column":13}},"41":{"start":{"line":52,"column":16},"end":{"line":52,"column":63}},"42":{"start":{"line":54,"column":25},"end":{"line":54,"column":100}},"43":{"start":{"line":55,"column":12},"end":{"line":55,"column":27}},"44":{"start":{"line":65,"column":8},"end":{"line":73,"column":11}},"45":{"start":{"line":66,"column":29},"end":{"line":66,"column":109}},"46":{"start":{"line":67,"column":12},"end":{"line":72,"column":104}},"47":{"start":{"line":68,"column":31},"end":{"line":68,"column":74}},"48":{"start":{"line":69,"column":16},"end":{"line":69,"column":90}},"49":{"start":{"line":72,"column":16},"end":{"line":72,"column":104}},"50":{"start":{"line":76,"column":8},"end":{"line":86,"column":11}},"51":{"start":{"line":77,"column":29},"end":{"line":77,"column":109}},"52":{"start":{"line":78,"column":12},"end":{"line":84,"column":104}},"53":{"start":{"line":79,"column":16},"end":{"line":79,"column":81}},"54":{"start":{"line":80,"column":16},"end":{"line":80,"column":60}},"55":{"start":{"line":81,"column":16},"end":{"line":81,"column":88}},"56":{"start":{"line":84,"column":16},"end":{"line":84,"column":104}},"57":{"start":{"line":89,"column":8},"end":{"line":95,"column":11}},"58":{"start":{"line":90,"column":12},"end":{"line":92,"column":13}},"59":{"start":{"line":91,"column":16},"end":{"line":91,"column":63}},"60":{"start":{"line":93,"column":12},"end":{"line":93,"column":90}},"61":{"start":{"line":94,"column":12},"end":{"line":94,"column":97}},"62":{"start":{"line":98,"column":0},"end":{"line":101,"column":55}},"63":{"start":{"line":102,"column":0},"end":{"line":105,"column":52}},"64":{"start":{"line":106,"column":0},"end":{"line":109,"column":19}},"65":{"start":{"line":110,"column":0},"end":{"line":110,"column":33}}},"fnMap":{"0":{"name":"(anonymous_0)","decl":{"start":{"line":2,"column":46},"end":{"line":2,"column":47}},"loc":{"start":{"line":2,"column":87},"end":{"line":7,"column":1}},"line":2},"1":{"name":"(anonymous_1)","decl":{"start":{"line":8,"column":46},"end":{"line":8,"column":47}},"loc":{"start":{"line":8,"column":62},"end":{"line":10,"column":1}},"line":8},"2":{"name":"(anonymous_2)","decl":{"start":{"line":11,"column":44},"end":{"line":11,"column":45}},"loc":{"start":{"line":11,"column":89},"end":{"line":19,"column":1}},"line":11},"3":{"name":"adopt","decl":{"start":{"line":12,"column":13},"end":{"line":12,"column":18}},"loc":{"start":{"line":12,"column":26},"end":{"line":12,"column":112}},"line":12},"4":{"name":"(anonymous_4)","decl":{"start":{"line":12,"column":70},"end":{"line":12,"column":71}},"loc":{"start":{"line":12,"column":89},"end":{"line":12,"column":108}},"line":12},"5":{"name":"(anonymous_5)","decl":{"start":{"line":13,"column":36},"end":{"line":13,"column":37}},"loc":{"start":{"line":13,"column":63},"end":{"line":18,"column":5}},"line":13},"6":{"name":"fulfilled","decl":{"start":{"line":14,"column":17},"end":{"line":14,"column":26}},"loc":{"start":{"line":14,"column":34},"end":{"line":14,"column":99}},"line":14},"7":{"name":"rejected","decl":{"start":{"line":15,"column":17},"end":{"line":15,"column":25}},"loc":{"start":{"line":15,"column":33},"end":{"line":15,"column":102}},"line":15},"8":{"name":"step","decl":{"start":{"line":16,"column":17},"end":{"line":16,"column":21}},"loc":{"start":{"line":16,"column":30},"end":{"line":16,"column":118}},"line":16},"9":{"name":"(anonymous_9)","decl":{"start":{"line":28,"column":4},"end":{"line":28,"column":5}},"loc":{"start":{"line":28,"column":18},"end":{"line":30,"column":5}},"line":28},"10":{"name":"(anonymous_10)","decl":{"start":{"line":31,"column":4},"end":{"line":31,"column":5}},"loc":{"start":{"line":31,"column":19},"end":{"line":48,"column":5}},"line":31},"11":{"name":"(anonymous_11)","decl":{"start":{"line":32,"column":47},"end":{"line":32,"column":48}},"loc":{"start":{"line":32,"column":60},"end":{"line":47,"column":9}},"line":32},"12":{"name":"(anonymous_12)","decl":{"start":{"line":49,"column":4},"end":{"line":49,"column":5}},"loc":{"start":{"line":49,"column":18},"end":{"line":57,"column":5}},"line":49},"13":{"name":"(anonymous_13)","decl":{"start":{"line":50,"column":47},"end":{"line":50,"column":48}},"loc":{"start":{"line":50,"column":60},"end":{"line":56,"column":9}},"line":50},"14":{"name":"(anonymous_14)","decl":{"start":{"line":64,"column":4},"end":{"line":64,"column":5}},"loc":{"start":{"line":64,"column":21},"end":{"line":74,"column":5}},"line":64},"15":{"name":"(anonymous_15)","decl":{"start":{"line":65,"column":47},"end":{"line":65,"column":48}},"loc":{"start":{"line":65,"column":60},"end":{"line":73,"column":9}},"line":65},"16":{"name":"(anonymous_16)","decl":{"start":{"line":75,"column":4},"end":{"line":75,"column":5}},"loc":{"start":{"line":75,"column":21},"end":{"line":87,"column":5}},"line":75},"17":{"name":"(anonymous_17)","decl":{"start":{"line":76,"column":47},"end":{"line":76,"column":48}},"loc":{"start":{"line":76,"column":60},"end":{"line":86,"column":9}},"line":76},"18":{"name":"(anonymous_18)","decl":{"start":{"line":88,"column":4},"end":{"line":88,"column":5}},"loc":{"start":{"line":88,"column":21},"end":{"line":96,"column":5}},"line":88},"19":{"name":"(anonymous_19)","decl":{"start":{"line":89,"column":47},"end":{"line":89,"column":48}},"loc":{"start":{"line":89,"column":60},"end":{"line":95,"column":9}},"line":89}},"branchMap":{"0":{"loc":{"start":{"line":2,"column":17},"end":{"line":7,"column":1}},"type":"binary-expr","locations":[{"start":{"line":2,"column":18},"end":{"line":2,"column":22}},{"start":{"line":2,"column":26},"end":{"line":2,"column":41}},{"start":{"line":2,"column":46},"end":{"line":7,"column":1}}],"line":2},"1":{"loc":{"start":{"line":3,"column":34},"end":{"line":3,"column":125}},"type":"cond-expr","locations":[{"start":{"line":3,"column":42},"end":{"line":3,"column":48}},{"start":{"line":3,"column":51},"end":{"line":3,"column":125}}],"line":3},"2":{"loc":{"start":{"line":3,"column":51},"end":{"line":3,"column":125}},"type":"cond-expr","locations":[{"start":{"line":3,"column":67},"end":{"line":3,"column":118}},{"start":{"line":3,"column":121},"end":{"line":3,"column":125}}],"line":3},"3":{"loc":{"start":{"line":4,"column":4},"end":{"line":5,"column":150}},"type":"if","locations":[{"start":{"line":4,"column":4},"end":{"line":5,"column":150}},{"start":{"line":5,"column":9},"end":{"line":5,"column":150}}],"line":4},"4":{"loc":{"start":{"line":4,"column":8},"end":{"line":4,"column":77}},"type":"binary-expr","locations":[{"start":{"line":4,"column":8},"end":{"line":4,"column":35}},{"start":{"line":4,"column":39},"end":{"line":4,"column":77}}],"line":4},"5":{"loc":{"start":{"line":5,"column":58},"end":{"line":5,"column":150}},"type":"if","locations":[{"start":{"line":5,"column":58},"end":{"line":5,"column":150}},{"start":{},"end":{}}],"line":5},"6":{"loc":{"start":{"line":5,"column":85},"end":{"line":5,"column":149}},"type":"binary-expr","locations":[{"start":{"line":5,"column":86},"end":{"line":5,"column":143}},{"start":{"line":5,"column":148},"end":{"line":5,"column":149}}],"line":5},"7":{"loc":{"start":{"line":5,"column":86},"end":{"line":5,"column":143}},"type":"cond-expr","locations":[{"start":{"line":5,"column":94},"end":{"line":5,"column":98}},{"start":{"line":5,"column":101},"end":{"line":5,"column":143}}],"line":5},"8":{"loc":{"start":{"line":5,"column":101},"end":{"line":5,"column":143}},"type":"cond-expr","locations":[{"start":{"line":5,"column":109},"end":{"line":5,"column":126}},{"start":{"line":5,"column":129},"end":{"line":5,"column":143}}],"line":5},"9":{"loc":{"start":{"line":6,"column":11},"end":{"line":6,"column":62}},"type":"binary-expr","locations":[{"start":{"line":6,"column":11},"end":{"line":6,"column":16}},{"start":{"line":6,"column":20},"end":{"line":6,"column":21}},{"start":{"line":6,"column":25},"end":{"line":6,"column":62}}],"line":6},"10":{"loc":{"start":{"line":8,"column":17},"end":{"line":10,"column":1}},"type":"binary-expr","locations":[{"start":{"line":8,"column":18},"end":{"line":8,"column":22}},{"start":{"line":8,"column":26},"end":{"line":8,"column":41}},{"start":{"line":8,"column":46},"end":{"line":10,"column":1}}],"line":8},"11":{"loc":{"start":{"line":9,"column":4},"end":{"line":9,"column":109}},"type":"if","locations":[{"start":{"line":9,"column":4},"end":{"line":9,"column":109}},{"start":{},"end":{}}],"line":9},"12":{"loc":{"start":{"line":9,"column":8},"end":{"line":9,"column":77}},"type":"binary-expr","locations":[{"start":{"line":9,"column":8},"end":{"line":9,"column":35}},{"start":{"line":9,"column":39},"end":{"line":9,"column":77}}],"line":9},"13":{"loc":{"start":{"line":11,"column":16},"end":{"line":19,"column":1}},"type":"binary-expr","locations":[{"start":{"line":11,"column":17},"end":{"line":11,"column":21}},{"start":{"line":11,"column":25},"end":{"line":11,"column":39}},{"start":{"line":11,"column":44},"end":{"line":19,"column":1}}],"line":11},"14":{"loc":{"start":{"line":12,"column":35},"end":{"line":12,"column":109}},"type":"cond-expr","locations":[{"start":{"line":12,"column":56},"end":{"line":12,"column":61}},{"start":{"line":12,"column":64},"end":{"line":12,"column":109}}],"line":12},"15":{"loc":{"start":{"line":13,"column":16},"end":{"line":13,"column":34}},"type":"binary-expr","locations":[{"start":{"line":13,"column":16},"end":{"line":13,"column":17}},{"start":{"line":13,"column":22},"end":{"line":13,"column":33}}],"line":13},"16":{"loc":{"start":{"line":16,"column":32},"end":{"line":16,"column":115}},"type":"cond-expr","locations":[{"start":{"line":16,"column":46},"end":{"line":16,"column":67}},{"start":{"line":16,"column":70},"end":{"line":16,"column":115}}],"line":16},"17":{"loc":{"start":{"line":17,"column":51},"end":{"line":17,"column":67}},"type":"binary-expr","locations":[{"start":{"line":17,"column":51},"end":{"line":17,"column":61}},{"start":{"line":17,"column":65},"end":{"line":17,"column":67}}],"line":17},"18":{"loc":{"start":{"line":37,"column":27},"end":{"line":37,"column":56}},"type":"binary-expr","locations":[{"start":{"line":37,"column":27},"end":{"line":37,"column":42}},{"start":{"line":37,"column":46},"end":{"line":37,"column":56}}],"line":37},"19":{"loc":{"start":{"line":40,"column":26},"end":{"line":40,"column":93}},"type":"cond-expr","locations":[{"start":{"line":40,"column":55},"end":{"line":40,"column":89}},{"start":{"line":40,"column":92},"end":{"line":40,"column":93}}],"line":40},"20":{"loc":{"start":{"line":51,"column":12},"end":{"line":53,"column":13}},"type":"if","locations":[{"start":{"line":51,"column":12},"end":{"line":53,"column":13}},{"start":{},"end":{}}],"line":51},"21":{"loc":{"start":{"line":67,"column":12},"end":{"line":72,"column":104}},"type":"if","locations":[{"start":{"line":67,"column":12},"end":{"line":72,"column":104}},{"start":{"line":72,"column":16},"end":{"line":72,"column":104}}],"line":67},"22":{"loc":{"start":{"line":67,"column":16},"end":{"line":67,"column":74}},"type":"binary-expr","locations":[{"start":{"line":67,"column":16},"end":{"line":67,"column":24}},{"start":{"line":67,"column":28},"end":{"line":67,"column":44}},{"start":{"line":67,"column":48},"end":{"line":67,"column":74}}],"line":67},"23":{"loc":{"start":{"line":78,"column":12},"end":{"line":84,"column":104}},"type":"if","locations":[{"start":{"line":78,"column":12},"end":{"line":84,"column":104}},{"start":{"line":84,"column":16},"end":{"line":84,"column":104}}],"line":78},"24":{"loc":{"start":{"line":78,"column":16},"end":{"line":78,"column":74}},"type":"binary-expr","locations":[{"start":{"line":78,"column":16},"end":{"line":78,"column":24}},{"start":{"line":78,"column":28},"end":{"line":78,"column":44}},{"start":{"line":78,"column":48},"end":{"line":78,"column":74}}],"line":78},"25":{"loc":{"start":{"line":90,"column":12},"end":{"line":92,"column":13}},"type":"if","locations":[{"start":{"line":90,"column":12},"end":{"line":92,"column":13}},{"start":{},"end":{}}],"line":90}},"s":{"0":1,"1":3,"2":3,"3":3,"4":3,"5":0,"6":0,"7":0,"8":0,"9":3,"10":1,"11":3,"12":3,"13":1,"14":0,"15":0,"16":0,"17":0,"18":0,"19":0,"20":0,"21":0,"22":0,"23":0,"24":0,"25":1,"26":1,"27":1,"28":1,"29":1,"30":1,"31":1,"32":1,"33":1,"34":0,"35":0,"36":0,"37":0,"38":0,"39":0,"40":0,"41":0,"42":0,"43":0,"44":0,"45":0,"46":0,"47":0,"48":0,"49":0,"50":0,"51":0,"52":0,"53":0,"54":0,"55":0,"56":0,"57":0,"58":0,"59":0,"60":0,"61":0,"62":1,"63":1,"64":1,"65":1},"f":{"0":3,"1":3,"2":0,"3":0,"4":0,"5":0,"6":0,"7":0,"8":0,"9":1,"10":0,"11":0,"12":0,"13":0,"14":0,"15":0,"16":0,"17":0,"18":0,"19":0},"b":{"0":[1,1,1],"1":[1,2],"2":[0,2],"3":[3,0],"4":[3,3],"5":[0,0],"6":[0,0],"7":[0,0],"8":[0,0],"9":[3,2,0],"10":[1,1,1],"11":[3,0],"12":[3,3],"13":[1,1,1],"14":[0,0],"15":[0,0],"16":[0,0],"17":[0,0],"18":[0,0],"19":[0,0],"20":[0,0],"21":[0,0],"22":[0,0,0],"23":[0,0],"24":[0,0,0],"25":[0,0]},"inputSourceMap":null,"_coverageSchema":"1a1c01bbd47fc00a2c39e90264f33305004495a9","hash":"d462d39c3a62988bf8d7dcd909c77026f77d632f"}
,"D:\\mystudy-material\\eIRed-todo-Ass\\node-assingment-todo-final-2 (1)\\node-assingment-todo\\build\\src\\src\\controllers\\user.controller.js": {"path":"D:\\mystudy-material\\eIRed-todo-Ass\\node-assingment-todo-final-2 (1)\\node-assingment-todo\\build\\src\\src\\controllers\\user.controller.js","statementMap":{"0":{"start":{"line":2,"column":17},"end":{"line":7,"column":1}},"1":{"start":{"line":3,"column":12},"end":{"line":3,"column":28}},"2":{"start":{"line":3,"column":34},"end":{"line":3,"column":125}},"3":{"start":{"line":4,"column":4},"end":{"line":5,"column":150}},"4":{"start":{"line":4,"column":79},"end":{"line":4,"column":131}},"5":{"start":{"line":5,"column":9},"end":{"line":5,"column":150}},"6":{"start":{"line":5,"column":22},"end":{"line":5,"column":43}},"7":{"start":{"line":5,"column":58},"end":{"line":5,"column":150}},"8":{"start":{"line":5,"column":81},"end":{"line":5,"column":150}},"9":{"start":{"line":6,"column":4},"end":{"line":6,"column":66}},"10":{"start":{"line":8,"column":17},"end":{"line":10,"column":1}},"11":{"start":{"line":9,"column":4},"end":{"line":9,"column":109}},"12":{"start":{"line":9,"column":79},"end":{"line":9,"column":109}},"13":{"start":{"line":11,"column":16},"end":{"line":19,"column":1}},"14":{"start":{"line":12,"column":28},"end":{"line":12,"column":110}},"15":{"start":{"line":12,"column":91},"end":{"line":12,"column":106}},"16":{"start":{"line":13,"column":4},"end":{"line":18,"column":7}},"17":{"start":{"line":14,"column":36},"end":{"line":14,"column":97}},"18":{"start":{"line":14,"column":42},"end":{"line":14,"column":70}},"19":{"start":{"line":14,"column":85},"end":{"line":14,"column":95}},"20":{"start":{"line":15,"column":35},"end":{"line":15,"column":100}},"21":{"start":{"line":15,"column":41},"end":{"line":15,"column":73}},"22":{"start":{"line":15,"column":88},"end":{"line":15,"column":98}},"23":{"start":{"line":16,"column":32},"end":{"line":16,"column":116}},"24":{"start":{"line":17,"column":8},"end":{"line":17,"column":78}},"25":{"start":{"line":20,"column":0},"end":{"line":20,"column":62}},"26":{"start":{"line":21,"column":0},"end":{"line":21,"column":27}},"27":{"start":{"line":22,"column":20},"end":{"line":22,"column":40}},"28":{"start":{"line":23,"column":18},"end":{"line":23,"column":50}},"29":{"start":{"line":24,"column":19},"end":{"line":24,"column":52}},"30":{"start":{"line":25,"column":21},"end":{"line":25,"column":52}},"31":{"start":{"line":26,"column":20},"end":{"line":26,"column":43}},"32":{"start":{"line":27,"column":16},"end":{"line":27,"column":41}},"33":{"start":{"line":28,"column":16},"end":{"line":28,"column":35}},"34":{"start":{"line":30,"column":0},"end":{"line":34,"column":62}},"35":{"start":{"line":31,"column":4},"end":{"line":31,"column":48}},"36":{"start":{"line":32,"column":4},"end":{"line":32,"column":56}},"37":{"start":{"line":33,"column":4},"end":{"line":33,"column":52}},"38":{"start":{"line":35,"column":21},"end":{"line":197,"column":1}},"39":{"start":{"line":37,"column":8},"end":{"line":37,"column":24}},"40":{"start":{"line":40,"column":8},"end":{"line":51,"column":11}},"41":{"start":{"line":41,"column":26},"end":{"line":41,"column":82}},"42":{"start":{"line":42,"column":31},"end":{"line":42,"column":76}},"43":{"start":{"line":43,"column":31},"end":{"line":48,"column":13}},"44":{"start":{"line":49,"column":29},"end":{"line":49,"column":75}},"45":{"start":{"line":50,"column":12},"end":{"line":50,"column":31}},"46":{"start":{"line":54,"column":8},"end":{"line":60,"column":11}},"47":{"start":{"line":55,"column":12},"end":{"line":57,"column":13}},"48":{"start":{"line":56,"column":16},"end":{"line":56,"column":63}},"49":{"start":{"line":58,"column":25},"end":{"line":58,"column":146}},"50":{"start":{"line":59,"column":12},"end":{"line":59,"column":27}},"51":{"start":{"line":70,"column":8},"end":{"line":94,"column":11}},"52":{"start":{"line":71,"column":12},"end":{"line":73,"column":13}},"53":{"start":{"line":72,"column":16},"end":{"line":72,"column":66}},"54":{"start":{"line":74,"column":12},"end":{"line":76,"column":13}},"55":{"start":{"line":75,"column":16},"end":{"line":75,"column":69}},"56":{"start":{"line":77,"column":12},"end":{"line":79,"column":13}},"57":{"start":{"line":78,"column":16},"end":{"line":78,"column":69}},"58":{"start":{"line":80,"column":12},"end":{"line":82,"column":13}},"59":{"start":{"line":81,"column":16},"end":{"line":81,"column":90}},"60":{"start":{"line":83,"column":12},"end":{"line":85,"column":13}},"61":{"start":{"line":84,"column":16},"end":{"line":84,"column":93}},"62":{"start":{"line":86,"column":34},"end":{"line":90,"column":13}},"63":{"start":{"line":91,"column":27},"end":{"line":91,"column":75}},"64":{"start":{"line":92,"column":12},"end":{"line":92,"column":38}},"65":{"start":{"line":93,"column":12},"end":{"line":93,"column":99}},"66":{"start":{"line":100,"column":8},"end":{"line":116,"column":11}},"67":{"start":{"line":101,"column":12},"end":{"line":103,"column":13}},"68":{"start":{"line":102,"column":16},"end":{"line":102,"column":63}},"69":{"start":{"line":104,"column":12},"end":{"line":106,"column":13}},"70":{"start":{"line":105,"column":16},"end":{"line":105,"column":66}},"71":{"start":{"line":107,"column":12},"end":{"line":109,"column":13}},"72":{"start":{"line":108,"column":16},"end":{"line":108,"column":90}},"73":{"start":{"line":110,"column":34},"end":{"line":113,"column":13}},"74":{"start":{"line":114,"column":12},"end":{"line":114,"column":62}},"75":{"start":{"line":115,"column":12},"end":{"line":115,"column":32}},"76":{"start":{"line":122,"column":8},"end":{"line":135,"column":11}},"77":{"start":{"line":123,"column":12},"end":{"line":125,"column":13}},"78":{"start":{"line":124,"column":16},"end":{"line":124,"column":63}},"79":{"start":{"line":126,"column":12},"end":{"line":128,"column":13}},"80":{"start":{"line":127,"column":16},"end":{"line":127,"column":69}},"81":{"start":{"line":129,"column":38},"end":{"line":132,"column":13}},"82":{"start":{"line":133,"column":12},"end":{"line":133,"column":69}},"83":{"start":{"line":134,"column":12},"end":{"line":134,"column":32}},"84":{"start":{"line":138,"column":8},"end":{"line":140,"column":11}},"85":{"start":{"line":139,"column":12},"end":{"line":139,"column":55}},"86":{"start":{"line":143,"column":8},"end":{"line":145,"column":11}},"87":{"start":{"line":144,"column":12},"end":{"line":144,"column":55}},"88":{"start":{"line":148,"column":8},"end":{"line":161,"column":11}},"89":{"start":{"line":149,"column":12},"end":{"line":151,"column":13}},"90":{"start":{"line":150,"column":16},"end":{"line":150,"column":66}},"91":{"start":{"line":152,"column":12},"end":{"line":154,"column":13}},"92":{"start":{"line":153,"column":16},"end":{"line":153,"column":69}},"93":{"start":{"line":155,"column":29},"end":{"line":158,"column":13}},"94":{"start":{"line":159,"column":25},"end":{"line":159,"column":63}},"95":{"start":{"line":160,"column":12},"end":{"line":160,"column":27}},"96":{"start":{"line":164,"column":8},"end":{"line":170,"column":11}},"97":{"start":{"line":165,"column":26},"end":{"line":165,"column":92}},"98":{"start":{"line":166,"column":12},"end":{"line":168,"column":13}},"99":{"start":{"line":167,"column":16},"end":{"line":167,"column":66}},"100":{"start":{"line":169,"column":12},"end":{"line":169,"column":59}},"101":{"start":{"line":173,"column":8},"end":{"line":182,"column":11}},"102":{"start":{"line":174,"column":12},"end":{"line":176,"column":13}},"103":{"start":{"line":175,"column":16},"end":{"line":175,"column":66}},"104":{"start":{"line":177,"column":27},"end":{"line":179,"column":13}},"105":{"start":{"line":180,"column":12},"end":{"line":180,"column":51}},"106":{"start":{"line":181,"column":12},"end":{"line":181,"column":93}},"107":{"start":{"line":185,"column":8},"end":{"line":195,"column":11}},"108":{"start":{"line":186,"column":12},"end":{"line":188,"column":13}},"109":{"start":{"line":187,"column":16},"end":{"line":187,"column":66}},"110":{"start":{"line":189,"column":27},"end":{"line":192,"column":13}},"111":{"start":{"line":193,"column":25},"end":{"line":193,"column":67}},"112":{"start":{"line":194,"column":12},"end":{"line":194,"column":27}},"113":{"start":{"line":198,"column":0},"end":{"line":201,"column":55}},"114":{"start":{"line":202,"column":0},"end":{"line":205,"column":52}},"115":{"start":{"line":206,"column":0},"end":{"line":209,"column":19}},"116":{"start":{"line":210,"column":0},"end":{"line":210,"column":33}}},"fnMap":{"0":{"name":"(anonymous_0)","decl":{"start":{"line":2,"column":46},"end":{"line":2,"column":47}},"loc":{"start":{"line":2,"column":87},"end":{"line":7,"column":1}},"line":2},"1":{"name":"(anonymous_1)","decl":{"start":{"line":8,"column":46},"end":{"line":8,"column":47}},"loc":{"start":{"line":8,"column":62},"end":{"line":10,"column":1}},"line":8},"2":{"name":"(anonymous_2)","decl":{"start":{"line":11,"column":44},"end":{"line":11,"column":45}},"loc":{"start":{"line":11,"column":89},"end":{"line":19,"column":1}},"line":11},"3":{"name":"adopt","decl":{"start":{"line":12,"column":13},"end":{"line":12,"column":18}},"loc":{"start":{"line":12,"column":26},"end":{"line":12,"column":112}},"line":12},"4":{"name":"(anonymous_4)","decl":{"start":{"line":12,"column":70},"end":{"line":12,"column":71}},"loc":{"start":{"line":12,"column":89},"end":{"line":12,"column":108}},"line":12},"5":{"name":"(anonymous_5)","decl":{"start":{"line":13,"column":36},"end":{"line":13,"column":37}},"loc":{"start":{"line":13,"column":63},"end":{"line":18,"column":5}},"line":13},"6":{"name":"fulfilled","decl":{"start":{"line":14,"column":17},"end":{"line":14,"column":26}},"loc":{"start":{"line":14,"column":34},"end":{"line":14,"column":99}},"line":14},"7":{"name":"rejected","decl":{"start":{"line":15,"column":17},"end":{"line":15,"column":25}},"loc":{"start":{"line":15,"column":33},"end":{"line":15,"column":102}},"line":15},"8":{"name":"step","decl":{"start":{"line":16,"column":17},"end":{"line":16,"column":21}},"loc":{"start":{"line":16,"column":30},"end":{"line":16,"column":118}},"line":16},"9":{"name":"(anonymous_9)","decl":{"start":{"line":30,"column":1},"end":{"line":30,"column":2}},"loc":{"start":{"line":30,"column":22},"end":{"line":34,"column":1}},"line":30},"10":{"name":"(anonymous_10)","decl":{"start":{"line":36,"column":4},"end":{"line":36,"column":5}},"loc":{"start":{"line":36,"column":18},"end":{"line":38,"column":5}},"line":36},"11":{"name":"(anonymous_11)","decl":{"start":{"line":39,"column":4},"end":{"line":39,"column":5}},"loc":{"start":{"line":39,"column":19},"end":{"line":52,"column":5}},"line":39},"12":{"name":"(anonymous_12)","decl":{"start":{"line":40,"column":47},"end":{"line":40,"column":48}},"loc":{"start":{"line":40,"column":60},"end":{"line":51,"column":9}},"line":40},"13":{"name":"(anonymous_13)","decl":{"start":{"line":53,"column":4},"end":{"line":53,"column":5}},"loc":{"start":{"line":53,"column":18},"end":{"line":61,"column":5}},"line":53},"14":{"name":"(anonymous_14)","decl":{"start":{"line":54,"column":47},"end":{"line":54,"column":48}},"loc":{"start":{"line":54,"column":60},"end":{"line":60,"column":9}},"line":54},"15":{"name":"(anonymous_15)","decl":{"start":{"line":69,"column":4},"end":{"line":69,"column":5}},"loc":{"start":{"line":69,"column":21},"end":{"line":95,"column":5}},"line":69},"16":{"name":"(anonymous_16)","decl":{"start":{"line":70,"column":47},"end":{"line":70,"column":48}},"loc":{"start":{"line":70,"column":60},"end":{"line":94,"column":9}},"line":70},"17":{"name":"(anonymous_17)","decl":{"start":{"line":99,"column":4},"end":{"line":99,"column":5}},"loc":{"start":{"line":99,"column":26},"end":{"line":117,"column":5}},"line":99},"18":{"name":"(anonymous_18)","decl":{"start":{"line":100,"column":47},"end":{"line":100,"column":48}},"loc":{"start":{"line":100,"column":60},"end":{"line":116,"column":9}},"line":100},"19":{"name":"(anonymous_19)","decl":{"start":{"line":121,"column":4},"end":{"line":121,"column":5}},"loc":{"start":{"line":121,"column":29},"end":{"line":136,"column":5}},"line":121},"20":{"name":"(anonymous_20)","decl":{"start":{"line":122,"column":47},"end":{"line":122,"column":48}},"loc":{"start":{"line":122,"column":60},"end":{"line":135,"column":9}},"line":122},"21":{"name":"(anonymous_21)","decl":{"start":{"line":137,"column":4},"end":{"line":137,"column":5}},"loc":{"start":{"line":137,"column":23},"end":{"line":141,"column":5}},"line":137},"22":{"name":"(anonymous_22)","decl":{"start":{"line":138,"column":47},"end":{"line":138,"column":48}},"loc":{"start":{"line":138,"column":60},"end":{"line":140,"column":9}},"line":138},"23":{"name":"(anonymous_23)","decl":{"start":{"line":142,"column":4},"end":{"line":142,"column":5}},"loc":{"start":{"line":142,"column":23},"end":{"line":146,"column":5}},"line":142},"24":{"name":"(anonymous_24)","decl":{"start":{"line":143,"column":47},"end":{"line":143,"column":48}},"loc":{"start":{"line":143,"column":60},"end":{"line":145,"column":9}},"line":143},"25":{"name":"(anonymous_25)","decl":{"start":{"line":147,"column":4},"end":{"line":147,"column":5}},"loc":{"start":{"line":147,"column":20},"end":{"line":162,"column":5}},"line":147},"26":{"name":"(anonymous_26)","decl":{"start":{"line":148,"column":47},"end":{"line":148,"column":48}},"loc":{"start":{"line":148,"column":60},"end":{"line":161,"column":9}},"line":148},"27":{"name":"(anonymous_27)","decl":{"start":{"line":163,"column":4},"end":{"line":163,"column":5}},"loc":{"start":{"line":163,"column":21},"end":{"line":171,"column":5}},"line":163},"28":{"name":"(anonymous_28)","decl":{"start":{"line":164,"column":47},"end":{"line":164,"column":48}},"loc":{"start":{"line":164,"column":60},"end":{"line":170,"column":9}},"line":164},"29":{"name":"(anonymous_29)","decl":{"start":{"line":172,"column":4},"end":{"line":172,"column":5}},"loc":{"start":{"line":172,"column":22},"end":{"line":183,"column":5}},"line":172},"30":{"name":"(anonymous_30)","decl":{"start":{"line":173,"column":47},"end":{"line":173,"column":48}},"loc":{"start":{"line":173,"column":60},"end":{"line":182,"column":9}},"line":173},"31":{"name":"(anonymous_31)","decl":{"start":{"line":184,"column":4},"end":{"line":184,"column":5}},"loc":{"start":{"line":184,"column":26},"end":{"line":196,"column":5}},"line":184},"32":{"name":"(anonymous_32)","decl":{"start":{"line":185,"column":47},"end":{"line":185,"column":48}},"loc":{"start":{"line":185,"column":60},"end":{"line":195,"column":9}},"line":185}},"branchMap":{"0":{"loc":{"start":{"line":2,"column":17},"end":{"line":7,"column":1}},"type":"binary-expr","locations":[{"start":{"line":2,"column":18},"end":{"line":2,"column":22}},{"start":{"line":2,"column":26},"end":{"line":2,"column":41}},{"start":{"line":2,"column":46},"end":{"line":7,"column":1}}],"line":2},"1":{"loc":{"start":{"line":3,"column":34},"end":{"line":3,"column":125}},"type":"cond-expr","locations":[{"start":{"line":3,"column":42},"end":{"line":3,"column":48}},{"start":{"line":3,"column":51},"end":{"line":3,"column":125}}],"line":3},"2":{"loc":{"start":{"line":3,"column":51},"end":{"line":3,"column":125}},"type":"cond-expr","locations":[{"start":{"line":3,"column":67},"end":{"line":3,"column":118}},{"start":{"line":3,"column":121},"end":{"line":3,"column":125}}],"line":3},"3":{"loc":{"start":{"line":4,"column":4},"end":{"line":5,"column":150}},"type":"if","locations":[{"start":{"line":4,"column":4},"end":{"line":5,"column":150}},{"start":{"line":5,"column":9},"end":{"line":5,"column":150}}],"line":4},"4":{"loc":{"start":{"line":4,"column":8},"end":{"line":4,"column":77}},"type":"binary-expr","locations":[{"start":{"line":4,"column":8},"end":{"line":4,"column":35}},{"start":{"line":4,"column":39},"end":{"line":4,"column":77}}],"line":4},"5":{"loc":{"start":{"line":5,"column":58},"end":{"line":5,"column":150}},"type":"if","locations":[{"start":{"line":5,"column":58},"end":{"line":5,"column":150}},{"start":{},"end":{}}],"line":5},"6":{"loc":{"start":{"line":5,"column":85},"end":{"line":5,"column":149}},"type":"binary-expr","locations":[{"start":{"line":5,"column":86},"end":{"line":5,"column":143}},{"start":{"line":5,"column":148},"end":{"line":5,"column":149}}],"line":5},"7":{"loc":{"start":{"line":5,"column":86},"end":{"line":5,"column":143}},"type":"cond-expr","locations":[{"start":{"line":5,"column":94},"end":{"line":5,"column":98}},{"start":{"line":5,"column":101},"end":{"line":5,"column":143}}],"line":5},"8":{"loc":{"start":{"line":5,"column":101},"end":{"line":5,"column":143}},"type":"cond-expr","locations":[{"start":{"line":5,"column":109},"end":{"line":5,"column":126}},{"start":{"line":5,"column":129},"end":{"line":5,"column":143}}],"line":5},"9":{"loc":{"start":{"line":6,"column":11},"end":{"line":6,"column":62}},"type":"binary-expr","locations":[{"start":{"line":6,"column":11},"end":{"line":6,"column":16}},{"start":{"line":6,"column":20},"end":{"line":6,"column":21}},{"start":{"line":6,"column":25},"end":{"line":6,"column":62}}],"line":6},"10":{"loc":{"start":{"line":8,"column":17},"end":{"line":10,"column":1}},"type":"binary-expr","locations":[{"start":{"line":8,"column":18},"end":{"line":8,"column":22}},{"start":{"line":8,"column":26},"end":{"line":8,"column":41}},{"start":{"line":8,"column":46},"end":{"line":10,"column":1}}],"line":8},"11":{"loc":{"start":{"line":9,"column":4},"end":{"line":9,"column":109}},"type":"if","locations":[{"start":{"line":9,"column":4},"end":{"line":9,"column":109}},{"start":{},"end":{}}],"line":9},"12":{"loc":{"start":{"line":9,"column":8},"end":{"line":9,"column":77}},"type":"binary-expr","locations":[{"start":{"line":9,"column":8},"end":{"line":9,"column":35}},{"start":{"line":9,"column":39},"end":{"line":9,"column":77}}],"line":9},"13":{"loc":{"start":{"line":11,"column":16},"end":{"line":19,"column":1}},"type":"binary-expr","locations":[{"start":{"line":11,"column":17},"end":{"line":11,"column":21}},{"start":{"line":11,"column":25},"end":{"line":11,"column":39}},{"start":{"line":11,"column":44},"end":{"line":19,"column":1}}],"line":11},"14":{"loc":{"start":{"line":12,"column":35},"end":{"line":12,"column":109}},"type":"cond-expr","locations":[{"start":{"line":12,"column":56},"end":{"line":12,"column":61}},{"start":{"line":12,"column":64},"end":{"line":12,"column":109}}],"line":12},"15":{"loc":{"start":{"line":13,"column":16},"end":{"line":13,"column":34}},"type":"binary-expr","locations":[{"start":{"line":13,"column":16},"end":{"line":13,"column":17}},{"start":{"line":13,"column":22},"end":{"line":13,"column":33}}],"line":13},"16":{"loc":{"start":{"line":16,"column":32},"end":{"line":16,"column":115}},"type":"cond-expr","locations":[{"start":{"line":16,"column":46},"end":{"line":16,"column":67}},{"start":{"line":16,"column":70},"end":{"line":16,"column":115}}],"line":16},"17":{"loc":{"start":{"line":17,"column":51},"end":{"line":17,"column":67}},"type":"binary-expr","locations":[{"start":{"line":17,"column":51},"end":{"line":17,"column":61}},{"start":{"line":17,"column":65},"end":{"line":17,"column":67}}],"line":17},"18":{"loc":{"start":{"line":34,"column":15},"end":{"line":34,"column":60}},"type":"binary-expr","locations":[{"start":{"line":34,"column":15},"end":{"line":34,"column":32}},{"start":{"line":34,"column":37},"end":{"line":34,"column":59}}],"line":34},"19":{"loc":{"start":{"line":41,"column":26},"end":{"line":41,"column":82}},"type":"cond-expr","locations":[{"start":{"line":41,"column":44},"end":{"line":41,"column":69}},{"start":{"line":41,"column":72},"end":{"line":41,"column":82}}],"line":41},"20":{"loc":{"start":{"line":42,"column":31},"end":{"line":42,"column":76}},"type":"cond-expr","locations":[{"start":{"line":42,"column":48},"end":{"line":42,"column":72}},{"start":{"line":42,"column":75},"end":{"line":42,"column":76}}],"line":42},"21":{"loc":{"start":{"line":55,"column":12},"end":{"line":57,"column":13}},"type":"if","locations":[{"start":{"line":55,"column":12},"end":{"line":57,"column":13}},{"start":{},"end":{}}],"line":55},"22":{"loc":{"start":{"line":71,"column":12},"end":{"line":73,"column":13}},"type":"if","locations":[{"start":{"line":71,"column":12},"end":{"line":73,"column":13}},{"start":{},"end":{}}],"line":71},"23":{"loc":{"start":{"line":74,"column":12},"end":{"line":76,"column":13}},"type":"if","locations":[{"start":{"line":74,"column":12},"end":{"line":76,"column":13}},{"start":{},"end":{}}],"line":74},"24":{"loc":{"start":{"line":77,"column":12},"end":{"line":79,"column":13}},"type":"if","locations":[{"start":{"line":77,"column":12},"end":{"line":79,"column":13}},{"start":{},"end":{}}],"line":77},"25":{"loc":{"start":{"line":80,"column":12},"end":{"line":82,"column":13}},"type":"if","locations":[{"start":{"line":80,"column":12},"end":{"line":82,"column":13}},{"start":{},"end":{}}],"line":80},"26":{"loc":{"start":{"line":83,"column":12},"end":{"line":85,"column":13}},"type":"if","locations":[{"start":{"line":83,"column":12},"end":{"line":85,"column":13}},{"start":{},"end":{}}],"line":83},"27":{"loc":{"start":{"line":101,"column":12},"end":{"line":103,"column":13}},"type":"if","locations":[{"start":{"line":101,"column":12},"end":{"line":103,"column":13}},{"start":{},"end":{}}],"line":101},"28":{"loc":{"start":{"line":104,"column":12},"end":{"line":106,"column":13}},"type":"if","locations":[{"start":{"line":104,"column":12},"end":{"line":106,"column":13}},{"start":{},"end":{}}],"line":104},"29":{"loc":{"start":{"line":107,"column":12},"end":{"line":109,"column":13}},"type":"if","locations":[{"start":{"line":107,"column":12},"end":{"line":109,"column":13}},{"start":{},"end":{}}],"line":107},"30":{"loc":{"start":{"line":123,"column":12},"end":{"line":125,"column":13}},"type":"if","locations":[{"start":{"line":123,"column":12},"end":{"line":125,"column":13}},{"start":{},"end":{}}],"line":123},"31":{"loc":{"start":{"line":126,"column":12},"end":{"line":128,"column":13}},"type":"if","locations":[{"start":{"line":126,"column":12},"end":{"line":128,"column":13}},{"start":{},"end":{}}],"line":126},"32":{"loc":{"start":{"line":149,"column":12},"end":{"line":151,"column":13}},"type":"if","locations":[{"start":{"line":149,"column":12},"end":{"line":151,"column":13}},{"start":{},"end":{}}],"line":149},"33":{"loc":{"start":{"line":152,"column":12},"end":{"line":154,"column":13}},"type":"if","locations":[{"start":{"line":152,"column":12},"end":{"line":154,"column":13}},{"start":{},"end":{}}],"line":152},"34":{"loc":{"start":{"line":165,"column":26},"end":{"line":165,"column":92}},"type":"binary-expr","locations":[{"start":{"line":165,"column":26},"end":{"line":165,"column":40}},{"start":{"line":165,"column":44},"end":{"line":165,"column":59}},{"start":{"line":165,"column":63},"end":{"line":165,"column":92}}],"line":165},"35":{"loc":{"start":{"line":166,"column":12},"end":{"line":168,"column":13}},"type":"if","locations":[{"start":{"line":166,"column":12},"end":{"line":168,"column":13}},{"start":{},"end":{}}],"line":166},"36":{"loc":{"start":{"line":174,"column":12},"end":{"line":176,"column":13}},"type":"if","locations":[{"start":{"line":174,"column":12},"end":{"line":176,"column":13}},{"start":{},"end":{}}],"line":174},"37":{"loc":{"start":{"line":186,"column":12},"end":{"line":188,"column":13}},"type":"if","locations":[{"start":{"line":186,"column":12},"end":{"line":188,"column":13}},{"start":{},"end":{}}],"line":186}},"s":{"0":1,"1":3,"2":3,"3":3,"4":3,"5":0,"6":0,"7":0,"8":0,"9":3,"10":1,"11":3,"12":3,"13":1,"14":0,"15":0,"16":0,"17":0,"18":0,"19":0,"20":0,"21":0,"22":0,"23":0,"24":0,"25":1,"26":1,"27":1,"28":1,"29":1,"30":1,"31":1,"32":1,"33":1,"34":1,"35":1,"36":1,"37":1,"38":1,"39":1,"40":0,"41":0,"42":0,"43":0,"44":0,"45":0,"46":0,"47":0,"48":0,"49":0,"50":0,"51":0,"52":0,"53":0,"54":0,"55":0,"56":0,"57":0,"58":0,"59":0,"60":0,"61":0,"62":0,"63":0,"64":0,"65":0,"66":0,"67":0,"68":0,"69":0,"70":0,"71":0,"72":0,"73":0,"74":0,"75":0,"76":0,"77":0,"78":0,"79":0,"80":0,"81":0,"82":0,"83":0,"84":0,"85":0,"86":0,"87":0,"88":0,"89":0,"90":0,"91":0,"92":0,"93":0,"94":0,"95":0,"96":0,"97":0,"98":0,"99":0,"100":0,"101":0,"102":0,"103":0,"104":0,"105":0,"106":0,"107":0,"108":0,"109":0,"110":0,"111":0,"112":0,"113":1,"114":1,"115":1,"116":1},"f":{"0":3,"1":3,"2":0,"3":0,"4":0,"5":0,"6":0,"7":0,"8":0,"9":1,"10":1,"11":0,"12":0,"13":0,"14":0,"15":0,"16":0,"17":0,"18":0,"19":0,"20":0,"21":0,"22":0,"23":0,"24":0,"25":0,"26":0,"27":0,"28":0,"29":0,"30":0,"31":0,"32":0},"b":{"0":[1,1,1],"1":[1,2],"2":[0,2],"3":[3,0],"4":[3,3],"5":[0,0],"6":[0,0],"7":[0,0],"8":[0,0],"9":[3,2,0],"10":[1,1,1],"11":[3,0],"12":[3,3],"13":[1,1,1],"14":[0,0],"15":[0,0],"16":[0,0],"17":[0,0],"18":[1,1],"19":[0,0],"20":[0,0],"21":[0,0],"22":[0,0],"23":[0,0],"24":[0,0],"25":[0,0],"26":[0,0],"27":[0,0],"28":[0,0],"29":[0,0],"30":[0,0],"31":[0,0],"32":[0,0],"33":[0,0],"34":[0,0,0],"35":[0,0],"36":[0,0],"37":[0,0]},"inputSourceMap":null,"_coverageSchema":"1a1c01bbd47fc00a2c39e90264f33305004495a9","hash":"74d77c1f55546bee37b810b6bd2f5a4a01987bd6"}
,"D:\\mystudy-material\\eIRed-todo-Ass\\node-assingment-todo-final-2 (1)\\node-assingment-todo\\build\\src\\src\\dto\\model\\task.model.js": {"path":"D:\\mystudy-material\\eIRed-todo-Ass\\node-assingment-todo-final-2 (1)\\node-assingment-todo\\build\\src\\src\\dto\\model\\task.model.js","statementMap":{"0":{"start":{"line":2,"column":0},"end":{"line":2,"column":62}},"1":{"start":{"line":3,"column":0},"end":{"line":3,"column":61}},"2":{"start":{"line":4,"column":0},"end":{"line":13,"column":2}},"3":{"start":{"line":14,"column":0},"end":{"line":24,"column":2}}},"fnMap":{},"branchMap":{},"s":{"0":1,"1":1,"2":1,"3":1},"f":{},"b":{},"inputSourceMap":null,"_coverageSchema":"1a1c01bbd47fc00a2c39e90264f33305004495a9","hash":"d68395c282967ec69497431caea638f8f17e7985"}
,"D:\\mystudy-material\\eIRed-todo-Ass\\node-assingment-todo-final-2 (1)\\node-assingment-todo\\build\\src\\src\\errors\\app.errors.js": {"path":"D:\\mystudy-material\\eIRed-todo-Ass\\node-assingment-todo-final-2 (1)\\node-assingment-todo\\build\\src\\src\\errors\\app.errors.js","statementMap":{"0":{"start":{"line":2,"column":0},"end":{"line":2,"column":62}},"1":{"start":{"line":3,"column":0},"end":{"line":3,"column":308}},"2":{"start":{"line":4,"column":20},"end":{"line":4,"column":43}},"3":{"start":{"line":7,"column":8},"end":{"line":7,"column":23}},"4":{"start":{"line":8,"column":8},"end":{"line":8,"column":25}},"5":{"start":{"line":9,"column":8},"end":{"line":9,"column":25}},"6":{"start":{"line":10,"column":8},"end":{"line":10,"column":31}},"7":{"start":{"line":13,"column":0},"end":{"line":13,"column":44}},"8":{"start":{"line":16,"column":8},"end":{"line":16,"column":37}},"9":{"start":{"line":19,"column":0},"end":{"line":19,"column":42}},"10":{"start":{"line":22,"column":8},"end":{"line":22,"column":28}},"11":{"start":{"line":25,"column":0},"end":{"line":25,"column":46}},"12":{"start":{"line":28,"column":8},"end":{"line":28,"column":34}},"13":{"start":{"line":31,"column":0},"end":{"line":31,"column":40}},"14":{"start":{"line":34,"column":8},"end":{"line":34,"column":39}},"15":{"start":{"line":37,"column":0},"end":{"line":37,"column":38}},"16":{"start":{"line":40,"column":8},"end":{"line":40,"column":48}},"17":{"start":{"line":43,"column":0},"end":{"line":43,"column":46}},"18":{"start":{"line":46,"column":8},"end":{"line":46,"column":39}},"19":{"start":{"line":49,"column":0},"end":{"line":49,"column":38}},"20":{"start":{"line":52,"column":8},"end":{"line":52,"column":60}},"21":{"start":{"line":55,"column":0},"end":{"line":55,"column":56}},"22":{"start":{"line":58,"column":8},"end":{"line":63,"column":9}},"23":{"start":{"line":59,"column":12},"end":{"line":59,"column":66}},"24":{"start":{"line":62,"column":12},"end":{"line":62,"column":67}},"25":{"start":{"line":66,"column":0},"end":{"line":66,"column":46}},"26":{"start":{"line":69,"column":8},"end":{"line":69,"column":69}},"27":{"start":{"line":72,"column":0},"end":{"line":72,"column":40}},"28":{"start":{"line":75,"column":8},"end":{"line":75,"column":37}},"29":{"start":{"line":78,"column":0},"end":{"line":78,"column":56}}},"fnMap":{"0":{"name":"(anonymous_0)","decl":{"start":{"line":6,"column":4},"end":{"line":6,"column":5}},"loc":{"start":{"line":6,"column":40},"end":{"line":11,"column":5}},"line":6},"1":{"name":"(anonymous_1)","decl":{"start":{"line":15,"column":4},"end":{"line":15,"column":5}},"loc":{"start":{"line":15,"column":34},"end":{"line":17,"column":5}},"line":15},"2":{"name":"(anonymous_2)","decl":{"start":{"line":21,"column":4},"end":{"line":21,"column":5}},"loc":{"start":{"line":21,"column":25},"end":{"line":23,"column":5}},"line":21},"3":{"name":"(anonymous_3)","decl":{"start":{"line":27,"column":4},"end":{"line":27,"column":5}},"loc":{"start":{"line":27,"column":34},"end":{"line":29,"column":5}},"line":27},"4":{"name":"(anonymous_4)","decl":{"start":{"line":33,"column":4},"end":{"line":33,"column":5}},"loc":{"start":{"line":33,"column":25},"end":{"line":35,"column":5}},"line":33},"5":{"name":"(anonymous_5)","decl":{"start":{"line":39,"column":4},"end":{"line":39,"column":5}},"loc":{"start":{"line":39,"column":36},"end":{"line":41,"column":5}},"line":39},"6":{"name":"(anonymous_6)","decl":{"start":{"line":45,"column":4},"end":{"line":45,"column":5}},"loc":{"start":{"line":45,"column":25},"end":{"line":47,"column":5}},"line":45},"7":{"name":"(anonymous_7)","decl":{"start":{"line":51,"column":4},"end":{"line":51,"column":5}},"loc":{"start":{"line":51,"column":25},"end":{"line":53,"column":5}},"line":51},"8":{"name":"(anonymous_8)","decl":{"start":{"line":57,"column":4},"end":{"line":57,"column":5}},"loc":{"start":{"line":57,"column":31},"end":{"line":64,"column":5}},"line":57},"9":{"name":"(anonymous_9)","decl":{"start":{"line":68,"column":4},"end":{"line":68,"column":5}},"loc":{"start":{"line":68,"column":25},"end":{"line":70,"column":5}},"line":68},"10":{"name":"(anonymous_10)","decl":{"start":{"line":74,"column":4},"end":{"line":74,"column":5}},"loc":{"start":{"line":74,"column":25},"end":{"line":76,"column":5}},"line":74}},"branchMap":{"0":{"loc":{"start":{"line":58,"column":8},"end":{"line":63,"column":9}},"type":"if","locations":[{"start":{"line":58,"column":8},"end":{"line":63,"column":9}},{"start":{"line":61,"column":13},"end":{"line":63,"column":9}}],"line":58}},"s":{"0":1,"1":1,"2":1,"3":7,"4":7,"5":7,"6":7,"7":1,"8":0,"9":1,"10":0,"11":1,"12":0,"13":1,"14":7,"15":1,"16":0,"17":1,"18":0,"19":1,"20":0,"21":1,"22":0,"23":0,"24":0,"25":1,"26":0,"27":1,"28":0,"29":1},"f":{"0":7,"1":0,"2":0,"3":0,"4":7,"5":0,"6":0,"7":0,"8":0,"9":0,"10":0},"b":{"0":[0,0]},"inputSourceMap":null,"_coverageSchema":"1a1c01bbd47fc00a2c39e90264f33305004495a9","hash":"f3cff0ee4b8f3d624e368a64a22a1fd4de912839"}
[...]
mystudy-material\\eIRed-todo-Ass\\node-assingment-todo-final-2 (1)\\node-assingment-todo\\src\\src\\utils\\asyncWrapper.ts": {"path":"D:\\mystudy-material\\eIRed-todo-Ass\\node-assingment-todo-final-2 (1)\\node-assingment-todo\\src\\src\\utils\\asyncWrapper.ts","statementMap":{"0":{"start":{"line":6,"column":0},"end":{"line":6,"column":44}},"1":{"start":{"line":7,"column":0},"end":{"line":7,"column":55}},"2":{"start":{"line":8,"column":0},"end":{"line":8,"column":61}},"3":{"start":{"line":9,"column":0},"end":{"line":9,"column":77}},"4":{"start":{"line":10,"column":12},"end":{"line":10,"column":35}},"5":{"start":{"line":13,"column":2},"end":{"line":46,"column":4}},"6":{"start":{"line":17,"column":6},"end":{"line":46,"column":4}},"7":{"start":{"line":18,"column":4},"end":{"line":45,"column":null}},"8":{"start":{"line":19,"column":6},"end":{"line":41,"column":null}},"9":{"start":{"line":21,"column":10},"end":{"line":21,"column":76}},"10":{"start":{"line":23,"column":8},"end":{"line":25,"column":null}},"11":{"start":{"line":24,"column":10},"end":{"line":24,"column":100}},"12":{"start":{"line":26,"column":8},"end":{"line":40,"column":null}},"13":{"start":{"line":27,"column":33},"end":{"line":27,"column":53}},"14":{"start":{"line":29,"column":25},"end":{"line":29,"column":70}},"15":{"start":{"line":30,"column":10},"end":{"line":32,"column":null}},"16":{"start":{"line":31,"column":12},"end":{"line":31,"column":72}},"17":{"start":{"line":33,"column":10},"end":{"line":33,"column":29}},"18":{"start":{"line":34,"column":10},"end":{"line":36,"column":null}},"19":{"start":{"line":35,"column":12},"end":{"line":35,"column":155}},"20":{"start":{"line":35,"column":35},"end":{"line":35,"column":155}},"21":{"start":{"line":37,"column":12},"end":{"line":37,"column":59}},"22":{"start":{"line":39,"column":10},"end":{"line":39,"column":74}},"23":{"start":{"line":42,"column":6},"end":{"line":42,"column":39}},"24":{"start":{"line":44,"column":6},"end":{"line":44,"column":14}},"25":{"start":{"line":12,"column":0},"end":{"line":12,"column":24}}},"fnMap":{"0":{"name":"asyncWrap","decl":{"start":{"line":12,"column":24},"end":{"line":12,"column":33}},"loc":{"start":{"line":12,"column":62},"end":{"line":47,"column":1}}},"1":{"name":"(anonymous_8)","decl":{"start":{"line":13,"column":9},"end":{"line":13,"column":null}},"loc":{"start":{"line":17,"column":6},"end":{"line":46,"column":4}}},"2":{"name":"(anonymous_9)","decl":{"start":{"line":17,"column":6},"end":{"line":17,"column":null}},"loc":{"start":{"line":17,"column":6},"end":{"line":46,"column":3}}}},"branchMap":{"0":{"loc":{"start":{"line":19,"column":6},"end":{"line":41,"column":null}},"type":"if","locations":[{"start":{"line":19,"column":6},"end":{"line":41,"column":null}}]},"1":{"loc":{"start":{"line":21,"column":10},"end":{"line":21,"column":76}},"type":"binary-expr","locations":[{"start":{"line":21,"column":10},"end":{"line":21,"column":24}},{"start":{"line":21,"column":28},"end":{"line":21,"column":43}},{"start":{"line":21,"column":47},"end":{"line":21,"column":76}}]},"2":{"loc":{"start":{"line":23,"column":8},"end":{"line":25,"column":null}},"type":"if","locations":[{"start":{"line":23,"column":8},"end":{"line":25,"column":null}}]},"3":{"loc":{"start":{"line":30,"column":10},"end":{"line":32,"column":null}},"type":"if","locations":[{"start":{"line":30,"column":10},"end":{"line":32,"column":null}}]},"4":{"loc":{"start":{"line":30,"column":15},"end":{"line":30,"column":53}},"type":"binary-expr","locations":[{"start":{"line":30,"column":15},"end":{"line":30,"column":34}},{"start":{"line":30,"column":38},"end":{"line":30,"column":53}}]},"5":{"loc":{"start":{"line":34,"column":10},"end":{"line":36,"column":null}},"type":"if","locations":[{"start":{"line":34,"column":10},"end":{"line":36,"column":null}}]},"6":{"loc":{"start":{"line":35,"column":12},"end":{"line":35,"column":155}},"type":"if","locations":[{"start":{"line":35,"column":12},"end":{"line":35,"column":155}}]}},"s":{"0":1,"1":1,"2":1,"3":1,"4":1,"5":12,"6":1,"7":1,"8":1,"9":1,"10":1,"11":1,"12":0,"13":0,"14":0,"15":0,"16":0,"17":0,"18":0,"19":0,"20":0,"21":0,"22":0,"23":0,"24":0,"25":1},"f":{"0":12,"1":1,"2":1},"b":{"0":[1],"1":[1,1,1],"2":[1],"3":[0],"4":[0,0],"5":[0],"6":[0]}}
,"D:\\mystudy-material\\eIRed-todo-Ass\\node-assingment-todo-final-2 (1)\\node-assingment-todo\\src\\src\\utils\\mail.ts": {"path":"D:\\mystudy-material\\eIRed-todo-Ass\\node-assingment-todo-final-2 (1)\\node-assingment-todo\\src\\src\\utils\\mail.ts","statementMap":{"0":{"start":{"line":1,"column":0},"end":{"line":1,"column":40}},"1":{"start":{"line":3,"column":19},"end":{"line":3,"column":40}},"2":{"start":{"line":4,"column":26},"end":{"line":4,"column":41}},"3":{"start":{"line":6,"column":20},"end":{"line":14,"column":4}},"4":{"start":{"line":17,"column":2},"end":{"line":38,"column":null}},"5":{"start":{"line":18,"column":15},"end":{"line":34,"column":6}},"6":{"start":{"line":35,"column":4},"end":{"line":35,"column":16}},"7":{"start":{"line":37,"column":4},"end":{"line":37,"column":17}},"8":{"start":{"line":16,"column":0},"end":{"line":16,"column":22}}},"fnMap":{"0":{"name":"sendMail","decl":{"start":{"line":16,"column":22},"end":{"line":16,"column":30}},"loc":{"start":{"line":16,"column":43},"end":{"line":39,"column":2}}}},"branchMap":{},"s":{"0":1,"1":1,"2":1,"3":1,"4":0,"5":0,"6":0,"7":0,"8":1},"f":{"0":0},"b":{}}
,"D:\\mystudy-material\\eIRed-todo-Ass\\node-assingment-todo-final-2 (1)\\node-assingment-todo\\src\\src\\utils\\pagination.ts": {"path":"D:\\mystudy-material\\eIRed-todo-Ass\\node-assingment-todo-final-2 (1)\\node-assingment-todo\\src\\src\\utils\\pagination.ts","statementMap":{"0":{"start":{"line":10,"column":2},"end":{"line":16,"column":4}},"1":{"start":{"line":9,"column":0},"end":{"line":9,"column":24}}},"fnMap":{"0":{"name":"paginate","decl":{"start":{"line":9,"column":24},"end":{"line":9,"column":32}},"loc":{"start":{"line":9,"column":99},"end":{"line":17,"column":1}}}},"branchMap":{"0":{"loc":{"start":{"line":14,"column":10},"end":{"line":14,"column":97}},"type":"cond-expr","locations":[{"start":{"line":14,"column":37},"end":{"line":14,"column":39}},{"start":{"line":14,"column":42},"end":{"line":14,"column":97}}]},"1":{"loc":{"start":{"line":15,"column":14},"end":{"line":15,"column":93}},"type":"cond-expr","locations":[{"start":{"line":15,"column":33},"end":{"line":15,"column":88}},{"start":{"line":15,"column":91},"end":{"line":15,"column":93}}]}},"s":{"0":0,"1":1},"f":{"0":0},"b":{"0":[0,0],"1":[0,0]}}
,"D:\\mystudy-material\\eIRed-todo-Ass\\node-assingment-todo-final-2 (1)\\node-assingment-todo\\src\\src\\utils\\utils.ts": {"path":"D:\\mystudy-material\\eIRed-todo-Ass\\node-assingment-todo-final-2 (1)\\node-assingment-todo\\src\\src\\utils\\utils.ts","statementMap":{"0":{"start":{"line":1,"column":0},"end":{"line":1,"column":35}},"1":{"start":{"line":2,"column":0},"end":{"line":2,"column":25}},"2":{"start":{"line":3,"column":0},"end":{"line":3,"column":30}},"3":{"start":{"line":4,"column":0},"end":{"line":4,"column":54}},"4":{"start":{"line":7,"column":13},"end":{"line":7,"column":49}},"5":{"start":{"line":8,"column":13},"end":{"line":8,"column":47}},"6":{"start":{"line":11,"column":2},"end":{"line":13,"column":null}},"7":{"start":{"line":12,"column":4},"end":{"line":12,"column":31}},"8":{"start":{"line":15,"column":2},"end":{"line":17,"column":null}},"9":{"start":{"line":16,"column":4},"end":{"line":16,"column":26}},"10":{"start":{"line":19,"column":2},"end":{"line":19,"column":12}},"11":{"start":{"line":10,"column":0},"end":{"line":10,"column":16}},"12":{"start":{"line":23,"column":2},"end":{"line":26,"column":null}},"13":{"start":{"line":22,"column":0},"end":{"line":22,"column":16}},"14":{"start":{"line":30,"column":2},"end":{"line":33,"column":null}},"15":{"start":{"line":29,"column":0},"end":{"line":29,"column":16}},"16":{"start":{"line":38,"column":2},"end":{"line":46,"column":null}},"17":{"start":{"line":37,"column":0},"end":{"line":37,"column":16}},"18":{"start":{"line":50,"column":2},"end":{"line":58,"column":null}},"19":{"start":{"line":49,"column":0},"end":{"line":49,"column":16}},"20":{"start":{"line":62,"column":18},"end":{"line":66,"column":null}},"21":{"start":{"line":67,"column":2},"end":{"line":67,"column":17}},"22":{"start":{"line":61,"column":0},"end":{"line":61,"column":16}}},"fnMap":{"0":{"name":"getValidObjectId","decl":{"start":{"line":10,"column":16},"end":{"line":10,"column":32}},"loc":{"start":{"line":10,"column":54},"end":{"line":20,"column":1}}},"1":{"name":"getUnAuthorizedRoutes","decl":{"start":{"line":22,"column":16},"end":{"line":22,"column":37}},"loc":{"start":{"line":22,"column":37},"end":{"line":27,"column":1}}},"2":{"name":"getValidateRoutes","decl":{"start":{"line":29,"column":16},"end":{"line":29,"column":33}},"loc":{"start":{"line":29,"column":33},"end":{"line":34,"column":1}}},"3":{"name":"getOTPConfig","decl":{"start":{"line":37,"column":16},"end":{"line":37,"column":28}},"loc":{"start":{"line":37,"column":28},"end":{"line":47,"column":1}}},"4":{"name":"getMailConfig","decl":{"start":{"line":49,"column":16},"end":{"line":49,"column":29}},"loc":{"start":{"line":49,"column":29},"end":{"line":59,"column":1}}},"5":{"name":"response","decl":{"start":{"line":61,"column":16},"end":{"line":61,"column":24}},"loc":{"start":{"line":61,"column":59},"end":{"line":68,"column":1}}}},"branchMap":{"0":{"loc":{"start":{"line":11,"column":2},"end":{"line":13,"column":null}},"type":"if","locations":[{"start":{"line":11,"column":2},"end":{"line":13,"column":null}}]},"1":{"loc":{"start":{"line":15,"column":2},"end":{"line":17,"column":null}},"type":"if","locations":[{"start":{"line":15,"column":2},"end":{"line":17,"column":null}}]}},"s":{"0":1,"1":1,"2":1,"3":1,"4":1,"5":1,"6":0,"7":0,"8":0,"9":0,"10":0,"11":1,"12":1,"13":1,"14":0,"15":1,"16":0,"17":1,"18":1,"19":1,"20":1,"21":1,"22":1},"f":{"0":0,"1":1,"2":0,"3":0,"4":1,"5":1},"b":{"0":[0],"1":[0]}}
,"D:\\mystudy-material\\eIRed-todo-Ass\\node-assingment-todo-final-2 (1)\\node-assingment-todo\\src\\src\\utils\\validators.ts": {"path":"D:\\mystudy-material\\eIRed-todo-Ass\\node-assingment-todo-final-2 (1)\\node-assingment-todo\\src\\src\\utils\\validators.ts","statementMap":{"0":{"start":{"line":3,"column":12},"end":{"line":3,"column":26}},"1":{"start":{"line":6,"column":19},"end":{"line":6,"column":41}},"2":{"start":{"line":7,"column":12},"end":{"line":7,"column":63}},"3":{"start":{"line":10,"column":0},"end":{"line":10,"column":41}},"4":{"start":{"line":11,"column":0},"end":{"line":11,"column":35}},"5":{"start":{"line":20,"column":0},"end":{"line":20,"column":null}},"6":{"start":{"line":24,"column":4},"end":{"line":38,"column":null}},"7":{"start":{"line":25,"column":21},"end":{"line":25,"column":31}},"8":{"start":{"line":26,"column":25},"end":{"line":26,"column":47}},"9":{"start":{"line":27,"column":22},"end":{"line":27,"column":36}},"10":{"start":{"line":28,"column":8},"end":{"line":28,"column":null}},"11":{"start":{"line":28,"column":19},"end":{"line":28,"column":null}},"12":{"start":{"line":29,"column":8},"end":{"line":29,"column":null}},"13":{"start":{"line":29,"column":20},"end":{"line":29,"column":null}},"14":{"start":{"line":31,"column":25},"end":{"line":36,"column":null}},"15":{"start":{"line":37,"column":8},"end":{"line":37,"column":null}},"16":{"start":{"line":23,"column":0},"end":{"line":23,"column":16}},"17":{"start":{"line":47,"column":4},"end":{"line":57,"column":7}},"18":{"start":{"line":48,"column":26},"end":{"line":48,"column":166}},"19":{"start":{"line":49,"column":22},"end":{"line":49,"column":114}},"20":{"start":{"line":50,"column":6},"end":{"line":52,"column":null}},"21":{"start":{"line":51,"column":8},"end":{"line":51,"column":35}},"22":{"start":{"line":53,"column":6},"end":{"line":56,"column":8}}},"fnMap":{"0":{"name":"validatePayload","decl":{"start":{"line":23,"column":16},"end":{"line":23,"column":31}},"loc":{"start":{"line":23,"column":61},"end":{"line":39,"column":1}}},"1":{"name":"fromAJVErrorsToIErrors","decl":{"start":{"line":46,"column":9},"end":{"line":46,"column":31}},"loc":{"start":{"line":46,"column":43},"end":{"line":58,"column":3}}},"2":{"name":"(anonymous_2)","decl":{"start":{"line":47,"column":22},"end":{"line":47,"column":23}},"loc":{"start":{"line":47,"column":37},"end":{"line":57,"column":5}}}},"branchMap":{"0":{"loc":{"start":{"line":28,"column":8},"end":{"line":28,"column":null}},"type":"if","locations":[{"start":{"line":28,"column":8},"end":{"line":28,"column":null}}]},"1":{"loc":{"start":{"line":29,"column":8},"end":{"line":29,"column":null}},"type":"if","locations":[{"start":{"line":29,"column":8},"end":{"line":29,"column":null}}]},"2":{"loc":{"start":{"line":48,"column":26},"end":{"line":48,"column":166}},"type":"binary-expr","locations":[{"start":{"line":48,"column":26},"end":{"line":48,"column":40}},{"start":{"line":48,"column":44},"end":{"line":48,"column":56}},{"start":{"line":48,"column":60},"end":{"line":48,"column":88}},{"start":{"line":48,"column":92},"end":{"line":48,"column":104}},{"start":{"line":48,"column":108},"end":{"line":48,"column":139}},{"start":{"line":48,"column":142},"end":{"line":48,"column":160}},{"start":{"line":48,"column":164},"end":{"line":48,"column":166}}]},"3":{"loc":{"start":{"line":49,"column":22},"end":{"line":49,"column":114}},"type":"cond-expr","locations":[{"start":{"line":49,"column":72},"end":{"line":49,"column":110}},{"start":{"line":49,"column":112},"end":{"line":49,"column":114}}]},"4":{"loc":{"start":{"line":49,"column":22},"end":{"line":49,"column":69}},"type":"binary-expr","locations":[{"start":{"line":49,"column":22},"end":{"line":49,"column":34}},{"start":{"line":49,"column":38},"end":{"line":49,"column":69}}]},"5":{"loc":{"start":{"line":50,"column":6},"end":{"line":52,"column":null}},"type":"if","locations":[{"start":{"line":50,"column":6},"end":{"line":52,"column":null}}]}},"s":{"0":1,"1":1,"2":1,"3":1,"4":1,"5":1,"6":0,"7":0,"8":0,"9":0,"10":0,"11":0,"12":0,"13":0,"14":0,"15":0,"16":1,"17":0,"18":0,"19":0,"20":0,"21":0,"22":0},"f":{"0":0,"1":0,"2":0},"b":{"0":[0],"1":[0],"2":[0,0,0,0,0,0,0],"3":[0,0],"4":[0,0],"5":[0]}}
,"D:\\mystudy-material\\eIRed-todo-Ass\\node-assingment-todo-final-2 (1)\\node-assingment-todo\\src\\test\\index.ts": {"path":"D:\\mystudy-material\\eIRed-todo-Ass\\node-assingment-todo-final-2 (1)\\node-assingment-todo\\src\\test\\index.ts","statementMap":{"0":{"start":{"line":1,"column":0},"end":{"line":1,"column":31}},"1":{"start":{"line":2,"column":0},"end":{"line":2,"column":32}},"2":{"start":{"line":3,"column":0},"end":{"line":3,"column":56}},"3":{"start":{"line":5,"column":0},"end":{"line":5,"column":33}},"4":{"start":{"line":6,"column":0},"end":{"line":6,"column":16}},"5":{"start":{"line":8,"column":0},"end":{"line":11,"column":null}},"6":{"start":{"line":9,"column":2},"end":{"line":9,"column":45}},"7":{"start":{"line":10,"column":2},"end":{"line":10,"column":18}},"8":{"start":{"line":16,"column":2},"end":{"line":16,"column":40}},"9":{"start":{"line":20,"column":2},"end":{"line":20,"column":53}},"10":{"start":{"line":23,"column":0},"end":{"line":29,"column":3}},"11":{"start":{"line":23,"column":22},"end":{"line":29,"column":2}},"12":{"start":{"line":24,"column":2},"end":{"line":28,"column":null}},"13":{"start":{"line":25,"column":4},"end":{"line":25,"column":26}},"14":{"start":{"line":27,"column":4},"end":{"line":27,"column":28}},"15":{"start":{"line":31,"column":0},"end":{"line":44,"column":3}},"16":{"start":{"line":31,"column":21},"end":{"line":44,"column":2}},"17":{"start":{"line":32,"column":2},"end":{"line":43,"column":null}},"18":{"start":{"line":33,"column":4},"end":{"line":33,"column":27}},"19":{"start":{"line":36,"column":4},"end":{"line":36,"column":62}},"20":{"start":{"line":36,"column":35},"end":{"line":36,"column":60}},"21":{"start":{"line":38,"column":4},"end":{"line":38,"column":59}},"22":{"start":{"line":40,"column":4},"end":{"line":40,"column":33}},"23":{"start":{"line":42,"column":4},"end":{"line":42,"column":28}},"24":{"start":{"line":47,"column":2},"end":{"line":47,"column":51}},"25":{"start":{"line":48,"column":2},"end":{"line":48,"column":42}},"26":{"start":{"line":51,"column":15},"end":{"line":51,"column":73}},"27":{"start":{"line":52,"column":2},"end":{"line":52,"column":14}},"28":{"start":{"line":46,"column":0},"end":{"line":46,"column":22}},"29":{"start":{"line":56,"column":2},"end":{"line":61,"column":null}},"30":{"start":{"line":57,"column":21},"end":{"line":57,"column":27}},"31":{"start":{"line":58,"column":18},"end":{"line":58,"column":40}},"32":{"start":{"line":59,"column":21},"end":{"line":59,"column":46}},"33":{"start":{"line":60,"column":4},"end":{"line":60,"column":48}},"34":{"start":{"line":55,"column":0},"end":{"line":55,"column":22}}},"fnMap":{"0":{"name":"clearDatabase","decl":{"start":{"line":15,"column":15},"end":{"line":15,"column":28}},"loc":{"start":{"line":15,"column":28},"end":{"line":17,"column":null}}},"1":{"name":"clearDatabaseIndices","decl":{"start":{"line":19,"column":15},"end":{"line":19,"column":35}},"loc":{"start":{"line":19,"column":35},"end":{"line":21,"column":null}}},"2":{"name":"(anonymous_11)","decl":{"start":{"line":23,"column":11},"end":{"line":23,"column":20}},"loc":{"start":{"line":23,"column":22},"end":{"line":29,"column":2}}},"3":{"name":"(anonymous_12)","decl":{"start":{"line":23,"column":22},"end":{"line":23,"column":null}},"loc":{"start":{"line":23,"column":22},"end":{"line":29,"column":1}}},"4":{"name":"(anonymous_13)","decl":{"start":{"line":31,"column":10},"end":{"line":31,"column":19}},"loc":{"start":{"line":31,"column":21},"end":{"line":44,"column":2}}},"5":{"name":"(anonymous_14)","decl":{"start":{"line":31,"column":21},"end":{"line":31,"column":null}},"loc":{"start":{"line":31,"column":21},"end":{"line":44,"column":1}}},"6":{"name":"(anonymous_15)","decl":{"start":{"line":36,"column":22},"end":{"line":36,"column":23}},"loc":{"start":{"line":36,"column":35},"end":{"line":36,"column":60}}},"7":{"name":"createUser","decl":{"start":{"line":46,"column":22},"end":{"line":46,"column":32}},"loc":{"start":{"line":46,"column":89},"end":{"line":53,"column":null}}},"8":{"name":"createNUsers","decl":{"start":{"line":55,"column":22},"end":{"line":55,"column":34}},"loc":{"start":{"line":55,"column":49},"end":{"line":62,"column":null}}}},"branchMap":{"0":{"loc":{"start":{"line":8,"column":0},"end":{"line":11,"column":null}},"type":"if","locations":[{"start":{"line":8,"column":0},"end":{"line":11,"column":null}}]},"1":{"loc":{"start":{"line":46,"column":68},"end":{"line":46,"column":89}},"type":"default-arg","locations":[{"start":{"line":46,"column":79},"end":{"line":46,"column":89}}]},"2":{"loc":{"start":{"line":47,"column":13},"end":{"line":47,"column":50}},"type":"cond-expr","locations":[{"start":{"line":47,"column":13},"end":{"line":47,"column":21}},{"start":{"line":47,"column":25},"end":{"line":47,"column":50}}]},"3":{"loc":{"start":{"line":47,"column":13},"end":{"line":47,"column":25}},"type":"binary-expr","locations":[{"start":{"line":47,"column":13},"end":{"line":47,"column":25}},{"start":{"line":47,"column":13},"end":{"line":47,"column":25}}]},"4":{"loc":{"start":{"line":48,"column":10},"end":{"line":48,"column":41}},"type":"cond-expr","locations":[{"start":{"line":48,"column":10},"end":{"line":48,"column":15}},{"start":{"line":48,"column":19},"end":{"line":48,"column":41}}]},"5":{"loc":{"start":{"line":48,"column":10},"end":{"line":48,"column":19}},"type":"binary-expr","locations":[{"start":{"line":48,"column":10},"end":{"line":48,"column":19}},{"start":{"line":48,"column":10},"end":{"line":48,"column":19}}]}},"s":{"0":1,"1":1,"2":1,"3":1,"4":1,"5":1,"6":0,"7":0,"8":8,"9":1,"10":1,"11":8,"12":8,"13":8,"14":0,"15":1,"16":1,"17":1,"18":1,"19":1,"20":1,"21":1,"22":1,"23":0,"24":1,"25":1,"26":1,"27":1,"28":1,"29":0,"30":0,"31":0,"32":0,"33":0,"34":1},"f":{"0":8,"1":1,"2":8,"3":8,"4":1,"5":1,"6":1,"7":1,"8":0},"b":{"0":[0],"1":[1],"2":[0,1],"3":[1,1],"4":[0,1],"5":[1,1]}}
}
