TN:
SF:build\src\src\app.js
FN:2,(anonymous_0)
FN:3,adopt
FN:3,(anonymous_2)
FN:4,(anonymous_3)
FN:5,fulfilled
FN:6,rejected
FN:7,step
FN:28,bootstrap
FN:29,(anonymous_8)
FN:32,(anonymous_9)
FN:73,(anonymous_10)
FN:76,(anonymous_11)
FNF:12
FNH:9
FNDA:1,(anonymous_0)
FNDA:1,adopt
FNDA:0,(anonymous_2)
FNDA:1,(anonymous_3)
FNDA:1,fulfilled
FNDA:0,rejected
FNDA:2,step
FNDA:1,bootstrap
FNDA:1,(anonymous_8)
FNDA:8,(anonymous_9)
FNDA:1,(anonymous_10)
FNDA:0,(anonymous_11)
DA:2,1
DA:3,1
DA:4,1
DA:5,1
DA:6,0
DA:7,2
DA:8,1
DA:11,1
DA:12,1
DA:13,1
DA:14,1
DA:15,1
DA:16,1
DA:17,1
DA:18,1
DA:19,1
DA:20,1
DA:21,1
DA:22,1
DA:23,1
DA:24,1
DA:29,1
DA:31,1
DA:32,1
DA:33,8
DA:34,8
DA:37,1
DA:38,1
DA:40,1
DA:47,1
DA:51,1
DA:52,1
DA:57,1
DA:58,1
DA:62,1
DA:66,1
DA:70,1
DA:72,1
DA:74,1
DA:77,0
DA:78,0
LF:41
LH:38
BRDA:2,0,0,1
BRDA:2,0,1,1
BRDA:2,0,2,1
BRDA:3,1,0,1
BRDA:3,1,1,0
BRDA:4,2,0,1
BRDA:4,2,1,1
BRDA:7,3,0,1
BRDA:7,3,1,1
BRDA:8,4,0,1
BRDA:8,4,1,1
BRDA:31,5,0,1
BRDA:31,5,1,0
BRDA:40,6,0,0
BRDA:40,6,1,1
BRDA:51,7,0,1
BRDA:51,7,1,0
BRF:17
BRH:13
end_of_record
TN:
SF:build\src\src\constants.js
FN:4,(anonymous_0)
FNF:1
FNH:1
FNDA:1,(anonymous_0)
DA:2,1
DA:4,1
DA:5,1
DA:6,1
DA:7,1
DA:8,1
DA:9,1
DA:10,1
DA:11,1
DA:12,1
DA:13,1
DA:14,1
DA:15,1
DA:16,1
DA:17,1
DA:18,1
DA:19,1
DA:20,1
DA:21,1
DA:22,1
DA:23,1
DA:24,1
DA:26,1
LF:23
LH:23
BRDA:25,0,0,1
BRDA:25,0,1,1
BRF:2
BRH:2
end_of_record
TN:
SF:build\src\src\database.js
FN:2,(anonymous_0)
FN:3,adopt
FN:3,(anonymous_2)
FN:4,(anonymous_3)
FN:5,fulfilled
FN:6,rejected
FN:7,step
FN:23,(anonymous_7)
FN:30,(anonymous_8)
FN:31,(anonymous_9)
FN:52,(anonymous_10)
FN:53,(anonymous_11)
FN:66,(anonymous_12)
FN:76,(anonymous_13)
FN:95,(anonymous_14)
FN:98,(anonymous_15)
FN:101,(anonymous_16)
FN:104,(anonymous_17)
FN:107,(anonymous_18)
FNF:19
FNH:11
FNDA:2,(anonymous_0)
FNDA:2,adopt
FNDA:0,(anonymous_2)
FNDA:2,(anonymous_3)
FNDA:2,fulfilled
FNDA:0,rejected
FNDA:4,step
FNDA:2,(anonymous_7)
FNDA:2,(anonymous_8)
FNDA:2,(anonymous_9)
FNDA:0,(anonymous_10)
FNDA:0,(anonymous_11)
FNDA:4,(anonymous_12)
FNDA:2,(anonymous_13)
FNDA:0,(anonymous_14)
FNDA:0,(anonymous_15)
FNDA:0,(anonymous_16)
FNDA:0,(anonymous_17)
FNDA:1,(anonymous_18)
DA:2,2
DA:3,2
DA:4,2
DA:5,2
DA:6,0
DA:7,4
DA:8,2
DA:11,2
DA:12,2
DA:13,2
DA:14,2
DA:15,2
DA:24,2
DA:25,2
DA:26,2
DA:27,2
DA:28,2
DA:31,2
DA:32,2
DA:33,0
DA:34,0
DA:36,2
DA:37,2
DA:38,2
DA:39,2
DA:40,2
DA:47,2
DA:48,2
DA:49,2
DA:53,0
DA:54,0
DA:55,0
DA:56,0
DA:67,4
DA:68,0
DA:70,4
DA:77,2
DA:78,2
DA:79,1
DA:81,2
DA:82,1
DA:84,1
DA:85,1
DA:86,1
DA:87,1
DA:88,1
DA:89,1
DA:90,1
DA:91,1
DA:93,0
DA:96,0
DA:99,0
DA:102,0
DA:105,0
DA:108,1
DA:111,2
DA:112,2
LF:57
LH:44
BRDA:2,0,0,2
BRDA:2,0,1,2
BRDA:2,0,2,2
BRDA:3,1,0,2
BRDA:3,1,1,0
BRDA:4,2,0,2
BRDA:4,2,1,2
BRDA:7,3,0,2
BRDA:7,3,1,2
BRDA:8,4,0,2
BRDA:8,4,1,2
BRDA:25,5,0,2
BRDA:25,5,1,1
BRDA:26,6,0,2
BRDA:26,6,1,1
BRDA:27,7,0,2
BRDA:27,7,1,1
BRDA:28,8,0,2
BRDA:28,8,1,1
BRDA:32,9,0,0
BRDA:32,9,1,2
BRDA:54,10,0,0
BRDA:54,10,1,0
BRDA:67,11,0,0
BRDA:67,11,1,4
BRDA:78,12,0,1
BRDA:78,12,1,1
BRDA:78,13,0,2
BRDA:78,13,1,2
BRDA:81,14,0,1
BRDA:81,14,1,1
BRDA:81,15,0,2
BRDA:81,15,1,2
BRDA:81,15,2,1
BRDA:84,16,0,1
BRDA:84,16,1,0
BRDA:87,17,0,1
BRDA:87,17,1,0
BRDA:88,18,0,1
BRDA:88,18,1,0
BRDA:89,19,0,1
BRDA:89,19,1,0
BRDA:90,20,0,1
BRDA:90,20,1,0
BRDA:108,21,0,1
BRDA:108,21,1,0
BRF:46
BRH:35
end_of_record
TN:
SF:build\src\src\inversify.js
FNF:0
FNH:0
DA:2,1
DA:3,1
DA:4,1
DA:5,1
DA:6,1
DA:7,1
DA:8,1
DA:9,1
DA:10,1
DA:11,1
DA:12,1
DA:13,1
DA:14,1
DA:15,1
DA:16,1
DA:17,1
DA:18,1
LF:17
LH:17
BRF:0
BRH:0
end_of_record
TN:
SF:build\src\src\logger.js
FN:9,(anonymous_0)
FNF:1
FNH:1
FNDA:24,(anonymous_0)
DA:2,2
DA:3,2
DA:4,2
DA:6,2
DA:7,2
DA:8,2
DA:9,2
DA:10,24
DA:12,2
DA:17,2
DA:18,2
DA:19,2
DA:21,2
LF:13
LH:13
BRDA:13,0,0,2
BRDA:13,0,1,2
BRDA:17,1,0,2
BRDA:17,1,1,0
BRF:4
BRH:3
end_of_record
TN:
SF:build\src\src\routes.js
FN:14,default_1
FNF:1
FNH:1
FNDA:1,default_1
DA:2,1
DA:3,1
DA:4,1
DA:5,1
DA:6,1
DA:7,1
DA:8,1
DA:9,1
DA:10,1
DA:16,1
DA:17,1
DA:21,1
DA:22,1
DA:23,1
DA:24,1
DA:25,1
DA:26,1
DA:27,1
DA:28,1
DA:29,1
DA:30,1
DA:31,1
DA:32,1
DA:33,1
DA:35,1
LF:25
LH:25
BRF:0
BRH:0
end_of_record
TN:
SF:build\src\src\server.js
FN:12,(anonymous_0)
FNF:1
FNH:1
FNDA:1,(anonymous_0)
DA:2,1
DA:3,1
DA:4,1
DA:5,1
DA:6,1
DA:7,1
DA:11,1
DA:12,1
DA:13,1
DA:14,1
DA:15,1
DA:17,1
LF:12
LH:12
BRDA:11,0,0,1
BRDA:11,0,1,1
BRF:2
BRH:2
end_of_record
TN:
SF:build\src\src\types.js
FNF:0
FNH:0
DA:2,1
DA:3,1
DA:8,1
LF:3
LH:3
BRF:0
BRH:0
end_of_record
TN:
SF:build\src\src\controllers\task.controller.js
FN:2,(anonymous_0)
FN:8,(anonymous_1)
FN:11,(anonymous_2)
FN:12,adopt
FN:12,(anonymous_4)
FN:13,(anonymous_5)
FN:14,fulfilled
FN:15,rejected
FN:16,step
FN:28,(anonymous_9)
FN:31,(anonymous_10)
FN:32,(anonymous_11)
FN:49,(anonymous_12)
FN:50,(anonymous_13)
FN:64,(anonymous_14)
FN:65,(anonymous_15)
FN:75,(anonymous_16)
FN:76,(anonymous_17)
FN:88,(anonymous_18)
FN:89,(anonymous_19)
FNF:20
FNH:3
FNDA:3,(anonymous_0)
FNDA:3,(anonymous_1)
FNDA:0,(anonymous_2)
FNDA:0,adopt
FNDA:0,(anonymous_4)
FNDA:0,(anonymous_5)
FNDA:0,fulfilled
FNDA:0,rejected
FNDA:0,step
FNDA:1,(anonymous_9)
FNDA:0,(anonymous_10)
FNDA:0,(anonymous_11)
FNDA:0,(anonymous_12)
FNDA:0,(anonymous_13)
FNDA:0,(anonymous_14)
FNDA:0,(anonymous_15)
FNDA:0,(anonymous_16)
FNDA:0,(anonymous_17)
FNDA:0,(anonymous_18)
FNDA:0,(anonymous_19)
DA:2,1
DA:3,3
DA:4,3
DA:5,0
DA:6,3
DA:8,1
DA:9,3
DA:11,1
DA:12,0
DA:13,0
DA:14,0
DA:15,0
DA:16,0
DA:17,0
DA:20,1
DA:21,1
DA:22,1
DA:23,1
DA:24,1
DA:25,1
DA:26,1
DA:27,1
DA:29,1
DA:32,0
DA:33,0
DA:34,0
DA:45,0
DA:46,0
DA:50,0
DA:51,0
DA:52,0
DA:54,0
DA:55,0
DA:65,0
DA:66,0
DA:67,0
DA:68,0
DA:69,0
DA:72,0
DA:76,0
DA:77,0
DA:78,0
DA:79,0
DA:80,0
DA:81,0
DA:84,0
DA:89,0
DA:90,0
DA:91,0
DA:93,0
DA:94,0
DA:98,1
DA:102,1
DA:106,1
DA:110,1
LF:55
LH:20
BRDA:2,0,0,1
BRDA:2,0,1,1
BRDA:2,0,2,1
BRDA:3,1,0,1
BRDA:3,1,1,2
BRDA:3,2,0,0
BRDA:3,2,1,2
BRDA:4,3,0,3
BRDA:4,3,1,0
BRDA:4,4,0,3
BRDA:4,4,1,3
BRDA:5,5,0,0
BRDA:5,5,1,0
BRDA:5,6,0,0
BRDA:5,6,1,0
BRDA:5,7,0,0
BRDA:5,7,1,0
BRDA:5,8,0,0
BRDA:5,8,1,0
BRDA:6,9,0,3
BRDA:6,9,1,2
BRDA:6,9,2,0
BRDA:8,10,0,1
BRDA:8,10,1,1
BRDA:8,10,2,1
BRDA:9,11,0,3
BRDA:9,11,1,0
BRDA:9,12,0,3
BRDA:9,12,1,3
BRDA:11,13,0,1
BRDA:11,13,1,1
BRDA:11,13,2,1
BRDA:12,14,0,0
BRDA:12,14,1,0
BRDA:13,15,0,0
BRDA:13,15,1,0
BRDA:16,16,0,0
BRDA:16,16,1,0
BRDA:17,17,0,0
BRDA:17,17,1,0
BRDA:37,18,0,0
BRDA:37,18,1,0
BRDA:40,19,0,0
BRDA:40,19,1,0
BRDA:51,20,0,0
BRDA:51,20,1,0
BRDA:67,21,0,0
BRDA:67,21,1,0
BRDA:67,22,0,0
BRDA:67,22,1,0
BRDA:67,22,2,0
BRDA:78,23,0,0
BRDA:78,23,1,0
BRDA:78,24,0,0
BRDA:78,24,1,0
BRDA:78,24,2,0
BRDA:90,25,0,0
BRDA:90,25,1,0
BRF:58
BRH:20
end_of_record
TN:
SF:build\src\src\controllers\user.controller.js
FN:2,(anonymous_0)
FN:8,(anonymous_1)
FN:11,(anonymous_2)
FN:12,adopt
FN:12,(anonymous_4)
FN:13,(anonymous_5)
FN:14,fulfilled
FN:15,rejected
FN:16,step
FN:30,(anonymous_9)
FN:36,(anonymous_10)
FN:39,(anonymous_11)
FN:40,(anonymous_12)
FN:53,(anonymous_13)
FN:54,(anonymous_14)
FN:69,(anonymous_15)
FN:70,(anonymous_16)
FN:99,(anonymous_17)
FN:100,(anonymous_18)
FN:121,(anonymous_19)
FN:122,(anonymous_20)
FN:137,(anonymous_21)
FN:138,(anonymous_22)
FN:142,(anonymous_23)
FN:143,(anonymous_24)
FN:147,(anonymous_25)
FN:148,(anonymous_26)
FN:163,(anonymous_27)
FN:164,(anonymous_28)
FN:172,(anonymous_29)
FN:173,(anonymous_30)
FN:184,(anonymous_31)
FN:185,(anonymous_32)
FNF:33
FNH:4
FNDA:3,(anonymous_0)
FNDA:3,(anonymous_1)
FNDA:0,(anonymous_2)
FNDA:0,adopt
FNDA:0,(anonymous_4)
FNDA:0,(anonymous_5)
FNDA:0,fulfilled
FNDA:0,rejected
FNDA:0,step
FNDA:1,(anonymous_9)
FNDA:1,(anonymous_10)
FNDA:0,(anonymous_11)
FNDA:0,(anonymous_12)
FNDA:0,(anonymous_13)
FNDA:0,(anonymous_14)
FNDA:0,(anonymous_15)
FNDA:0,(anonymous_16)
FNDA:0,(anonymous_17)
FNDA:0,(anonymous_18)
FNDA:0,(anonymous_19)
FNDA:0,(anonymous_20)
FNDA:0,(anonymous_21)
FNDA:0,(anonymous_22)
FNDA:0,(anonymous_23)
FNDA:0,(anonymous_24)
FNDA:0,(anonymous_25)
FNDA:0,(anonymous_26)
FNDA:0,(anonymous_27)
FNDA:0,(anonymous_28)
FNDA:0,(anonymous_29)
FNDA:0,(anonymous_30)
FNDA:0,(anonymous_31)
FNDA:0,(anonymous_32)
DA:2,1
DA:3,3
DA:4,3
DA:5,0
DA:6,3
DA:8,1
DA:9,3
DA:11,1
DA:12,0
DA:13,0
DA:14,0
DA:15,0
DA:16,0
DA:17,0
DA:20,1
DA:21,1
DA:22,1
DA:23,1
DA:24,1
DA:25,1
DA:26,1
DA:27,1
DA:28,1
DA:30,1
DA:31,1
DA:32,1
DA:33,1
DA:35,1
DA:37,1
DA:40,0
DA:41,0
DA:42,0
DA:43,0
DA:49,0
DA:50,0
DA:54,0
DA:55,0
DA:56,0
DA:58,0
DA:59,0
DA:70,0
DA:71,0
DA:72,0
DA:74,0
DA:75,0
DA:77,0
DA:78,0
DA:80,0
DA:81,0
DA:83,0
DA:84,0
DA:86,0
DA:91,0
DA:92,0
DA:93,0
DA:100,0
DA:101,0
DA:102,0
DA:104,0
DA:105,0
DA:107,0
DA:108,0
DA:110,0
DA:114,0
DA:115,0
DA:122,0
DA:123,0
DA:124,0
DA:126,0
DA:127,0
DA:129,0
DA:133,0
DA:134,0
DA:138,0
DA:139,0
DA:143,0
DA:144,0
DA:148,0
DA:149,0
DA:150,0
DA:152,0
DA:153,0
DA:155,0
DA:159,0
DA:160,0
DA:164,0
DA:165,0
DA:166,0
DA:167,0
DA:169,0
DA:173,0
DA:174,0
DA:175,0
DA:177,0
DA:180,0
DA:181,0
DA:185,0
DA:186,0
DA:187,0
DA:189,0
DA:193,0
DA:194,0
DA:198,1
DA:202,1
DA:206,1
DA:210,1
LF:106
LH:26
BRDA:2,0,0,1
BRDA:2,0,1,1
BRDA:2,0,2,1
BRDA:3,1,0,1
BRDA:3,1,1,2
BRDA:3,2,0,0
BRDA:3,2,1,2
BRDA:4,3,0,3
BRDA:4,3,1,0
BRDA:4,4,0,3
BRDA:4,4,1,3
BRDA:5,5,0,0
BRDA:5,5,1,0
BRDA:5,6,0,0
BRDA:5,6,1,0
BRDA:5,7,0,0
BRDA:5,7,1,0
BRDA:5,8,0,0
BRDA:5,8,1,0
BRDA:6,9,0,3
BRDA:6,9,1,2
BRDA:6,9,2,0
BRDA:8,10,0,1
BRDA:8,10,1,1
BRDA:8,10,2,1
BRDA:9,11,0,3
BRDA:9,11,1,0
BRDA:9,12,0,3
BRDA:9,12,1,3
BRDA:11,13,0,1
BRDA:11,13,1,1
BRDA:11,13,2,1
BRDA:12,14,0,0
BRDA:12,14,1,0
BRDA:13,15,0,0
BRDA:13,15,1,0
BRDA:16,16,0,0
BRDA:16,16,1,0
BRDA:17,17,0,0
BRDA:17,17,1,0
BRDA:34,18,0,1
BRDA:34,18,1,1
BRDA:41,19,0,0
BRDA:41,19,1,0
BRDA:42,20,0,0
BRDA:42,20,1,0
BRDA:55,21,0,0
BRDA:55,21,1,0
BRDA:71,22,0,0
BRDA:71,22,1,0
BRDA:74,23,0,0
BRDA:74,23,1,0
BRDA:77,24,0,0
BRDA:77,24,1,0
BRDA:80,25,0,0
BRDA:80,25,1,0
BRDA:83,26,0,0
BRDA:83,26,1,0
BRDA:101,27,0,0
BRDA:101,27,1,0
BRDA:104,28,0,0
BRDA:104,28,1,0
BRDA:107,29,0,0
BRDA:107,29,1,0
BRDA:123,30,0,0
BRDA:123,30,1,0
BRDA:126,31,0,0
BRDA:126,31,1,0
BRDA:149,32,0,0
BRDA:149,32,1,0
BRDA:152,33,0,0
BRDA:152,33,1,0
BRDA:165,34,0,0
BRDA:165,34,1,0
BRDA:165,34,2,0
BRDA:166,35,0,0
BRDA:166,35,1,0
BRDA:174,36,0,0
BRDA:174,36,1,0
BRDA:186,37,0,0
BRDA:186,37,1,0
BRF:81
BRH:22
end_of_record
TN:
SF:build\src\src\dto\model\task.model.js
FNF:0
FNH:0
DA:2,1
DA:3,1
DA:4,1
DA:14,1
LF:4
LH:4
BRF:0
BRH:0
end_of_record
TN:
SF:build\src\src\errors\app.errors.js
FN:6,(anonymous_0)
FN:15,(anonymous_1)
FN:21,(anonymous_2)
FN:27,(anonymous_3)
FN:33,(anonymous_4)
FN:39,(anonymous_5)
FN:45,(anonymous_6)
FN:51,(anonymous_7)
FN:57,(anonymous_8)
FN:68,(anonymous_9)
FN:74,(anonymous_10)
FNF:11
FNH:2
FNDA:7,(anonymous_0)
FNDA:0,(anonymous_1)
FNDA:0,(anonymous_2)
FNDA:0,(anonymous_3)
FNDA:7,(anonymous_4)
FNDA:0,(anonymous_5)
FNDA:0,(anonymous_6)
FNDA:0,(anonymous_7)
FNDA:0,(anonymous_8)
FNDA:0,(anonymous_9)
FNDA:0,(anonymous_10)
DA:2,1
DA:3,1
DA:4,1
DA:7,7
DA:8,7
DA:9,7
DA:10,7
DA:13,1
DA:16,0
DA:19,1
DA:22,0
DA:25,1
DA:28,0
DA:31,1
DA:34,7
DA:37,1
DA:40,0
DA:43,1
DA:46,0
DA:49,1
DA:52,0
DA:55,1
DA:58,0
DA:59,0
DA:62,0
DA:66,1
DA:69,0
DA:72,1
DA:75,0
DA:78,1
LF:30
LH:19
BRDA:58,0,0,0
BRDA:58,0,1,0
BRF:2
BRH:0
end_of_record
TN:
SF:build\src\src\errors\error.handler.js
FN:6,default_1
FN:11,(anonymous_1)
FN:15,(anonymous_2)
FN:28,(anonymous_3)
FN:50,onError
FNF:5
FNH:3
FNDA:1,default_1
FNDA:7,(anonymous_1)
FNDA:7,(anonymous_2)
FNDA:0,(anonymous_3)
FNDA:0,onError
DA:2,1
DA:3,1
DA:4,1
DA:5,1
DA:11,1
DA:12,7
DA:15,1
DA:16,7
DA:17,7
DA:18,7
DA:19,7
DA:22,0
DA:25,0
DA:28,1
DA:29,0
DA:30,0
DA:31,0
DA:32,0
DA:35,0
DA:37,0
DA:38,0
DA:41,0
DA:42,0
DA:44,0
DA:45,0
DA:47,0
DA:50,1
DA:51,0
DA:52,0
DA:55,1
LF:30
LH:14
BRDA:16,0,0,7
BRDA:16,0,1,0
BRDA:17,1,0,7
BRDA:17,1,1,0
BRDA:30,2,0,0
BRDA:30,2,1,0
BRDA:31,3,0,0
BRDA:31,3,1,0
BRDA:37,4,0,0
BRDA:37,4,1,0
BRDA:41,5,0,0
BRDA:41,5,1,0
BRDA:44,6,0,0
BRDA:44,6,1,0
BRF:14
BRH:2
end_of_record
TN:
SF:build\src\src\repositories\repository.js
FN:2,(anonymous_0)
FN:8,(anonymous_1)
FN:11,(anonymous_2)
FN:12,(anonymous_3)
FN:14,(anonymous_4)
FN:15,adopt
FN:15,(anonymous_6)
FN:16,(anonymous_7)
FN:17,fulfilled
FN:18,rejected
FN:19,step
FN:35,(anonymous_11)
FN:38,(anonymous_12)
FN:39,(anonymous_13)
FN:46,(anonymous_14)
FN:47,(anonymous_15)
FN:62,(anonymous_16)
FN:63,(anonymous_17)
FN:72,(anonymous_18)
FN:75,(anonymous_19)
FN:76,(anonymous_20)
FN:80,(anonymous_21)
FN:81,(anonymous_22)
FN:85,(anonymous_23)
FN:86,(anonymous_24)
FN:89,(anonymous_25)
FN:98,(anonymous_26)
FN:99,(anonymous_27)
FN:109,(anonymous_28)
FN:110,(anonymous_29)
FN:113,(anonymous_30)
FN:122,(anonymous_31)
FNF:32
FNH:15
FNDA:1,(anonymous_0)
FNDA:1,(anonymous_1)
FNDA:1,(anonymous_2)
FNDA:1,(anonymous_3)
FNDA:9,(anonymous_4)
FNDA:9,adopt
FNDA:0,(anonymous_6)
FNDA:9,(anonymous_7)
FNDA:9,fulfilled
FNDA:0,rejected
FNDA:18,step
FNDA:3,(anonymous_11)
FNDA:0,(anonymous_12)
FNDA:0,(anonymous_13)
FNDA:0,(anonymous_14)
FNDA:0,(anonymous_15)
FNDA:1,(anonymous_16)
FNDA:1,(anonymous_17)
FNDA:0,(anonymous_18)
FNDA:0,(anonymous_19)
FNDA:0,(anonymous_20)
FNDA:0,(anonymous_21)
FNDA:0,(anonymous_22)
FNDA:0,(anonymous_23)
FNDA:0,(anonymous_24)
FNDA:0,(anonymous_25)
FNDA:8,(anonymous_26)
FNDA:8,(anonymous_27)
FNDA:0,(anonymous_28)
FNDA:0,(anonymous_29)
FNDA:0,(anonymous_30)
FNDA:1,(anonymous_31)
DA:2,1
DA:3,1
DA:4,1
DA:5,0
DA:6,1
DA:8,1
DA:9,1
DA:11,1
DA:12,1
DA:14,1
DA:15,9
DA:16,9
DA:17,9
DA:18,0
DA:19,18
DA:20,9
DA:23,1
DA:24,1
DA:25,1
DA:26,1
DA:34,1
DA:36,3
DA:39,0
DA:40,0
DA:41,0
DA:42,0
DA:43,0
DA:47,0
DA:48,0
DA:49,0
DA:50,0
DA:51,0
DA:53,0
DA:54,0
DA:55,0
DA:57,0
DA:58,0
DA:59,0
DA:63,1
DA:64,1
DA:65,0
DA:67,1
DA:68,1
DA:69,1
DA:73,0
DA:76,0
DA:77,0
DA:81,0
DA:82,0
DA:86,0
DA:87,0
DA:88,0
DA:89,0
DA:92,0
DA:94,0
DA:95,0
DA:99,8
DA:100,8
DA:101,8
DA:102,8
DA:105,0
DA:110,0
DA:111,0
DA:112,0
DA:113,0
DA:116,0
DA:118,0
DA:119,0
DA:123,1
DA:126,1
DA:131,1
LF:71
LH:32
BRDA:2,0,0,1
BRDA:2,0,1,1
BRDA:2,0,2,1
BRDA:3,1,0,1
BRDA:3,1,1,0
BRDA:3,2,0,0
BRDA:3,2,1,0
BRDA:4,3,0,1
BRDA:4,3,1,0
BRDA:4,4,0,1
BRDA:4,4,1,1
BRDA:5,5,0,0
BRDA:5,5,1,0
BRDA:5,6,0,0
BRDA:5,6,1,0
BRDA:5,7,0,0
BRDA:5,7,1,0
BRDA:5,8,0,0
BRDA:5,8,1,0
BRDA:6,9,0,1
BRDA:6,9,1,0
BRDA:6,9,2,0
BRDA:8,10,0,1
BRDA:8,10,1,1
BRDA:8,10,2,1
BRDA:9,11,0,1
BRDA:9,11,1,0
BRDA:9,12,0,1
BRDA:9,12,1,1
BRDA:11,13,0,1
BRDA:11,13,1,1
BRDA:11,13,2,1
BRDA:14,14,0,1
BRDA:14,14,1,1
BRDA:14,14,2,1
BRDA:15,15,0,9
BRDA:15,15,1,0
BRDA:16,16,0,9
BRDA:16,16,1,9
BRDA:19,17,0,9
BRDA:19,17,1,9
BRDA:20,18,0,9
BRDA:20,18,1,9
BRDA:38,19,0,0
BRDA:46,20,0,0
BRDA:46,21,0,0
BRDA:46,22,0,0
BRDA:50,23,0,0
BRDA:50,23,1,0
BRDA:53,24,0,0
BRDA:53,24,1,0
BRDA:64,25,0,0
BRDA:64,25,1,1
BRDA:88,26,0,0
BRDA:88,26,1,0
BRDA:101,27,0,8
BRDA:101,27,1,0
BRDA:112,28,0,0
BRDA:112,28,1,0
BRF:59
BRH:29
end_of_record
TN:
SF:build\src\src\repositories\task.repository.js
FN:2,(anonymous_0)
FN:8,(anonymous_1)
FN:11,(anonymous_2)
FN:12,adopt
FN:12,(anonymous_4)
FN:13,(anonymous_5)
FN:14,fulfilled
FN:15,rejected
FN:16,step
FN:30,(anonymous_9)
FN:34,(anonymous_10)
FN:35,(anonymous_11)
FNF:12
FNH:3
FNDA:1,(anonymous_0)
FNDA:1,(anonymous_1)
FNDA:0,(anonymous_2)
FNDA:0,adopt
FNDA:0,(anonymous_4)
FNDA:0,(anonymous_5)
FNDA:0,fulfilled
FNDA:0,rejected
FNDA:0,step
FNDA:1,(anonymous_9)
FNDA:0,(anonymous_10)
FNDA:0,(anonymous_11)
DA:2,1
DA:3,1
DA:4,1
DA:5,0
DA:6,1
DA:8,1
DA:9,1
DA:11,1
DA:12,0
DA:13,0
DA:14,0
DA:15,0
DA:16,0
DA:17,0
DA:20,1
DA:21,1
DA:22,1
DA:23,1
DA:29,1
DA:31,1
DA:32,1
DA:35,0
DA:36,0
DA:40,1
DA:44,1
LF:25
LH:16
BRDA:2,0,0,1
BRDA:2,0,1,1
BRDA:2,0,2,1
BRDA:3,1,0,1
BRDA:3,1,1,0
BRDA:3,2,0,0
BRDA:3,2,1,0
BRDA:4,3,0,1
BRDA:4,3,1,0
BRDA:4,4,0,1
BRDA:4,4,1,1
BRDA:5,5,0,0
BRDA:5,5,1,0
BRDA:5,6,0,0
BRDA:5,6,1,0
BRDA:5,7,0,0
BRDA:5,7,1,0
BRDA:5,8,0,0
BRDA:5,8,1,0
BRDA:6,9,0,1
BRDA:6,9,1,0
BRDA:6,9,2,0
BRDA:8,10,0,1
BRDA:8,10,1,1
BRDA:8,10,2,1
BRDA:9,11,0,1
BRDA:9,11,1,0
BRDA:9,12,0,1
BRDA:9,12,1,1
BRDA:11,13,0,1
BRDA:11,13,1,1
BRDA:11,13,2,1
BRDA:12,14,0,0
BRDA:12,14,1,0
BRDA:13,15,0,0
BRDA:13,15,1,0
BRDA:16,16,0,0
BRDA:16,16,1,0
BRDA:17,17,0,0
BRDA:17,17,1,0
BRF:40
BRH:17
end_of_record
TN:
SF:build\src\src\repositories\user.repository.js
FN:2,(anonymous_0)
FN:8,(anonymous_1)
FN:11,(anonymous_2)
FN:12,adopt
FN:12,(anonymous_4)
FN:13,(anonymous_5)
FN:14,fulfilled
FN:15,rejected
FN:16,step
FN:29,(anonymous_9)
FN:32,(anonymous_10)
FN:33,(anonymous_11)
FN:41,(anonymous_12)
FN:42,(anonymous_13)
FNF:14
FNH:3
FNDA:1,(anonymous_0)
FNDA:1,(anonymous_1)
FNDA:0,(anonymous_2)
FNDA:0,adopt
FNDA:0,(anonymous_4)
FNDA:0,(anonymous_5)
FNDA:0,fulfilled
FNDA:0,rejected
FNDA:0,step
FNDA:1,(anonymous_9)
FNDA:0,(anonymous_10)
FNDA:0,(anonymous_11)
FNDA:0,(anonymous_12)
FNDA:0,(anonymous_13)
DA:2,1
DA:3,1
DA:4,1
DA:5,0
DA:6,1
DA:8,1
DA:9,1
DA:11,1
DA:12,0
DA:13,0
DA:14,0
DA:15,0
DA:16,0
DA:17,0
DA:20,1
DA:21,1
DA:22,1
DA:28,1
DA:30,1
DA:33,0
DA:34,0
DA:35,0
DA:36,0
DA:38,0
DA:42,0
DA:43,0
DA:44,0
DA:45,0
DA:47,0
DA:51,1
DA:55,1
LF:31
LH:14
BRDA:2,0,0,1
BRDA:2,0,1,1
BRDA:2,0,2,1
BRDA:3,1,0,1
BRDA:3,1,1,0
BRDA:3,2,0,0
BRDA:3,2,1,0
BRDA:4,3,0,1
BRDA:4,3,1,0
BRDA:4,4,0,1
BRDA:4,4,1,1
BRDA:5,5,0,0
BRDA:5,5,1,0
BRDA:5,6,0,0
BRDA:5,6,1,0
BRDA:5,7,0,0
BRDA:5,7,1,0
BRDA:5,8,0,0
BRDA:5,8,1,0
BRDA:6,9,0,1
BRDA:6,9,1,0
BRDA:6,9,2,0
BRDA:8,10,0,1
BRDA:8,10,1,1
BRDA:8,10,2,1
BRDA:9,11,0,1
BRDA:9,11,1,0
BRDA:9,12,0,1
BRDA:9,12,1,1
BRDA:11,13,0,1
BRDA:11,13,1,1
BRDA:11,13,2,1
BRDA:12,14,0,0
BRDA:12,14,1,0
BRDA:13,15,0,0
BRDA:13,15,1,0
BRDA:16,16,0,0
BRDA:16,16,1,0
BRDA:17,17,0,0
BRDA:17,17,1,0
BRDA:35,18,0,0
BRDA:35,18,1,0
BRDA:44,19,0,0
BRDA:44,19,1,0
BRF:44
BRH:17
end_of_record
TN:
SF:build\src\src\services\task.service.js
FN:2,(anonymous_0)
FN:8,(anonymous_1)
FN:11,(anonymous_2)
FN:12,adopt
FN:12,(anonymous_4)
FN:13,(anonymous_5)
FN:14,fulfilled
FN:15,rejected
FN:16,step
FN:20,(anonymous_9)
FN:40,(anonymous_10)
FN:41,(anonymous_11)
FN:45,(anonymous_12)
FN:46,(anonymous_13)
FN:53,(anonymous_14)
FN:54,(anonymous_15)
FN:59,(anonymous_16)
FN:60,(anonymous_17)
FN:64,(anonymous_18)
FNF:19
FNH:2
FNDA:2,(anonymous_0)
FNDA:1,(anonymous_1)
FNDA:0,(anonymous_2)
FNDA:0,adopt
FNDA:0,(anonymous_4)
FNDA:0,(anonymous_5)
FNDA:0,fulfilled
FNDA:0,rejected
FNDA:0,step
FNDA:0,(anonymous_9)
FNDA:0,(anonymous_10)
FNDA:0,(anonymous_11)
FNDA:0,(anonymous_12)
FNDA:0,(anonymous_13)
FNDA:0,(anonymous_14)
FNDA:0,(anonymous_15)
FNDA:0,(anonymous_16)
FNDA:0,(anonymous_17)
FNDA:0,(anonymous_18)
DA:2,1
DA:3,2
DA:4,2
DA:5,0
DA:6,2
DA:8,1
DA:9,1
DA:11,1
DA:12,0
DA:13,0
DA:14,0
DA:15,0
DA:16,0
DA:17,0
DA:20,1
DA:21,0
DA:22,0
DA:23,0
DA:24,0
DA:25,0
DA:26,0
DA:27,0
DA:29,0
DA:31,1
DA:32,1
DA:33,1
DA:34,1
DA:39,1
DA:41,0
DA:42,0
DA:46,0
DA:48,0
DA:49,0
DA:50,0
DA:54,0
DA:55,0
DA:56,0
DA:60,0
DA:61,0
DA:65,0
DA:68,1
DA:72,1
DA:75,1
LF:43
LH:16
BRDA:2,0,0,1
BRDA:2,0,1,1
BRDA:2,0,2,1
BRDA:3,1,0,1
BRDA:3,1,1,1
BRDA:3,2,0,0
BRDA:3,2,1,1
BRDA:4,3,0,2
BRDA:4,3,1,0
BRDA:4,4,0,2
BRDA:4,4,1,2
BRDA:5,5,0,0
BRDA:5,5,1,0
BRDA:5,6,0,0
BRDA:5,6,1,0
BRDA:5,7,0,0
BRDA:5,7,1,0
BRDA:5,8,0,0
BRDA:5,8,1,0
BRDA:6,9,0,2
BRDA:6,9,1,1
BRDA:6,9,2,0
BRDA:8,10,0,1
BRDA:8,10,1,1
BRDA:8,10,2,1
BRDA:9,11,0,1
BRDA:9,11,1,0
BRDA:9,12,0,1
BRDA:9,12,1,1
BRDA:11,13,0,1
BRDA:11,13,1,1
BRDA:11,13,2,1
BRDA:12,14,0,0
BRDA:12,14,1,0
BRDA:13,15,0,0
BRDA:13,15,1,0
BRDA:16,16,0,0
BRDA:16,16,1,0
BRDA:17,17,0,0
BRDA:17,17,1,0
BRDA:20,18,0,1
BRDA:20,18,1,1
BRDA:20,18,2,1
BRDA:22,19,0,0
BRDA:22,19,1,0
BRDA:22,20,0,0
BRDA:22,20,1,0
BRDA:24,21,0,0
BRDA:24,21,1,0
BRDA:24,22,0,0
BRDA:24,22,1,0
BRDA:26,23,0,0
BRDA:26,23,1,0
BRDA:26,24,0,0
BRDA:26,24,1,0
BRF:55
BRH:23
end_of_record
TN:
SF:build\src\src\services\user.service.js
FN:2,(anonymous_0)
FN:8,(anonymous_1)
FN:11,(anonymous_2)
FN:12,adopt
FN:12,(anonymous_4)
FN:13,(anonymous_5)
FN:14,fulfilled
FN:15,rejected
FN:16,step
FN:35,(anonymous_9)
FN:36,(anonymous_10)
FN:42,(anonymous_11)
FN:57,(anonymous_12)
FN:60,(anonymous_13)
FN:61,(anonymous_14)
FN:68,(anonymous_15)
FN:69,(anonymous_16)
FN:74,(anonymous_17)
FN:75,(anonymous_18)
FN:87,(anonymous_19)
FN:88,(anonymous_20)
FN:89,(anonymous_21)
FN:90,(anonymous_22)
FN:99,(anonymous_23)
FN:102,(anonymous_24)
FN:105,(anonymous_25)
FN:110,(anonymous_26)
FN:111,(anonymous_27)
FN:119,(anonymous_28)
FN:120,(anonymous_29)
FN:126,(anonymous_30)
FN:127,(anonymous_31)
FN:134,(anonymous_32)
FN:141,(anonymous_33)
FN:142,(anonymous_34)
FN:163,(anonymous_35)
FN:164,(anonymous_36)
FN:173,(anonymous_37)
FN:176,(anonymous_38)
FN:177,(anonymous_39)
FN:193,(anonymous_40)
FN:194,(anonymous_41)
FNF:42
FNH:2
FNDA:2,(anonymous_0)
FNDA:1,(anonymous_1)
FNDA:0,(anonymous_2)
FNDA:0,adopt
FNDA:0,(anonymous_4)
FNDA:0,(anonymous_5)
FNDA:0,fulfilled
FNDA:0,rejected
FNDA:0,step
FNDA:0,(anonymous_9)
FNDA:0,(anonymous_10)
FNDA:0,(anonymous_11)
FNDA:0,(anonymous_12)
FNDA:0,(anonymous_13)
FNDA:0,(anonymous_14)
FNDA:0,(anonymous_15)
FNDA:0,(anonymous_16)
FNDA:0,(anonymous_17)
FNDA:0,(anonymous_18)
FNDA:0,(anonymous_19)
FNDA:0,(anonymous_20)
FNDA:0,(anonymous_21)
FNDA:0,(anonymous_22)
FNDA:0,(anonymous_23)
FNDA:0,(anonymous_24)
FNDA:0,(anonymous_25)
FNDA:0,(anonymous_26)
FNDA:0,(anonymous_27)
FNDA:0,(anonymous_28)
FNDA:0,(anonymous_29)
FNDA:0,(anonymous_30)
FNDA:0,(anonymous_31)
FNDA:0,(anonymous_32)
FNDA:0,(anonymous_33)
FNDA:0,(anonymous_34)
FNDA:0,(anonymous_35)
FNDA:0,(anonymous_36)
FNDA:0,(anonymous_37)
FNDA:0,(anonymous_38)
FNDA:0,(anonymous_39)
FNDA:0,(anonymous_40)
FNDA:0,(anonymous_41)
DA:2,1
DA:3,2
DA:4,2
DA:5,0
DA:6,2
DA:8,1
DA:9,1
DA:11,1
DA:12,0
DA:13,0
DA:14,0
DA:15,0
DA:16,0
DA:17,0
DA:20,1
DA:21,1
DA:22,1
DA:23,1
DA:24,1
DA:25,1
DA:26,1
DA:27,1
DA:28,1
DA:29,1
DA:34,1
DA:36,0
DA:37,0
DA:38,0
DA:39,0
DA:42,0
DA:43,0
DA:44,0
DA:46,0
DA:47,0
DA:50,0
DA:51,0
DA:57,0
DA:61,0
DA:63,0
DA:64,0
DA:65,0
DA:69,0
DA:70,0
DA:71,0
DA:75,0
DA:76,0
DA:77,0
DA:78,0
DA:79,0
DA:80,0
DA:81,0
DA:83,0
DA:88,0
DA:89,0
DA:90,0
DA:91,0
DA:92,0
DA:94,0
DA:100,0
DA:103,0
DA:106,0
DA:107,0
DA:108,0
DA:111,0
DA:112,0
DA:113,0
DA:115,0
DA:116,0
DA:120,0
DA:121,0
DA:122,0
DA:123,0
DA:127,0
DA:128,0
DA:129,0
DA:130,0
DA:131,0
DA:135,0
DA:136,0
DA:137,0
DA:138,0
DA:139,0
DA:142,0
DA:143,0
DA:144,0
DA:145,0
DA:146,0
DA:147,0
DA:148,0
DA:150,0
DA:151,0
DA:152,0
DA:154,0
DA:157,0
DA:158,0
DA:160,0
DA:164,0
DA:165,0
DA:166,0
DA:167,0
DA:168,0
DA:170,0
DA:171,0
DA:172,0
DA:173,0
DA:177,0
DA:178,0
DA:179,0
DA:180,0
DA:181,0
DA:183,0
DA:184,0
DA:185,0
DA:186,0
DA:189,0
DA:194,0
DA:195,0
DA:196,0
DA:197,0
DA:199,0
DA:200,0
DA:201,0
DA:205,1
DA:209,1
DA:212,1
LF:125
LH:21
BRDA:2,0,0,1
BRDA:2,0,1,1
BRDA:2,0,2,1
BRDA:3,1,0,1
BRDA:3,1,1,1
BRDA:3,2,0,0
BRDA:3,2,1,1
BRDA:4,3,0,2
BRDA:4,3,1,0
BRDA:4,4,0,2
BRDA:4,4,1,2
BRDA:5,5,0,0
BRDA:5,5,1,0
BRDA:5,6,0,0
BRDA:5,6,1,0
BRDA:5,7,0,0
BRDA:5,7,1,0
BRDA:5,8,0,0
BRDA:5,8,1,0
BRDA:6,9,0,2
BRDA:6,9,1,1
BRDA:6,9,2,0
BRDA:8,10,0,1
BRDA:8,10,1,1
BRDA:8,10,2,1
BRDA:9,11,0,1
BRDA:9,11,1,0
BRDA:9,12,0,1
BRDA:9,12,1,1
BRDA:11,13,0,1
BRDA:11,13,1,1
BRDA:11,13,2,1
BRDA:12,14,0,0
BRDA:12,14,1,0
BRDA:13,15,0,0
BRDA:13,15,1,0
BRDA:16,16,0,0
BRDA:16,16,1,0
BRDA:17,17,0,0
BRDA:17,17,1,0
BRDA:43,18,0,0
BRDA:43,18,1,0
BRDA:46,19,0,0
BRDA:46,19,1,0
BRDA:63,20,0,0
BRDA:63,20,1,0
BRDA:77,21,0,0
BRDA:77,21,1,0
BRDA:80,22,0,0
BRDA:80,22,1,0
BRDA:91,23,0,0
BRDA:91,23,1,0
BRDA:108,24,0,0
BRDA:108,24,1,0
BRDA:112,25,0,0
BRDA:112,25,1,0
BRDA:147,26,0,0
BRDA:147,26,1,0
BRDA:147,27,0,0
BRDA:147,27,1,0
BRDA:152,28,0,0
BRDA:152,28,1,0
BRDA:152,29,0,0
BRDA:152,29,1,0
BRDA:167,30,0,0
BRDA:167,30,1,0
BRDA:167,31,0,0
BRDA:167,31,1,0
BRDA:180,32,0,0
BRDA:180,32,1,0
BRDA:180,33,0,0
BRDA:180,33,1,0
BRDA:184,34,0,0
BRDA:184,34,1,0
BRDA:196,35,0,0
BRDA:196,35,1,0
BRDA:196,36,0,0
BRDA:196,36,1,0
BRF:78
BRH:20
end_of_record
TN:
SF:build\src\src\utils\asyncWrapper.js
FN:2,(anonymous_0)
FN:3,adopt
FN:3,(anonymous_2)
FN:4,(anonymous_3)
FN:5,fulfilled
FN:6,rejected
FN:7,step
FN:18,asyncWrap
FN:19,(anonymous_8)
FN:19,(anonymous_9)
FNF:10
FNH:6
FNDA:1,(anonymous_0)
FNDA:0,adopt
FNDA:0,(anonymous_2)
FNDA:1,(anonymous_3)
FNDA:0,fulfilled
FNDA:0,rejected
FNDA:1,step
FNDA:12,asyncWrap
FNDA:1,(anonymous_8)
FNDA:1,(anonymous_9)
DA:2,1
DA:3,0
DA:4,1
DA:5,0
DA:6,0
DA:7,1
DA:8,1
DA:11,1
DA:12,1
DA:13,1
DA:14,1
DA:15,1
DA:16,1
DA:19,12
DA:20,1
DA:21,1
DA:22,1
DA:23,1
DA:24,1
DA:26,0
DA:27,0
DA:29,0
DA:30,0
DA:31,0
DA:33,0
DA:34,0
DA:35,0
DA:36,0
DA:38,0
DA:41,0
DA:44,0
DA:47,0
DA:51,1
LF:33
LH:17
BRDA:2,0,0,1
BRDA:2,0,1,1
BRDA:2,0,2,1
BRDA:3,1,0,0
BRDA:3,1,1,0
BRDA:4,2,0,1
BRDA:4,2,1,1
BRDA:7,3,0,1
BRDA:7,3,1,0
BRDA:8,4,0,1
BRDA:8,4,1,1
BRDA:21,5,0,1
BRDA:21,5,1,0
BRDA:22,6,0,1
BRDA:22,6,1,1
BRDA:22,6,2,1
BRDA:23,7,0,1
BRDA:23,7,1,0
BRDA:30,8,0,0
BRDA:30,8,1,0
BRDA:30,9,0,0
BRDA:30,9,1,0
BRDA:34,10,0,0
BRDA:34,10,1,0
BRDA:35,11,0,0
BRDA:35,11,1,0
BRF:26
BRH:13
end_of_record
TN:
SF:build\src\src\utils\mail.js
FN:2,(anonymous_0)
FN:3,adopt
FN:3,(anonymous_2)
FN:4,(anonymous_3)
FN:5,fulfilled
FN:6,rejected
FN:7,step
FN:25,sendMail
FN:26,(anonymous_8)
FNF:9
FNH:0
FNDA:0,(anonymous_0)
FNDA:0,adopt
FNDA:0,(anonymous_2)
FNDA:0,(anonymous_3)
FNDA:0,fulfilled
FNDA:0,rejected
FNDA:0,step
FNDA:0,sendMail
FNDA:0,(anonymous_8)
DA:2,1
DA:3,0
DA:4,0
DA:5,0
DA:6,0
DA:7,0
DA:8,0
DA:11,1
DA:12,1
DA:13,1
DA:14,1
DA:15,1
DA:16,1
DA:26,0
DA:27,0
DA:28,0
DA:45,0
DA:48,0
DA:52,1
LF:19
LH:8
BRDA:2,0,0,1
BRDA:2,0,1,1
BRDA:2,0,2,1
BRDA:3,1,0,0
BRDA:3,1,1,0
BRDA:4,2,0,0
BRDA:4,2,1,0
BRDA:7,3,0,0
BRDA:7,3,1,0
BRDA:8,4,0,0
BRDA:8,4,1,0
BRF:11
BRH:3
end_of_record
TN:
SF:build\src\src\utils\pagination.js
FN:3,paginate
FNF:1
FNH:0
FNDA:0,paginate
DA:2,1
DA:4,0
DA:12,1
LF:3
LH:2
BRDA:8,0,0,0
BRDA:8,0,1,0
BRDA:9,1,0,0
BRDA:9,1,1,0
BRF:4
BRH:0
end_of_record
TN:
SF:build\src\src\utils\utils.js
FN:11,getValidObjectId
FN:21,getUnAuthorizedRoutes
FN:28,getValidateRoutes
FN:35,getOTPConfig
FN:47,getMailConfig
FN:59,response
FNF:6
FNH:3
FNDA:0,getValidObjectId
FNDA:1,getUnAuthorizedRoutes
FNDA:0,getValidateRoutes
FNDA:0,getOTPConfig
FNDA:1,getMailConfig
FNDA:1,response
DA:2,1
DA:3,1
DA:4,1
DA:5,1
DA:6,1
DA:7,1
DA:9,1
DA:10,1
DA:12,0
DA:13,0
DA:15,0
DA:16,0
DA:18,0
DA:20,1
DA:22,1
DA:27,1
DA:29,0
DA:34,1
DA:36,0
DA:46,1
DA:48,1
DA:58,1
DA:60,1
DA:65,1
DA:67,1
LF:25
LH:18
BRDA:12,0,0,0
BRDA:12,0,1,0
BRDA:15,1,0,0
BRDA:15,1,1,0
BRF:4
BRH:0
end_of_record
TN:
SF:build\src\src\utils\validators.js
FN:18,validatePayload
FN:39,fromAJVErrorsToIErrors
FN:40,(anonymous_2)
FNF:3
FNH:0
FNDA:0,validatePayload
FNDA:0,fromAJVErrorsToIErrors
FNDA:0,(anonymous_2)
DA:2,1
DA:3,1
DA:4,1
DA:5,1
DA:6,1
DA:8,1
DA:9,1
DA:17,1
DA:19,0
DA:20,0
DA:21,0
DA:22,0
DA:23,0
DA:24,0
DA:25,0
DA:26,0
DA:29,0
DA:35,0
DA:38,1
DA:40,0
DA:41,0
DA:42,0
DA:43,0
DA:44,0
DA:46,0
LF:25
LH:9
BRDA:23,0,0,0
BRDA:23,0,1,0
BRDA:25,1,0,0
BRDA:25,1,1,0
BRDA:41,2,0,0
BRDA:41,2,1,0
BRDA:41,2,2,0
BRDA:41,2,3,0
BRDA:41,2,4,0
BRDA:41,2,5,0
BRDA:41,2,6,0
BRDA:42,3,0,0
BRDA:42,3,1,0
BRDA:42,4,0,0
BRDA:42,4,1,0
BRDA:43,5,0,0
BRDA:43,5,1,0
BRF:17
BRH:0
end_of_record
TN:
SF:build\src\test\index.js
FN:2,(anonymous_0)
FN:3,adopt
FN:3,(anonymous_2)
FN:4,(anonymous_3)
FN:5,fulfilled
FN:6,rejected
FN:7,step
FN:23,clearDatabase
FN:24,(anonymous_8)
FN:28,clearDatabaseIndices
FN:29,(anonymous_10)
FN:33,(anonymous_11)
FN:33,(anonymous_12)
FN:41,(anonymous_13)
FN:41,(anonymous_14)
FN:45,(anonymous_15)
FN:53,createUser
FN:54,(anonymous_17)
FN:63,createNUsers
FN:64,(anonymous_19)
FNF:20
FNH:16
FNDA:19,(anonymous_0)
FNDA:20,adopt
FNDA:0,(anonymous_2)
FNDA:19,(anonymous_3)
FNDA:20,fulfilled
FNDA:0,rejected
FNDA:39,step
FNDA:8,clearDatabase
FNDA:8,(anonymous_8)
FNDA:1,clearDatabaseIndices
FNDA:1,(anonymous_10)
FNDA:8,(anonymous_11)
FNDA:8,(anonymous_12)
FNDA:1,(anonymous_13)
FNDA:1,(anonymous_14)
FNDA:1,(anonymous_15)
FNDA:1,createUser
FNDA:1,(anonymous_17)
FNDA:0,createNUsers
FNDA:0,(anonymous_19)
DA:2,1
DA:3,20
DA:4,19
DA:5,20
DA:6,0
DA:7,39
DA:8,19
DA:11,1
DA:12,1
DA:13,1
DA:14,1
DA:15,1
DA:16,1
DA:17,1
DA:18,1
DA:19,0
DA:20,0
DA:24,8
DA:25,8
DA:29,1
DA:30,1
DA:33,8
DA:34,8
DA:35,8
DA:38,0
DA:41,1
DA:42,1
DA:43,1
DA:45,1
DA:46,1
DA:47,1
DA:50,0
DA:54,1
DA:55,1
DA:56,1
DA:58,1
DA:59,1
DA:62,1
DA:64,0
DA:65,0
DA:66,0
DA:67,0
DA:68,0
DA:69,0
DA:73,1
LF:45
LH:34
BRDA:2,0,0,1
BRDA:2,0,1,1
BRDA:2,0,2,1
BRDA:3,1,0,20
BRDA:3,1,1,0
BRDA:4,2,0,19
BRDA:4,2,1,19
BRDA:7,3,0,19
BRDA:7,3,1,20
BRDA:8,4,0,19
BRDA:8,4,1,19
BRDA:18,5,0,0
BRDA:18,5,1,1
BRDA:53,6,0,1
BRDA:55,7,0,0
BRDA:55,7,1,1
BRDA:55,8,0,1
BRDA:55,8,1,1
BRDA:56,9,0,0
BRDA:56,9,1,1
BRDA:56,10,0,1
BRDA:56,10,1,1
BRF:22
BRH:18
end_of_record
TN:
SF:src\src\app.ts
FN:18,bootstrap
FN:21,(anonymous_9)
FN:71,(anonymous_10)
FN:74,(anonymous_11)
FNF:4
FNH:3
FNDA:1,bootstrap
FNDA:8,(anonymous_9)
FNDA:1,(anonymous_10)
FNDA:0,(anonymous_11)
DA:1,1
DA:2,1
DA:3,1
DA:4,1
DA:5,1
DA:6,1
DA:7,1
DA:8,1
DA:9,1
DA:10,1
DA:11,1
DA:12,1
DA:13,1
DA:20,1
DA:21,1
DA:22,8
DA:24,8
DA:28,1
DA:29,1
DA:32,1
DA:40,1
DA:45,1
DA:46,1
DA:52,1
DA:53,1
DA:58,1
DA:63,1
DA:67,1
DA:70,1
DA:72,1
DA:75,0
DA:76,0
LF:32
LH:30
BRDA:20,0,0,1
BRDA:32,1,0,0
BRDA:45,2,0,1
BRF:3
BRH:2
end_of_record
TN:
SF:src\src\constants.ts
FN:1,(anonymous_0)
FNF:1
FNH:1
FNDA:1,(anonymous_0)
DA:1,1
DA:2,1
DA:3,1
DA:4,1
DA:5,1
DA:6,1
DA:7,1
DA:8,1
DA:9,1
DA:10,1
DA:11,1
DA:12,1
DA:13,1
DA:14,1
DA:15,1
DA:16,1
DA:17,1
DA:18,1
DA:19,1
DA:20,1
DA:21,1
DA:25,1
LF:22
LH:22
BRDA:1,0,0,1
BRDA:1,0,1,1
BRF:2
BRH:2
end_of_record
TN:
SF:src\src\database.ts
FN:26,(anonymous_7)
FN:33,(anonymous_8)
FN:60,(anonymous_10)
FN:73,(anonymous_12)
FN:85,(anonymous_13)
FN:108,(anonymous_14)
FN:112,(anonymous_15)
FN:116,(anonymous_16)
FN:120,(anonymous_17)
FN:124,(anonymous_18)
FNF:10
FNH:5
FNDA:2,(anonymous_7)
FNDA:2,(anonymous_8)
FNDA:0,(anonymous_10)
FNDA:4,(anonymous_12)
FNDA:2,(anonymous_13)
FNDA:0,(anonymous_14)
FNDA:0,(anonymous_15)
FNDA:0,(anonymous_16)
FNDA:0,(anonymous_17)
FNDA:1,(anonymous_18)
DA:1,2
DA:2,2
DA:3,2
DA:17,2
DA:27,2
DA:28,2
DA:29,2
DA:30,2
DA:34,2
DA:35,0
DA:36,0
DA:39,2
DA:40,2
DA:42,2
DA:44,2
DA:46,2
DA:54,2
DA:55,2
DA:57,2
DA:61,0
DA:62,0
DA:63,0
DA:74,4
DA:75,0
DA:78,4
DA:86,2
DA:87,2
DA:88,1
DA:91,2
DA:92,1
DA:95,1
DA:96,1
DA:97,1
DA:99,1
DA:100,1
DA:101,1
DA:102,1
DA:103,1
DA:105,0
DA:109,0
DA:113,0
DA:117,0
DA:121,0
DA:125,1
DA:129,2
DA:131,2
LF:46
LH:35
BRDA:27,0,0,2
BRDA:27,0,1,1
BRDA:28,1,0,2
BRDA:28,1,1,1
BRDA:29,2,0,2
BRDA:29,2,1,1
BRDA:30,3,0,2
BRDA:30,3,1,1
BRDA:34,4,0,0
BRDA:61,5,0,0
BRDA:74,6,0,0
BRDA:87,7,0,1
BRDA:87,8,0,2
BRDA:87,8,1,2
BRDA:91,9,0,1
BRDA:91,10,0,2
BRDA:91,10,1,2
BRDA:91,10,2,1
BRDA:95,11,0,1
BRDA:99,12,0,1
BRDA:99,12,1,0
BRDA:100,13,0,1
BRDA:100,13,1,0
BRDA:101,14,0,1
BRDA:101,14,1,0
BRDA:102,15,0,1
BRDA:102,15,1,0
BRDA:125,16,0,1
BRDA:125,16,1,0
BRF:29
BRH:21
end_of_record
TN:
SF:src\src\inversify.ts
FNF:0
FNH:0
DA:1,1
DA:2,1
DA:3,1
DA:4,1
DA:5,1
DA:7,1
DA:8,1
DA:9,1
DA:11,1
DA:12,1
DA:13,1
DA:14,1
DA:16,1
DA:17,1
DA:18,1
DA:20,1
LF:16
LH:16
BRF:0
BRH:0
end_of_record
TN:
SF:src\src\logger.ts
FN:10,(anonymous_0)
FNF:1
FNH:1
FNDA:21,(anonymous_0)
DA:1,2
DA:3,2
DA:5,2
DA:7,2
DA:8,2
DA:10,2
DA:11,21
DA:14,2
DA:20,2
DA:21,2
DA:22,2
DA:25,2
LF:12
LH:12
BRDA:15,0,0,2
BRDA:15,0,1,2
BRDA:20,1,0,2
BRF:3
BRH:3
end_of_record
TN:
SF:src\src\routes.ts
FN:16,default_1
FNF:1
FNH:1
FNDA:1,default_1
DA:3,1
DA:4,1
DA:5,1
DA:6,1
DA:7,1
DA:8,1
DA:9,1
DA:11,1
DA:16,1
DA:18,1
DA:19,1
DA:23,1
DA:26,1
DA:27,1
DA:28,1
DA:29,1
DA:30,1
DA:31,1
DA:32,1
DA:35,1
DA:36,1
DA:37,1
DA:38,1
DA:39,1
LF:24
LH:24
BRF:0
BRH:0
end_of_record
TN:
SF:src\src\server.ts
FN:13,(anonymous_0)
FNF:1
FNH:0
FNDA:0,(anonymous_0)
DA:1,1
DA:2,1
DA:3,1
DA:5,1
DA:7,1
DA:12,1
DA:13,1
DA:14,0
DA:15,0
DA:16,0
DA:19,1
LF:11
LH:8
BRDA:12,0,0,1
BRDA:12,0,1,1
BRF:2
BRH:2
end_of_record
TN:
SF:src\src\types.ts
FNF:0
FNH:0
DA:5,1
LF:1
LH:1
BRF:0
BRH:0
end_of_record
TN:
SF:src\src\controllers\task.controller.ts
FN:20,(anonymous_9)
FN:24,(anonymous_10)
FN:42,(anonymous_12)
FN:57,(anonymous_14)
FN:66,(anonymous_16)
FN:80,(anonymous_18)
FNF:6
FNH:1
FNDA:1,(anonymous_9)
FNDA:0,(anonymous_10)
FNDA:0,(anonymous_12)
FNDA:0,(anonymous_14)
FNDA:0,(anonymous_16)
FNDA:0,(anonymous_18)
DA:1,1
DA:3,1
DA:6,1
DA:8,1
DA:9,1
DA:10,1
DA:13,1
DA:14,1
DA:16,1
DA:21,1
DA:26,0
DA:27,0
DA:38,0
DA:39,0
DA:43,0
DA:44,0
DA:47,0
DA:48,0
DA:58,0
DA:59,0
DA:60,0
DA:61,0
DA:63,0
DA:68,0
DA:69,0
DA:70,0
DA:71,0
DA:72,0
DA:73,0
DA:81,0
DA:82,0
DA:84,0
DA:85,0
LF:33
LH:10
BRDA:30,0,0,0
BRDA:30,0,1,0
BRDA:33,1,0,0
BRDA:33,1,1,0
BRDA:43,2,0,0
BRDA:59,3,0,0
BRDA:59,3,1,0
BRDA:59,4,0,0
BRDA:59,4,1,0
BRDA:59,4,2,0
BRDA:69,5,0,0
BRDA:69,5,1,0
BRDA:69,6,0,0
BRDA:69,6,1,0
BRDA:69,6,2,0
BRDA:81,7,0,0
BRF:16
BRH:0
end_of_record
TN:
SF:src\src\controllers\user.controller.ts
FN:14,(anonymous_9)
FN:28,(anonymous_10)
FN:32,(anonymous_11)
FN:47,(anonymous_13)
FN:63,(anonymous_15)
FN:99,(anonymous_17)
FN:125,(anonymous_19)
FN:144,(anonymous_21)
FN:148,(anonymous_23)
FN:152,(anonymous_25)
FN:169,(anonymous_27)
FN:178,(anonymous_29)
FN:189,(anonymous_31)
FNF:13
FNH:2
FNDA:1,(anonymous_9)
FNDA:1,(anonymous_10)
FNDA:0,(anonymous_11)
FNDA:0,(anonymous_13)
FNDA:0,(anonymous_15)
FNDA:0,(anonymous_17)
FNDA:0,(anonymous_19)
FNDA:0,(anonymous_21)
FNDA:0,(anonymous_23)
FNDA:0,(anonymous_25)
FNDA:0,(anonymous_27)
FNDA:0,(anonymous_29)
FNDA:0,(anonymous_31)
DA:1,1
DA:3,1
DA:4,1
DA:5,1
DA:6,1
DA:9,1
DA:11,1
DA:14,1
DA:15,1
DA:16,1
DA:17,1
DA:21,1
DA:22,1
DA:24,1
DA:29,1
DA:33,0
DA:34,0
DA:36,0
DA:43,0
DA:44,0
DA:48,0
DA:49,0
DA:52,0
DA:53,0
DA:65,0
DA:66,0
DA:69,0
DA:70,0
DA:73,0
DA:74,0
DA:77,0
DA:78,0
DA:81,0
DA:82,0
DA:85,0
DA:91,0
DA:92,0
DA:93,0
DA:100,0
DA:101,0
DA:104,0
DA:105,0
DA:108,0
DA:109,0
DA:112,0
DA:117,0
DA:119,0
DA:126,0
DA:127,0
DA:130,0
DA:131,0
DA:134,0
DA:139,0
DA:141,0
DA:145,0
DA:149,0
DA:153,0
DA:154,0
DA:157,0
DA:158,0
DA:161,0
DA:165,0
DA:166,0
DA:171,0
DA:172,0
DA:173,0
DA:175,0
DA:179,0
DA:180,0
DA:182,0
DA:185,0
DA:186,0
DA:191,0
DA:192,0
DA:194,0
DA:198,0
DA:199,0
LF:77
LH:15
BRDA:14,0,0,1
BRDA:14,0,1,1
BRDA:33,1,0,0
BRDA:33,1,1,0
BRDA:34,2,0,0
BRDA:34,2,1,0
BRDA:48,3,0,0
BRDA:65,4,0,0
BRDA:69,5,0,0
BRDA:73,6,0,0
BRDA:77,7,0,0
BRDA:81,8,0,0
BRDA:100,9,0,0
BRDA:104,10,0,0
BRDA:108,11,0,0
BRDA:126,12,0,0
BRDA:130,13,0,0
BRDA:153,14,0,0
BRDA:157,15,0,0
BRDA:171,16,0,0
BRDA:171,16,1,0
BRDA:171,16,2,0
BRDA:172,17,0,0
BRDA:179,18,0,0
BRDA:191,19,0,0
BRF:25
BRH:2
end_of_record
TN:
SF:src\src\dto\model\task.model.ts
FNF:0
FNH:0
DA:3,1
DA:16,1
LF:2
LH:2
BRF:0
BRH:0
end_of_record
TN:
SF:src\src\errors\app.errors.ts
FN:6,(anonymous_0)
FN:14,(anonymous_1)
FN:20,(anonymous_2)
FN:26,(anonymous_3)
FN:32,(anonymous_4)
FN:38,(anonymous_5)
FN:44,(anonymous_6)
FN:50,(anonymous_7)
FN:56,(anonymous_8)
FN:66,(anonymous_9)
FN:72,(anonymous_10)
FNF:11
FNH:2
FNDA:7,(anonymous_0)
FNDA:0,(anonymous_1)
FNDA:0,(anonymous_2)
FNDA:0,(anonymous_3)
FNDA:7,(anonymous_4)
FNDA:0,(anonymous_5)
FNDA:0,(anonymous_6)
FNDA:0,(anonymous_7)
FNDA:0,(anonymous_8)
FNDA:0,(anonymous_9)
FNDA:0,(anonymous_10)
DA:1,1
DA:3,1
DA:4,7
DA:7,7
DA:8,7
DA:9,7
DA:13,1
DA:15,0
DA:19,1
DA:21,0
DA:25,1
DA:27,0
DA:31,1
DA:33,7
DA:37,1
DA:39,0
DA:43,1
DA:45,0
DA:49,1
DA:51,0
DA:55,1
DA:57,0
DA:58,0
DA:60,0
DA:65,1
DA:67,0
DA:71,1
DA:73,0
LF:28
LH:17
BRDA:57,0,0,0
BRDA:57,0,1,0
BRF:2
BRH:0
end_of_record
TN:
SF:src\src\errors\error.handler.ts
FN:6,default_1
FN:13,(anonymous_1)
FN:18,(anonymous_2)
FN:32,(anonymous_3)
FN:56,onError
FNF:5
FNH:3
FNDA:1,default_1
FNDA:7,(anonymous_1)
FNDA:7,(anonymous_2)
FNDA:0,(anonymous_3)
FNDA:0,onError
DA:2,1
DA:3,1
DA:4,1
DA:6,1
DA:13,1
DA:14,7
DA:18,1
DA:19,7
DA:20,7
DA:21,7
DA:22,7
DA:24,0
DA:28,0
DA:32,1
DA:33,0
DA:35,0
DA:36,0
DA:37,0
DA:39,0
DA:42,0
DA:43,0
DA:46,0
DA:47,0
DA:48,0
DA:49,0
DA:52,0
DA:56,1
DA:57,0
DA:58,0
LF:29
LH:13
BRDA:19,0,0,7
BRDA:20,1,0,7
BRDA:20,1,1,0
BRDA:35,2,0,0
BRDA:35,2,1,0
BRDA:36,3,0,0
BRDA:36,3,1,0
BRDA:42,4,0,0
BRDA:46,5,0,0
BRDA:46,5,1,0
BRDA:48,6,0,0
BRF:11
BRH:2
end_of_record
TN:
SF:src\src\repositories\repository.ts
FN:104,(anonymous_11)
FN:108,(anonymous_12)
FN:115,(anonymous_14)
FN:135,(anonymous_16)
FN:146,(anonymous_18)
FN:150,(anonymous_19)
FN:154,(anonymous_21)
FN:158,(anonymous_23)
FN:162,(anonymous_25)
FN:171,(anonymous_26)
FN:180,(anonymous_28)
FN:184,(anonymous_30)
FN:193,(anonymous_31)
FNF:13
FNH:4
FNDA:3,(anonymous_11)
FNDA:0,(anonymous_12)
FNDA:0,(anonymous_14)
FNDA:1,(anonymous_16)
FNDA:0,(anonymous_18)
FNDA:0,(anonymous_19)
FNDA:0,(anonymous_21)
FNDA:0,(anonymous_23)
FNDA:0,(anonymous_25)
FNDA:8,(anonymous_26)
FNDA:0,(anonymous_28)
FNDA:0,(anonymous_30)
FNDA:1,(anonymous_31)
DA:1,1
DA:3,1
DA:4,1
DA:100,1
DA:105,3
DA:109,0
DA:110,0
DA:111,0
DA:112,0
DA:116,0
DA:117,0
DA:119,0
DA:120,0
DA:123,0
DA:124,0
DA:125,0
DA:128,0
DA:130,0
DA:132,0
DA:136,1
DA:137,0
DA:140,1
DA:141,1
DA:143,1
DA:147,0
DA:151,0
DA:155,0
DA:159,0
DA:161,0
DA:162,0
DA:164,0
DA:167,0
DA:168,0
DA:172,8
DA:173,8
DA:174,8
DA:176,0
DA:181,0
DA:183,0
DA:184,0
DA:186,0
DA:189,0
DA:190,0
DA:194,1
LF:44
LH:13
BRDA:108,0,0,0
BRDA:115,1,0,0
BRDA:115,2,0,0
BRDA:115,3,0,0
BRDA:119,4,0,0
BRDA:123,5,0,0
BRDA:136,6,0,0
BRDA:161,7,0,0
BRDA:161,7,1,0
BRDA:173,8,0,8
BRDA:173,8,1,0
BRDA:183,9,0,0
BRDA:183,9,1,0
BRF:13
BRH:1
end_of_record
TN:
SF:src\src\repositories\task.repository.ts
FN:37,(anonymous_9)
FN:43,(anonymous_10)
FNF:2
FNH:1
FNDA:1,(anonymous_9)
FNDA:0,(anonymous_10)
DA:1,1
DA:3,1
DA:4,1
DA:35,1
DA:39,1
DA:40,1
DA:44,0
LF:7
LH:6
BRF:0
BRH:0
end_of_record
TN:
SF:src\src\repositories\user.repository.ts
FN:39,(anonymous_9)
FN:43,(anonymous_10)
FN:52,(anonymous_12)
FNF:3
FNH:1
FNDA:1,(anonymous_9)
FNDA:0,(anonymous_10)
FNDA:0,(anonymous_12)
DA:1,1
DA:3,1
DA:38,1
DA:40,1
DA:44,0
DA:45,0
DA:46,0
DA:49,0
DA:53,0
DA:54,0
DA:55,0
DA:58,0
LF:12
LH:4
BRDA:45,0,0,0
BRDA:54,1,0,0
BRF:2
BRH:0
end_of_record
TN:
SF:src\src\services\task.service.ts
FN:36,(anonymous_10)
FN:42,(anonymous_12)
FN:49,(anonymous_14)
FN:55,(anonymous_16)
FN:60,(anonymous_18)
FNF:5
FNH:0
FNDA:0,(anonymous_10)
FNDA:0,(anonymous_12)
FNDA:0,(anonymous_14)
FNDA:0,(anonymous_16)
FNDA:0,(anonymous_18)
DA:1,1
DA:2,1
DA:6,1
DA:32,1
DA:34,1
DA:39,0
DA:44,0
DA:45,0
DA:46,0
DA:50,0
DA:51,0
DA:56,0
DA:61,0
LF:13
LH:5
BRF:0
BRH:0
end_of_record
TN:
SF:src\src\services\user.service.ts
FN:52,(anonymous_9)
FN:60,(anonymous_11)
FN:79,(anonymous_12)
FN:83,(anonymous_13)
FN:91,(anonymous_15)
FN:97,(anonymous_17)
FN:112,(anonymous_19)
FN:113,(anonymous_21)
FN:114,(anonymous_22)
FN:123,(anonymous_23)
FN:127,(anonymous_24)
FN:131,(anonymous_25)
FN:137,(anonymous_26)
FN:145,(anonymous_28)
FN:153,(anonymous_30)
FN:160,(anonymous_32)
FN:170,(anonymous_33)
FN:198,(anonymous_35)
FN:207,(anonymous_37)
FN:209,(anonymous_38)
FN:226,(anonymous_40)
FNF:21
FNH:0
FNDA:0,(anonymous_9)
FNDA:0,(anonymous_11)
FNDA:0,(anonymous_12)
FNDA:0,(anonymous_13)
FNDA:0,(anonymous_15)
FNDA:0,(anonymous_17)
FNDA:0,(anonymous_19)
FNDA:0,(anonymous_21)
FNDA:0,(anonymous_22)
FNDA:0,(anonymous_23)
FNDA:0,(anonymous_24)
FNDA:0,(anonymous_25)
FNDA:0,(anonymous_26)
FNDA:0,(anonymous_28)
FNDA:0,(anonymous_30)
FNDA:0,(anonymous_32)
FNDA:0,(anonymous_33)
FNDA:0,(anonymous_35)
FNDA:0,(anonymous_37)
FNDA:0,(anonymous_38)
FNDA:0,(anonymous_40)
DA:1,1
DA:2,1
DA:3,1
DA:5,1
DA:6,1
DA:8,1
DA:9,1
DA:10,1
DA:12,1
DA:49,1
DA:50,1
DA:53,0
DA:54,0
DA:56,0
DA:60,0
DA:61,0
DA:62,0
DA:65,0
DA:66,0
DA:70,0
DA:72,0
DA:79,0
DA:85,0
DA:86,0
DA:88,0
DA:92,0
DA:94,0
DA:98,0
DA:100,0
DA:101,0
DA:102,0
DA:104,0
DA:105,0
DA:108,0
DA:113,0
DA:114,0
DA:115,0
DA:116,0
DA:118,0
DA:124,0
DA:128,0
DA:132,0
DA:133,0
DA:134,0
DA:138,0
DA:139,0
DA:141,0
DA:142,0
DA:146,0
DA:148,0
DA:150,0
DA:154,0
DA:155,0
DA:156,0
DA:157,0
DA:161,0
DA:163,0
DA:164,0
DA:165,0
DA:167,0
DA:171,0
DA:172,0
DA:173,0
DA:174,0
DA:175,0
DA:176,0
DA:178,0
DA:179,0
DA:180,0
DA:182,0
DA:190,0
DA:191,0
DA:195,0
DA:199,0
DA:200,0
DA:201,0
DA:202,0
DA:204,0
DA:205,0
DA:206,0
DA:207,0
DA:210,0
DA:211,0
DA:212,0
DA:213,0
DA:215,0
DA:216,0
DA:217,0
DA:218,0
DA:220,0
DA:227,0
DA:229,0
DA:230,0
DA:232,0
DA:233,0
DA:235,0
LF:96
LH:11
BRDA:61,0,0,0
BRDA:65,1,0,0
BRDA:85,2,0,0
BRDA:85,2,1,0
BRDA:100,3,0,0
BRDA:104,4,0,0
BRDA:115,5,0,0
BRDA:134,6,0,0
BRDA:134,6,1,0
BRDA:138,7,0,0
BRDA:175,8,0,0
BRDA:175,9,0,0
BRDA:175,9,1,0
BRDA:180,10,0,0
BRDA:180,11,0,0
BRDA:180,11,1,0
BRDA:201,12,0,0
BRDA:201,13,0,0
BRDA:201,13,1,0
BRDA:212,14,0,0
BRDA:212,15,0,0
BRDA:212,15,1,0
BRDA:216,16,0,0
BRDA:216,16,1,0
BRDA:229,17,0,0
BRDA:229,18,0,0
BRDA:229,18,1,0
BRF:27
BRH:0
end_of_record
TN:
SF:src\src\utils\asyncWrapper.ts
FN:12,asyncWrap
FN:13,(anonymous_8)
FN:17,(anonymous_9)
FNF:3
FNH:3
FNDA:12,asyncWrap
FNDA:1,(anonymous_8)
FNDA:1,(anonymous_9)
DA:6,1
DA:7,1
DA:8,1
DA:9,1
DA:10,1
DA:12,1
DA:13,12
DA:17,1
DA:18,1
DA:19,1
DA:21,1
DA:23,1
DA:24,1
DA:26,0
DA:27,0
DA:29,0
DA:30,0
DA:31,0
DA:33,0
DA:34,0
DA:35,0
DA:37,0
DA:39,0
DA:42,0
DA:44,0
LF:25
LH:13
BRDA:19,0,0,1
BRDA:21,1,0,1
BRDA:21,1,1,1
BRDA:21,1,2,1
BRDA:23,2,0,1
BRDA:30,3,0,0
BRDA:30,4,0,0
BRDA:30,4,1,0
BRDA:34,5,0,0
BRDA:35,6,0,0
BRF:10
BRH:5
end_of_record
TN:
SF:src\src\utils\mail.ts
FN:16,sendMail
FNF:1
FNH:0
FNDA:0,sendMail
DA:1,1
DA:3,1
DA:4,1
DA:6,1
DA:16,1
DA:17,0
DA:18,0
DA:35,0
DA:37,0
LF:9
LH:5
BRF:0
BRH:0
end_of_record
TN:
SF:src\src\utils\pagination.ts
FN:9,paginate
FNF:1
FNH:0
FNDA:0,paginate
DA:9,1
DA:10,0
LF:2
LH:1
BRDA:14,0,0,0
BRDA:14,0,1,0
BRDA:15,1,0,0
BRDA:15,1,1,0
BRF:4
BRH:0
end_of_record
TN:
SF:src\src\utils\utils.ts
FN:10,getValidObjectId
FN:22,getUnAuthorizedRoutes
FN:29,getValidateRoutes
FN:37,getOTPConfig
FN:49,getMailConfig
FN:61,response
FNF:6
FNH:3
FNDA:0,getValidObjectId
FNDA:1,getUnAuthorizedRoutes
FNDA:0,getValidateRoutes
FNDA:0,getOTPConfig
FNDA:1,getMailConfig
FNDA:1,response
DA:1,1
DA:2,1
DA:3,1
DA:4,1
DA:7,1
DA:8,1
DA:10,1
DA:11,0
DA:12,0
DA:15,0
DA:16,0
DA:19,0
DA:22,1
DA:23,1
DA:29,1
DA:30,0
DA:37,1
DA:38,0
DA:49,1
DA:50,1
DA:61,1
DA:62,1
DA:67,1
LF:23
LH:16
BRDA:11,0,0,0
BRDA:15,1,0,0
BRF:2
BRH:0
end_of_record
TN:
SF:src\src\utils\validators.ts
FN:23,validatePayload
FN:46,fromAJVErrorsToIErrors
FN:47,(anonymous_2)
FNF:3
FNH:0
FNDA:0,validatePayload
FNDA:0,fromAJVErrorsToIErrors
FNDA:0,(anonymous_2)
DA:3,1
DA:6,1
DA:7,1
DA:10,1
DA:11,1
DA:20,1
DA:23,1
DA:24,0
DA:25,0
DA:26,0
DA:27,0
DA:28,0
DA:29,0
DA:31,0
DA:37,0
DA:47,0
DA:48,0
DA:49,0
DA:50,0
DA:51,0
DA:53,0
LF:21
LH:7
BRDA:28,0,0,0
BRDA:29,1,0,0
BRDA:48,2,0,0
BRDA:48,2,1,0
BRDA:48,2,2,0
BRDA:48,2,3,0
BRDA:48,2,4,0
BRDA:48,2,5,0
BRDA:48,2,6,0
BRDA:49,3,0,0
BRDA:49,3,1,0
BRDA:49,4,0,0
BRDA:49,4,1,0
BRDA:50,5,0,0
BRF:14
BRH:0
end_of_record
TN:
SF:src\test\index.ts
FN:15,clearDatabase
FN:19,clearDatabaseIndices
FN:23,(anonymous_11)
FN:23,(anonymous_12)
FN:31,(anonymous_13)
FN:31,(anonymous_14)
FN:36,(anonymous_15)
FN:46,createUser
FN:55,createNUsers
FNF:9
FNH:8
FNDA:8,clearDatabase
FNDA:1,clearDatabaseIndices
FNDA:8,(anonymous_11)
FNDA:8,(anonymous_12)
FNDA:1,(anonymous_13)
FNDA:1,(anonymous_14)
FNDA:1,(anonymous_15)
FNDA:1,createUser
FNDA:0,createNUsers
DA:1,1
DA:2,1
DA:3,1
DA:5,1
DA:6,1
DA:8,1
DA:9,0
DA:10,0
DA:16,8
DA:20,1
DA:23,8
DA:24,8
DA:25,8
DA:27,0
DA:31,1
DA:32,1
DA:33,1
DA:36,1
DA:38,1
DA:40,1
DA:42,0
DA:46,1
DA:47,1
DA:48,1
DA:51,1
DA:52,1
DA:55,1
DA:56,0
DA:57,0
DA:58,0
DA:59,0
DA:60,0
LF:32
LH:23
BRDA:8,0,0,0
BRDA:46,1,0,1
BRDA:47,2,0,0
BRDA:47,2,1,1
BRDA:47,3,0,1
BRDA:47,3,1,1
BRDA:48,4,0,0
BRDA:48,4,1,1
BRDA:48,5,0,1
BRDA:48,5,1,1
BRF:10
BRH:7
end_of_record
